================================================================
== Design Size Report
================================================================

* Total Instructions per Compilation Phase
+---------------+-----------------------------+--------------+----------------------------------------------------------------------------------------+
| Phase         | Step                        | Instructions | Description                                                                            |
+---------------+-----------------------------+--------------+----------------------------------------------------------------------------------------+
| Compile/Link  |                             |   3,711      | After all functions are compiled and linked into a single design                       |
|               |                             |              |                                                                                        |
| Unroll/Inline |                             |              | After user unroll and inline pragmas are applied                                       |
|               | (1) unroll                  | 352,561 *    | user unroll pragmas are applied                                                        |
|               | (2) simplification          | 118,676 *    | simplification of applied user unroll pragmas                                          |
|               | (3) inline                  | 118,569 *    | user inline pragmas are applied                                                        |
|               | (4) simplification          | 117,661 *    | simplification of applied user inline pragmas                                          |
|               |                             |              |                                                                                        |
| Array/Struct  |                             |              | After user array partition and struct aggregate/disaggregate pragmas are applied       |
|               | (1) array partition         |  96,369      | user array partition pragmas are applied                                               |
|               | (2) simplification          |  78,631      | simplification of applied user array partition & struct aggregate/disaggregate pragmas |
|               | (3) aggregate/disaggregate  |  78,614      | user struct aggregate/disaggregate pragmas are applied                                 |
|               | (4) array reshape           |  79,424      | apply array reshape pragmas                                                            |
|               | (5) access patterns         |  88,938      | array access pattern optmizations                                                      |
|               |                             |              |                                                                                        |
| Performance   |                             |              | After transformations are applied to meet performance pragma targets                   |
|               | (1) loop simplification     |  77,045      | loop and instruction simplification                                                    |
|               | (2) parallelization         |  76,950      | loops are unrolled or pipelined to meet performance targets                            |
|               | (3) array partition         |  76,942      | arrays are partitioned to meet performance targets                                     |
|               | (4) simplification          |  76,942      | simplification of design after performance transformations                             |
|               |                             |              |                                                                                        |
| HW Transforms |                             |              | After hardware transfomations                                                          |
|               | (1) lowering                |  76,799      | initial conversion to HW specific instructions                                         |
|               | (2) optimizations           |  76,867      | high level synthesis optimizations                                                     |
+---------------+-----------------------------+--------------+----------------------------------------------------------------------------------------+
    * - Exceeded design size warning message threshold

* Instructions per Function for each Compilation Phase
+----------------------------------------+-----------------------------+----------------+---------------+--------------+-------------+---------------+
| Function                               | Location                    | Compile/Link   | Unroll/Inline | Array/Struct | Performance | HW Transforms |
+----------------------------------------+-----------------------------+----------------+---------------+--------------+-------------+---------------+
| + myproject                            | myproject.cpp:6             | 3,711          | 117,661 *     | 88,938       | 76,942      | 76,867        |
|  + conv_2d_cl<nnet::array<ap_fi...     | nnet_conv2d_stream.h:66     |  847           | 17,231        | 10,916       | 10,905      | 10,877        |
|   + conv_2d_buffer_latency_cl<nn...    | nnet_conv2d_stream.h:13     |  844           |               |              |             |               |
|    + compute_output_buffer_2d<nne...   | nnet_conv_stream.h:256      |  787           |               |              |             |               |
|     + shift_line_buffer<nnet::arra...  | nnet_conv_stream.h:220      |  157           |               |              |             |               |
|        operator[]                      | nnet_types.h:19             |    3           |               |              |             |               |
|        kernel_shift_2d<nnet::array<... | nnet_conv_stream.h:186      |   75           |               |              |             |               |
|     + dense_latency<ap_fixed<16, 6...  | nnet_dense_latency.h:13     |  528           |               |              |             |               |
|        product                         | nnet_mult.h:70              |  137           |               |              |             |               |
|        cast<ap_fixed<16, 6, AP_TRN,... | nnet_mult.h:110             |    3           |               |              |             |               |
|       operator[]                       | nnet_types.h:17             |    3           |               |              |             |               |
|   + compute_output_buffer_2d<nne...    | nnet_conv_stream.h:256      |                | 17,206        | 10,890       | 10,861      | 10,831        |
|      shift_line_buffer<nnet::arra...   | nnet_conv_stream.h:220      |                |     91        |   118        |   109       |   102         |
|      dense_latency<ap_fixed<16, 6...   | nnet_dense_latency.h:13     |                | 17,002        | 10,522       | 10,502      | 10,503        |
|  + relu<nnet::array<ap_fixed<16...     | nnet_activation_stream.h:39 |  215           |    150        |   350        |   350       |   307         |
|     operator[]                         | nnet_types.h:17             |   12 (4 calls) |               |              |             |               |
|  + conv_2d_cl<nnet::array<ap_fi...     | nnet_conv2d_stream.h:66     |  710           | 42,932        | 27,106       | 27,026      | 26,994        |
|   + conv_2d_buffer_latency_cl<nn...    | nnet_conv2d_stream.h:13     |  707           |               |              |             |               |
|    + compute_output_buffer_1d<nne...   | nnet_conv_stream.h:334      |  650           |               |              |             |               |
|     + kernel_shift_1d<nnet::array<...  | nnet_conv_stream.h:159      |   49           |               |              |             |               |
|        operator[]                      | nnet_types.h:19             |    3           |               |              |             |               |
|     + dense_latency<ap_fixed<16, 6...  | nnet_dense_latency.h:13     |  528           |               |              |             |               |
|        product                         | nnet_mult.h:70              |  137           |               |              |             |               |
|        cast<ap_fixed<16, 6, AP_TRN,... | nnet_mult.h:110             |    3           |               |              |             |               |
|       operator[]                       | nnet_types.h:17             |    3           |               |              |             |               |
|     dense_latency<ap_fixed<16, 6...    | nnet_dense_latency.h:13     |                | 42,462        | 26,422       |             |               |
|  + relu<nnet::array<ap_fixed<16...     | nnet_activation_stream.h:39 |  215           |     80        |   180        |   180       |   157         |
|     operator[]                         | nnet_types.h:17             |   12 (4 calls) |               |              |             |               |
|  + dense<nnet::array<ap_fixed<1...     | nnet_dense_stream.h:82      |  696           | 57,180        | 50,315       | 38,412      | 38,399        |
|   + data_prepare<nnet::array<ap_...    | nnet_dense_stream.h:28      |   75           |               |              |             |               |
|      operator[]                        | nnet_types.h:17             |    6 (2 calls) |               |              |             |               |
|   + dense_latency_wrapper<ap_fix...    | nnet_dense_stream.h:13      |  530           | 57,121        | 35,703       | 33,321      | 33,322        |
|    + dense_latency<ap_fixed<16, 6...   | nnet_dense_latency.h:13     |  528           | 57,119        | 35,701       |             |               |
|       product                          | nnet_mult.h:70              |  137           |               |              |             |               |
|       cast<ap_fixed<16, 6, AP_TRN,...  | nnet_mult.h:110             |    3           |               |              |             |               |
|   + res_write<nnet::array<ap_fix...    | nnet_dense_stream.h:53      |   71           |               |              |             |               |
|      operator[]                        | nnet_types.h:17             |    6 (2 calls) |               |              |             |               |
|  + sigmoid<nnet::array<ap_fixed...     | nnet_activation_stream.h:65 |  948           |     33        |    38        |    36       |    33         |
|   + init_sigmoid_table<sigmoid_c...    | nnet_activation.h:81        |  431           |               |              |             |               |
|      sigmoid_fcn_float                 | nnet_activation.h:79        |    9           |               |              |             |               |
|     operator[]                         | nnet_types.h:17             |    6 (2 calls) |               |              |             |               |
+----------------------------------------+-----------------------------+----------------+---------------+--------------+-------------+---------------+
    * - Exceeded design size warning message threshold

* Design Size Message Settings
+---------------------------------------------+--------+------------------------------------------------------------------+
| Message Setting                             | Value  | Description                                                      |
+---------------------------------------------+--------+------------------------------------------------------------------+
| config_compile -design_size_maximum_warning | 100000 | Show a warning when total design instructions exceeds this value |
+---------------------------------------------+--------+------------------------------------------------------------------+


