

================================================================
== Vitis HLS Report for 'myproject'
================================================================
* Date:           Sat Oct  4 21:50:15 2025

* Version:        2023.2 (Build 4023990 on Oct 11 2023)
* Project:        myproject_prj
* Solution:       solution1 (Vivado IP Flow Target)
* Product family: kintexuplus
* Target device:  xcku5p-ffvb676-2-e


================================================================
== Performance Estimates
================================================================
+ Timing: 
    * Summary: 
    +--------+---------+----------+------------+
    |  Clock |  Target | Estimated| Uncertainty|
    +--------+---------+----------+------------+
    |ap_clk  |  5.00 ns|  3.922 ns|     0.62 ns|
    +--------+---------+----------+------------+

+ Latency: 
    * Summary: 
    +---------+---------+-----------+-----------+------+------+----------+
    |  Latency (cycles) |   Latency (absolute)  |   Interval  | Pipeline |
    |   min   |   max   |    min    |    max    |  min |  max |   Type   |
    +---------+---------+-----------+-----------+------+------+----------+
    |     4420|     4449|  22.100 us|  22.245 us|  3459|  4447|  dataflow|
    +---------+---------+-----------+-----------+------+------+----------+

    + Detail: 
        * Instance: 
        +------------------------------------------------------------------------+-----------------------------------------------------------------------+---------+---------+-----------+-----------+------+------+---------+
        |                                                                        |                                                                       |  Latency (cycles) |   Latency (absolute)  |   Interval  | Pipeline|
        |                                Instance                                |                                 Module                                |   min   |   max   |    min    |    max    |  min |  max |   Type  |
        +------------------------------------------------------------------------+-----------------------------------------------------------------------+---------+---------+-----------+-----------+------+------+---------+
        |conv_2d_cl_array_ap_fixed_1u_array_ap_fixed_16_6_5_3_0_20u_config2_U0   |conv_2d_cl_array_ap_fixed_1u_array_ap_fixed_16_6_5_3_0_20u_config2_s   |     2049|     2049|  10.245 us|  10.245 us|  2049|  2049|       no|
        |relu_array_ap_fixed_20u_array_ap_fixed_16_6_5_3_0_20u_relu_config3_U0   |relu_array_ap_fixed_20u_array_ap_fixed_16_6_5_3_0_20u_relu_config3_s   |      250|      250|   1.250 us|   1.250 us|   250|   250|       no|
        |conv_2d_cl_array_ap_fixed_20u_array_ap_fixed_16_6_5_3_0_10u_config4_U0  |conv_2d_cl_array_ap_fixed_20u_array_ap_fixed_16_6_5_3_0_10u_config4_s  |     3458|     4446|  17.290 us|  22.230 us|  3458|  4446|       no|
        |relu_array_ap_fixed_10u_array_ap_fixed_16_6_5_3_0_10u_relu_config5_U0   |relu_array_ap_fixed_10u_array_ap_fixed_16_6_5_3_0_10u_relu_config5_s   |      241|      241|   1.205 us|   1.205 us|   241|   241|       no|
        |dense_array_ap_fixed_10u_array_ap_fixed_16_6_5_3_0_1u_config7_U0        |dense_array_ap_fixed_10u_array_ap_fixed_16_6_5_3_0_1u_config7_s        |      247|      247|   1.235 us|   1.235 us|   247|   247|       no|
        |sigmoid_array_array_ap_fixed_16_6_5_3_0_1u_sigmoid_config8_U0           |sigmoid_array_array_ap_fixed_16_6_5_3_0_1u_sigmoid_config8_s           |        3|        3|  15.000 ns|  15.000 ns|     3|     3|       no|
        +------------------------------------------------------------------------+-----------------------------------------------------------------------+---------+---------+-----------+-----------+------+------+---------+

        * Loop: 
        N/A



================================================================
== Utilization Estimates
================================================================
* Summary: 
+-----------------+---------+------+--------+--------+-----+
|       Name      | BRAM_18K|  DSP |   FF   |   LUT  | URAM|
+-----------------+---------+------+--------+--------+-----+
|DSP              |        -|     -|       -|       -|    -|
|Expression       |        -|     -|       0|       2|    -|
|FIFO             |       54|     -|     737|     297|    -|
|Instance         |        1|     -|    4318|    4020|    0|
|Memory           |        -|     -|       -|       -|    -|
|Multiplexer      |        -|     -|       -|       -|    -|
|Register         |        -|     -|       -|       -|    -|
+-----------------+---------+------+--------+--------+-----+
|Total            |       55|     0|    5055|    4319|    0|
+-----------------+---------+------+--------+--------+-----+
|Available        |      960|  1824|  433920|  216960|   64|
+-----------------+---------+------+--------+--------+-----+
|Utilization (%)  |        5|     0|       1|       1|    0|
+-----------------+---------+------+--------+--------+-----+

+ Detail: 
    * Instance: 
    +------------------------------------------------------------------------+-----------------------------------------------------------------------+---------+----+------+------+-----+
    |                                Instance                                |                                 Module                                | BRAM_18K| DSP|  FF  |  LUT | URAM|
    +------------------------------------------------------------------------+-----------------------------------------------------------------------+---------+----+------+------+-----+
    |CTRL_s_axi_U                                                            |CTRL_s_axi                                                             |        0|   0|    36|    40|    0|
    |conv_2d_cl_array_ap_fixed_1u_array_ap_fixed_16_6_5_3_0_20u_config2_U0   |conv_2d_cl_array_ap_fixed_1u_array_ap_fixed_16_6_5_3_0_20u_config2_s   |        0|   0|   146|   668|    0|
    |conv_2d_cl_array_ap_fixed_20u_array_ap_fixed_16_6_5_3_0_10u_config4_U0  |conv_2d_cl_array_ap_fixed_20u_array_ap_fixed_16_6_5_3_0_10u_config4_s  |        0|   0|  3618|  1600|    0|
    |dense_array_ap_fixed_10u_array_ap_fixed_16_6_5_3_0_1u_config7_U0        |dense_array_ap_fixed_10u_array_ap_fixed_16_6_5_3_0_1u_config7_s        |        0|   0|    21|   175|    0|
    |relu_array_ap_fixed_10u_array_ap_fixed_16_6_5_3_0_10u_relu_config5_U0   |relu_array_ap_fixed_10u_array_ap_fixed_16_6_5_3_0_10u_relu_config5_s   |        0|   0|   164|   479|    0|
    |relu_array_ap_fixed_20u_array_ap_fixed_16_6_5_3_0_20u_relu_config3_U0   |relu_array_ap_fixed_20u_array_ap_fixed_16_6_5_3_0_20u_relu_config3_s   |        0|   0|   314|   859|    0|
    |sigmoid_array_array_ap_fixed_16_6_5_3_0_1u_sigmoid_config8_U0           |sigmoid_array_array_ap_fixed_16_6_5_3_0_1u_sigmoid_config8_s           |        1|   0|    19|   199|    0|
    +------------------------------------------------------------------------+-----------------------------------------------------------------------+---------+----+------+------+-----+
    |Total                                                                   |                                                                       |        1|   0|  4318|  4020|    0|
    +------------------------------------------------------------------------+-----------------------------------------------------------------------+---------+----+------+------+-----+

    * DSP: 
    N/A

    * Memory: 
    N/A

    * FIFO: 
    +--------------+---------+-----+----+-----+------+-----+---------+
    |     Name     | BRAM_18K|  FF | LUT| URAM| Depth| Bits| Size:D*B|
    +--------------+---------+-----+----+-----+------+-----+---------+
    |layer2_out_U  |       18|  159|   0|    -|   247|  320|    79040|
    |layer3_out_U  |       18|  159|   0|    -|   247|  320|    79040|
    |layer4_out_U  |        9|  160|   0|    -|   238|  160|    38080|
    |layer5_out_U  |        9|  160|   0|    -|   238|  160|    38080|
    |layer7_out_U  |        0|   99|   0|    -|     1|   16|       16|
    +--------------+---------+-----+----+-----+------+-----+---------+
    |Total         |       54|  737|   0|    0|   971|  976|   234256|
    +--------------+---------+-----+----+-----+------+-----+---------+

    * Expression: 
    +--------------+----------+----+---+----+------------+------------+
    | Variable Name| Operation| DSP| FF| LUT| Bitwidth P0| Bitwidth P1|
    +--------------+----------+----+---+----+------------+------------+
    |ap_idle       |       and|   0|  0|   2|           1|           1|
    +--------------+----------+----+---+----+------------+------------+
    |Total         |          |   0|  0|   2|           1|           1|
    +--------------+----------+----+---+----+------------+------------+

    * Multiplexer: 
    N/A

    * Register: 
    N/A



================================================================
== Interface
================================================================
* Summary: 
+--------------------+-----+-----+------------+--------------+--------------+
|      RTL Ports     | Dir | Bits|  Protocol  | Source Object|    C Type    |
+--------------------+-----+-----+------------+--------------+--------------+
|s_axi_CTRL_AWVALID  |   in|    1|       s_axi|          CTRL|   return void|
|s_axi_CTRL_AWREADY  |  out|    1|       s_axi|          CTRL|   return void|
|s_axi_CTRL_AWADDR   |   in|    4|       s_axi|          CTRL|   return void|
|s_axi_CTRL_WVALID   |   in|    1|       s_axi|          CTRL|   return void|
|s_axi_CTRL_WREADY   |  out|    1|       s_axi|          CTRL|   return void|
|s_axi_CTRL_WDATA    |   in|   32|       s_axi|          CTRL|   return void|
|s_axi_CTRL_WSTRB    |   in|    4|       s_axi|          CTRL|   return void|
|s_axi_CTRL_ARVALID  |   in|    1|       s_axi|          CTRL|   return void|
|s_axi_CTRL_ARREADY  |  out|    1|       s_axi|          CTRL|   return void|
|s_axi_CTRL_ARADDR   |   in|    4|       s_axi|          CTRL|   return void|
|s_axi_CTRL_RVALID   |  out|    1|       s_axi|          CTRL|   return void|
|s_axi_CTRL_RREADY   |   in|    1|       s_axi|          CTRL|   return void|
|s_axi_CTRL_RDATA    |  out|   32|       s_axi|          CTRL|   return void|
|s_axi_CTRL_RRESP    |  out|    2|       s_axi|          CTRL|   return void|
|s_axi_CTRL_BVALID   |  out|    1|       s_axi|          CTRL|   return void|
|s_axi_CTRL_BREADY   |   in|    1|       s_axi|          CTRL|   return void|
|s_axi_CTRL_BRESP    |  out|    2|       s_axi|          CTRL|   return void|
|ap_clk              |   in|    1|  ap_ctrl_hs|     myproject|  return value|
|ap_rst_n            |   in|    1|  ap_ctrl_hs|     myproject|  return value|
|interrupt           |  out|    1|  ap_ctrl_hs|     myproject|  return value|
|input_1_TDATA       |   in|   16|        axis|       input_1|       pointer|
|input_1_TVALID      |   in|    1|        axis|       input_1|       pointer|
|input_1_TREADY      |  out|    1|        axis|       input_1|       pointer|
|layer8_out_TDATA    |  out|   16|        axis|    layer8_out|       pointer|
|layer8_out_TVALID   |  out|    1|        axis|    layer8_out|       pointer|
|layer8_out_TREADY   |   in|    1|        axis|    layer8_out|       pointer|
+--------------------+-----+-----+------------+--------------+--------------+

