

================================================================
== Vitis HLS Report for 'relu_array_ap_fixed_10u_array_ap_fixed_16_6_5_3_0_10u_relu_config5_s'
================================================================
* Date:           Sat Oct  4 16:25:51 2025

* Version:        2023.2 (Build 4023990 on Oct 11 2023)
* Project:        myproject_prj
* Solution:       solution1 (Vivado IP Flow Target)
* Product family: kintexuplus
* Target device:  xcku5p-ffvb676-2-e


================================================================
== Performance Estimates
================================================================
+ Timing: 
    * Summary: 
    +--------+---------+----------+------------+
    |  Clock |  Target | Estimated| Uncertainty|
    +--------+---------+----------+------------+
    |ap_clk  |  5.00 ns|  2.928 ns|     0.62 ns|
    +--------+---------+----------+------------+

+ Latency: 
    * Summary: 
    +---------+---------+----------+----------+-----+-----+---------+
    |  Latency (cycles) |  Latency (absolute) |  Interval | Pipeline|
    |   min   |   max   |    min   |    max   | min | max |   Type  |
    +---------+---------+----------+----------+-----+-----+---------+
    |      241|      241|  1.205 us|  1.205 us|  241|  241|       no|
    +---------+---------+----------+----------+-----+-----+---------+

    + Detail: 
        * Instance: 
        N/A

        * Loop: 
        +---------------+---------+---------+----------+-----------+-----------+------+----------+
        |               |  Latency (cycles) | Iteration|  Initiation Interval  | Trip |          |
        |   Loop Name   |   min   |   max   |  Latency |  achieved |   target  | Count| Pipelined|
        +---------------+---------+---------+----------+-----------+-----------+------+----------+
        |- ReLUActLoop  |      239|      239|         3|          1|          1|   238|       yes|
        +---------------+---------+---------+----------+-----------+-----------+------+----------+



================================================================
== Utilization Estimates
================================================================
* Summary: 
+-----------------+---------+------+--------+--------+-----+
|       Name      | BRAM_18K|  DSP |   FF   |   LUT  | URAM|
+-----------------+---------+------+--------+--------+-----+
|DSP              |        -|     -|       -|       -|    -|
|Expression       |        -|     -|       0|     416|    -|
|FIFO             |        -|     -|       -|       -|    -|
|Instance         |        -|     -|       -|       -|    -|
|Memory           |        -|     -|       -|       -|    -|
|Multiplexer      |        -|     -|       -|      54|    -|
|Register         |        -|     -|     163|       -|    -|
+-----------------+---------+------+--------+--------+-----+
|Total            |        0|     0|     163|     470|    0|
+-----------------+---------+------+--------+--------+-----+
|Available        |      960|  1824|  433920|  216960|   64|
+-----------------+---------+------+--------+--------+-----+
|Utilization (%)  |        0|     0|      ~0|      ~0|    0|
+-----------------+---------+------+--------+--------+-----+

+ Detail: 
    * Instance: 
    N/A

    * DSP: 
    N/A

    * Memory: 
    N/A

    * FIFO: 
    N/A

    * Expression: 
    +---------------------------+----------+----+---+----+------------+------------+
    |       Variable Name       | Operation| DSP| FF| LUT| Bitwidth P0| Bitwidth P1|
    +---------------------------+----------+----+---+----+------------+------------+
    |i_4_fu_131_p2              |         +|   0|  0|  15|           8|           1|
    |ap_condition_119           |       and|   0|  0|   2|           1|           1|
    |icmp_ln41_fu_125_p2        |      icmp|   0|  0|  15|           8|           6|
    |icmp_ln51_20_fu_344_p2     |      icmp|   0|  0|  23|          16|           1|
    |icmp_ln51_21_fu_358_p2     |      icmp|   0|  0|  23|          16|           1|
    |icmp_ln51_22_fu_372_p2     |      icmp|   0|  0|  23|          16|           1|
    |icmp_ln51_23_fu_386_p2     |      icmp|   0|  0|  23|          16|           1|
    |icmp_ln51_24_fu_400_p2     |      icmp|   0|  0|  23|          16|           1|
    |icmp_ln51_25_fu_414_p2     |      icmp|   0|  0|  23|          16|           1|
    |icmp_ln51_26_fu_428_p2     |      icmp|   0|  0|  23|          16|           1|
    |icmp_ln51_27_fu_442_p2     |      icmp|   0|  0|  23|          16|           1|
    |icmp_ln51_28_fu_456_p2     |      icmp|   0|  0|  23|          16|           1|
    |icmp_ln51_fu_330_p2        |      icmp|   0|  0|  23|          16|           1|
    |ap_block_pp0_stage0_01001  |        or|   0|  0|   2|           1|           1|
    |out_data_10_fu_350_p3      |    select|   0|  0|  15|           1|          15|
    |out_data_12_fu_364_p3      |    select|   0|  0|  15|           1|          15|
    |out_data_14_fu_378_p3      |    select|   0|  0|  15|           1|          15|
    |out_data_8_fu_336_p3       |    select|   0|  0|  15|           1|          15|
    |select_ln51_16_fu_406_p3   |    select|   0|  0|  15|           1|          15|
    |select_ln51_17_fu_420_p3   |    select|   0|  0|  15|           1|          15|
    |select_ln51_18_fu_434_p3   |    select|   0|  0|  15|           1|          15|
    |select_ln51_19_fu_448_p3   |    select|   0|  0|  15|           1|          15|
    |select_ln51_20_fu_462_p3   |    select|   0|  0|  15|           1|          15|
    |select_ln51_fu_392_p3      |    select|   0|  0|  15|           1|          15|
    |ap_enable_pp0              |       xor|   0|  0|   2|           1|           2|
    +---------------------------+----------+----+---+----+------------+------------+
    |Total                      |          |   0|  0| 416|         189|         171|
    +---------------------------+----------+----+---+----+------------+------------+

    * Multiplexer: 
    +-------------------------+----+-----------+-----+-----------+
    |           Name          | LUT| Input Size| Bits| Total Bits|
    +-------------------------+----+-----------+-----+-----------+
    |ap_done_int              |   9|          2|    1|          2|
    |ap_enable_reg_pp0_iter1  |   9|          2|    1|          2|
    |ap_sig_allocacmp_i_3     |   9|          2|    8|         16|
    |i_fu_100                 |   9|          2|    8|         16|
    |layer4_out_blk_n         |   9|          2|    1|          2|
    |layer5_out_blk_n         |   9|          2|    1|          2|
    +-------------------------+----+-----------+-----+-----------+
    |Total                    |  54|         12|   20|         40|
    +-------------------------+----+-----------+-----+-----------+

    * Register: 
    +----------------------------------+----+----+-----+-----------+
    |               Name               | FF | LUT| Bits| Const Bits|
    +----------------------------------+----+----+-----+-----------+
    |ap_CS_fsm                         |   1|   0|    1|          0|
    |ap_done_reg                       |   1|   0|    1|          0|
    |ap_enable_reg_pp0_iter1           |   1|   0|    1|          0|
    |ap_enable_reg_pp0_iter2           |   1|   0|    1|          0|
    |ap_loop_exit_ready_pp0_iter1_reg  |   1|   0|    1|          0|
    |i_fu_100                          |   8|   0|    8|          0|
    |out_data_10_reg_541               |  15|   0|   15|          0|
    |out_data_12_reg_546               |  15|   0|   15|          0|
    |out_data_14_reg_551               |  15|   0|   15|          0|
    |out_data_8_reg_536                |  15|   0|   15|          0|
    |select_ln51_16_reg_561            |  15|   0|   15|          0|
    |select_ln51_17_reg_566            |  15|   0|   15|          0|
    |select_ln51_18_reg_571            |  15|   0|   15|          0|
    |select_ln51_19_reg_576            |  15|   0|   15|          0|
    |select_ln51_20_reg_581            |  15|   0|   15|          0|
    |select_ln51_reg_556               |  15|   0|   15|          0|
    +----------------------------------+----+----+-----+-----------+
    |Total                             | 163|   0|  163|          0|
    +----------------------------------+----+----+-----+-----------+



================================================================
== Interface
================================================================
* Summary: 
+---------------------------+-----+-----+------------+------------------------------------------------------------------------+--------------+
|         RTL Ports         | Dir | Bits|  Protocol  |                              Source Object                             |    C Type    |
+---------------------------+-----+-----+------------+------------------------------------------------------------------------+--------------+
|ap_clk                     |   in|    1|  ap_ctrl_hs|  relu<array<ap_fixed,10u>,array<ap_fixed<16,6,5,3,0>,10u>,relu_config5>|  return value|
|ap_rst                     |   in|    1|  ap_ctrl_hs|  relu<array<ap_fixed,10u>,array<ap_fixed<16,6,5,3,0>,10u>,relu_config5>|  return value|
|ap_start                   |   in|    1|  ap_ctrl_hs|  relu<array<ap_fixed,10u>,array<ap_fixed<16,6,5,3,0>,10u>,relu_config5>|  return value|
|ap_done                    |  out|    1|  ap_ctrl_hs|  relu<array<ap_fixed,10u>,array<ap_fixed<16,6,5,3,0>,10u>,relu_config5>|  return value|
|ap_continue                |   in|    1|  ap_ctrl_hs|  relu<array<ap_fixed,10u>,array<ap_fixed<16,6,5,3,0>,10u>,relu_config5>|  return value|
|ap_idle                    |  out|    1|  ap_ctrl_hs|  relu<array<ap_fixed,10u>,array<ap_fixed<16,6,5,3,0>,10u>,relu_config5>|  return value|
|ap_ready                   |  out|    1|  ap_ctrl_hs|  relu<array<ap_fixed,10u>,array<ap_fixed<16,6,5,3,0>,10u>,relu_config5>|  return value|
|layer4_out_dout            |   in|  160|     ap_fifo|                                                              layer4_out|       pointer|
|layer4_out_num_data_valid  |   in|    9|     ap_fifo|                                                              layer4_out|       pointer|
|layer4_out_fifo_cap        |   in|    9|     ap_fifo|                                                              layer4_out|       pointer|
|layer4_out_empty_n         |   in|    1|     ap_fifo|                                                              layer4_out|       pointer|
|layer4_out_read            |  out|    1|     ap_fifo|                                                              layer4_out|       pointer|
|layer5_out_din             |  out|  160|     ap_fifo|                                                              layer5_out|       pointer|
|layer5_out_num_data_valid  |   in|    9|     ap_fifo|                                                              layer5_out|       pointer|
|layer5_out_fifo_cap        |   in|    9|     ap_fifo|                                                              layer5_out|       pointer|
|layer5_out_full_n          |   in|    1|     ap_fifo|                                                              layer5_out|       pointer|
|layer5_out_write           |  out|    1|     ap_fifo|                                                              layer5_out|       pointer|
+---------------------------+-----+-----+------------+------------------------------------------------------------------------+--------------+

============================================================
+ Verbose Summary: Synthesis Manager
============================================================
InlineROM: 1
ExposeGlobal: 0
============================================================
+ Verbose Summary: CDFG Model
============================================================
IsTopModel: 0
ResetActiveHigh: 1
IsCombinational: 2
IsDatapathOnly: 0
HasWiredReturn: 1
HasMFsm: 2
HasVarLatency: 1
IsPipeline: 0
IsRtlPipelined: 0
IsInstanceOverlapped: 0
IsDontTouch: 0
HasImplIP: 0
IsGatedGlobalClock: 0

+ Individual pipeline summary: 
  * Pipeline-0: initiation interval (II) = 1, depth = 3


============================================================
+ Verbose Summary: Schedule
============================================================
* Number of FSM states : 3
* Pipeline : 1
  Pipeline-0 : II = 1, D = 3, States = { 1 2 3 }
* Dataflow Pipeline: 0

* FSM state transitions: 
1 --> 2 
2 --> 3 
3 --> 

* FSM state operations: 

State 1 <SV = 0> <Delay = 1.61>
ST_1 : Operation 6 [1/1] (0.00ns)   --->   "%i = alloca i32 1" [firmware/nnet_utils/nnet_activation_stream.h:41]   --->   Operation 6 'alloca' 'i' <Predicate = true> <Delay = 0.00>
ST_1 : Operation 7 [1/1] (0.00ns)   --->   "%specinterface_ln0 = specinterface void @_ssdm_op_SpecInterface, i160 %layer5_out, void @empty, i32 0, i32 0, void @empty_1, i32 0, i32 0, void @empty_1, void @empty_1, void @empty_1, i32 0, i32 0, i32 0, i32 0, void @empty_1, void @empty_1, i32 4294967295, i32 0"   --->   Operation 7 'specinterface' 'specinterface_ln0' <Predicate = true> <Delay = 0.00>
ST_1 : Operation 8 [1/1] (0.00ns)   --->   "%specinterface_ln0 = specinterface void @_ssdm_op_SpecInterface, i160 %layer4_out, void @empty, i32 0, i32 0, void @empty_1, i32 0, i32 0, void @empty_1, void @empty_1, void @empty_1, i32 0, i32 0, i32 0, i32 0, void @empty_1, void @empty_1, i32 4294967295, i32 0"   --->   Operation 8 'specinterface' 'specinterface_ln0' <Predicate = true> <Delay = 0.00>
ST_1 : Operation 9 [1/1] (0.42ns)   --->   "%store_ln41 = store i8 0, i8 %i" [firmware/nnet_utils/nnet_activation_stream.h:41]   --->   Operation 9 'store' 'store_ln41' <Predicate = true> <Delay = 0.42>
ST_1 : Operation 10 [1/1] (0.00ns)   --->   "%br_ln41 = br void %ReLUPackLoop" [firmware/nnet_utils/nnet_activation_stream.h:41]   --->   Operation 10 'br' 'br_ln41' <Predicate = true> <Delay = 0.00>
ST_1 : Operation 11 [1/1] (0.00ns)   --->   "%i_3 = load i8 %i" [firmware/nnet_utils/nnet_activation_stream.h:41]   --->   Operation 11 'load' 'i_3' <Predicate = true> <Delay = 0.00>
ST_1 : Operation 12 [1/1] (0.76ns)   --->   "%icmp_ln41 = icmp_eq  i8 %i_3, i8 238" [firmware/nnet_utils/nnet_activation_stream.h:41]   --->   Operation 12 'icmp' 'icmp_ln41' <Predicate = true> <Delay = 0.76> <CoreInst = "Cmp">   --->   Core 9 'Cmp' <Latency = 0> <II = 1> <Delay = 0.76> <FuncUnit> <Opcode : 'icmp'> <InPorts = 2> <OutPorts = 1>
ST_1 : Operation 13 [1/1] (0.76ns)   --->   "%i_4 = add i8 %i_3, i8 1" [firmware/nnet_utils/nnet_activation_stream.h:41]   --->   Operation 13 'add' 'i_4' <Predicate = true> <Delay = 0.76> <CoreInst = "Adder">   --->   Core 1 'Adder' <Latency = 0> <II = 1> <Delay = 0.76> <FuncUnit> <Opcode : 'add' 'sub'> <InPorts = 2> <OutPorts = 1>
ST_1 : Operation 14 [1/1] (0.00ns)   --->   "%br_ln41 = br i1 %icmp_ln41, void %ReLUPackLoop.split, void %for.end14" [firmware/nnet_utils/nnet_activation_stream.h:41]   --->   Operation 14 'br' 'br_ln41' <Predicate = true> <Delay = 0.00>
ST_1 : Operation 15 [1/1] (0.42ns)   --->   "%store_ln41 = store i8 %i_4, i8 %i" [firmware/nnet_utils/nnet_activation_stream.h:41]   --->   Operation 15 'store' 'store_ln41' <Predicate = (!icmp_ln41)> <Delay = 0.42>

State 2 <SV = 1> <Delay = 2.92>
ST_2 : Operation 16 [1/1] (1.68ns)   --->   "%layer4_out_read = read i160 @_ssdm_op_Read.ap_fifo.volatile.i160P0A, i160 %layer4_out" [firmware/nnet_utils/nnet_activation_stream.h:44]   --->   Operation 16 'read' 'layer4_out_read' <Predicate = true> <Delay = 1.68> <CoreInst = "FIFO">   --->   Core 78 'FIFO' <Latency = 0> <II = 1> <Delay = 1.68> <Storage> <Opcode : 'read' 'write' 'nbread' 'nbwrite'> <Ports = 0> <Width = 160> <Depth = 238> <FIFO>
ST_2 : Operation 17 [1/1] (0.00ns)   --->   "%in_data = trunc i160 %layer4_out_read" [firmware/nnet_utils/nnet_activation_stream.h:44]   --->   Operation 17 'trunc' 'in_data' <Predicate = true> <Delay = 0.00>
ST_2 : Operation 18 [1/1] (0.00ns)   --->   "%trunc_ln44_45 = trunc i160 %layer4_out_read" [firmware/nnet_utils/nnet_activation_stream.h:44]   --->   Operation 18 'trunc' 'trunc_ln44_45' <Predicate = true> <Delay = 0.00>
ST_2 : Operation 19 [1/1] (0.00ns)   --->   "%in_data_10 = partselect i16 @_ssdm_op_PartSelect.i16.i160.i32.i32, i160 %layer4_out_read, i32 16, i32 31" [firmware/nnet_utils/nnet_activation_stream.h:44]   --->   Operation 19 'partselect' 'in_data_10' <Predicate = true> <Delay = 0.00>
ST_2 : Operation 20 [1/1] (0.00ns)   --->   "%trunc_ln44_s = partselect i15 @_ssdm_op_PartSelect.i15.i160.i32.i32, i160 %layer4_out_read, i32 16, i32 30" [firmware/nnet_utils/nnet_activation_stream.h:44]   --->   Operation 20 'partselect' 'trunc_ln44_s' <Predicate = true> <Delay = 0.00>
ST_2 : Operation 21 [1/1] (0.00ns)   --->   "%in_data_11 = partselect i16 @_ssdm_op_PartSelect.i16.i160.i32.i32, i160 %layer4_out_read, i32 32, i32 47" [firmware/nnet_utils/nnet_activation_stream.h:44]   --->   Operation 21 'partselect' 'in_data_11' <Predicate = true> <Delay = 0.00>
ST_2 : Operation 22 [1/1] (0.00ns)   --->   "%trunc_ln44_35 = partselect i15 @_ssdm_op_PartSelect.i15.i160.i32.i32, i160 %layer4_out_read, i32 32, i32 46" [firmware/nnet_utils/nnet_activation_stream.h:44]   --->   Operation 22 'partselect' 'trunc_ln44_35' <Predicate = true> <Delay = 0.00>
ST_2 : Operation 23 [1/1] (0.00ns)   --->   "%in_data_12 = partselect i16 @_ssdm_op_PartSelect.i16.i160.i32.i32, i160 %layer4_out_read, i32 48, i32 63" [firmware/nnet_utils/nnet_activation_stream.h:44]   --->   Operation 23 'partselect' 'in_data_12' <Predicate = true> <Delay = 0.00>
ST_2 : Operation 24 [1/1] (0.00ns)   --->   "%trunc_ln44_36 = partselect i15 @_ssdm_op_PartSelect.i15.i160.i32.i32, i160 %layer4_out_read, i32 48, i32 62" [firmware/nnet_utils/nnet_activation_stream.h:44]   --->   Operation 24 'partselect' 'trunc_ln44_36' <Predicate = true> <Delay = 0.00>
ST_2 : Operation 25 [1/1] (0.00ns)   --->   "%trunc_ln44_23 = partselect i16 @_ssdm_op_PartSelect.i16.i160.i32.i32, i160 %layer4_out_read, i32 64, i32 79" [firmware/nnet_utils/nnet_activation_stream.h:44]   --->   Operation 25 'partselect' 'trunc_ln44_23' <Predicate = true> <Delay = 0.00>
ST_2 : Operation 26 [1/1] (0.00ns)   --->   "%trunc_ln44_37 = partselect i15 @_ssdm_op_PartSelect.i15.i160.i32.i32, i160 %layer4_out_read, i32 64, i32 78" [firmware/nnet_utils/nnet_activation_stream.h:44]   --->   Operation 26 'partselect' 'trunc_ln44_37' <Predicate = true> <Delay = 0.00>
ST_2 : Operation 27 [1/1] (0.00ns)   --->   "%trunc_ln44_24 = partselect i16 @_ssdm_op_PartSelect.i16.i160.i32.i32, i160 %layer4_out_read, i32 80, i32 95" [firmware/nnet_utils/nnet_activation_stream.h:44]   --->   Operation 27 'partselect' 'trunc_ln44_24' <Predicate = true> <Delay = 0.00>
ST_2 : Operation 28 [1/1] (0.00ns)   --->   "%trunc_ln44_38 = partselect i15 @_ssdm_op_PartSelect.i15.i160.i32.i32, i160 %layer4_out_read, i32 80, i32 94" [firmware/nnet_utils/nnet_activation_stream.h:44]   --->   Operation 28 'partselect' 'trunc_ln44_38' <Predicate = true> <Delay = 0.00>
ST_2 : Operation 29 [1/1] (0.00ns)   --->   "%trunc_ln44_25 = partselect i16 @_ssdm_op_PartSelect.i16.i160.i32.i32, i160 %layer4_out_read, i32 96, i32 111" [firmware/nnet_utils/nnet_activation_stream.h:44]   --->   Operation 29 'partselect' 'trunc_ln44_25' <Predicate = true> <Delay = 0.00>
ST_2 : Operation 30 [1/1] (0.00ns)   --->   "%trunc_ln44_39 = partselect i15 @_ssdm_op_PartSelect.i15.i160.i32.i32, i160 %layer4_out_read, i32 96, i32 110" [firmware/nnet_utils/nnet_activation_stream.h:44]   --->   Operation 30 'partselect' 'trunc_ln44_39' <Predicate = true> <Delay = 0.00>
ST_2 : Operation 31 [1/1] (0.00ns)   --->   "%trunc_ln44_26 = partselect i16 @_ssdm_op_PartSelect.i16.i160.i32.i32, i160 %layer4_out_read, i32 112, i32 127" [firmware/nnet_utils/nnet_activation_stream.h:44]   --->   Operation 31 'partselect' 'trunc_ln44_26' <Predicate = true> <Delay = 0.00>
ST_2 : Operation 32 [1/1] (0.00ns)   --->   "%trunc_ln44_40 = partselect i15 @_ssdm_op_PartSelect.i15.i160.i32.i32, i160 %layer4_out_read, i32 112, i32 126" [firmware/nnet_utils/nnet_activation_stream.h:44]   --->   Operation 32 'partselect' 'trunc_ln44_40' <Predicate = true> <Delay = 0.00>
ST_2 : Operation 33 [1/1] (0.00ns)   --->   "%trunc_ln44_27 = partselect i16 @_ssdm_op_PartSelect.i16.i160.i32.i32, i160 %layer4_out_read, i32 128, i32 143" [firmware/nnet_utils/nnet_activation_stream.h:44]   --->   Operation 33 'partselect' 'trunc_ln44_27' <Predicate = true> <Delay = 0.00>
ST_2 : Operation 34 [1/1] (0.00ns)   --->   "%trunc_ln44_41 = partselect i15 @_ssdm_op_PartSelect.i15.i160.i32.i32, i160 %layer4_out_read, i32 128, i32 142" [firmware/nnet_utils/nnet_activation_stream.h:44]   --->   Operation 34 'partselect' 'trunc_ln44_41' <Predicate = true> <Delay = 0.00>
ST_2 : Operation 35 [1/1] (0.00ns)   --->   "%trunc_ln44_28 = partselect i16 @_ssdm_op_PartSelect.i16.i160.i32.i32, i160 %layer4_out_read, i32 144, i32 159" [firmware/nnet_utils/nnet_activation_stream.h:44]   --->   Operation 35 'partselect' 'trunc_ln44_28' <Predicate = true> <Delay = 0.00>
ST_2 : Operation 36 [1/1] (0.00ns)   --->   "%trunc_ln44_42 = partselect i15 @_ssdm_op_PartSelect.i15.i160.i32.i32, i160 %layer4_out_read, i32 144, i32 158" [firmware/nnet_utils/nnet_activation_stream.h:44]   --->   Operation 36 'partselect' 'trunc_ln44_42' <Predicate = true> <Delay = 0.00>
ST_2 : Operation 37 [1/1] (0.85ns)   --->   "%icmp_ln51 = icmp_sgt  i16 %in_data, i16 0" [firmware/nnet_utils/nnet_activation_stream.h:51]   --->   Operation 37 'icmp' 'icmp_ln51' <Predicate = true> <Delay = 0.85> <CoreInst = "Cmp">   --->   Core 9 'Cmp' <Latency = 0> <II = 1> <Delay = 0.85> <FuncUnit> <Opcode : 'icmp'> <InPorts = 2> <OutPorts = 1>
ST_2 : Operation 38 [1/1] (0.39ns)   --->   "%out_data_8 = select i1 %icmp_ln51, i15 %trunc_ln44_45, i15 0" [firmware/nnet_utils/nnet_activation_stream.h:51]   --->   Operation 38 'select' 'out_data_8' <Predicate = true> <Delay = 0.39> <CoreInst = "Sel">   --->   Core 73 'Sel' <Latency = 0> <II = 1> <Delay = 0.39> <FuncUnit> <Opcode : 'select'> <InPorts = 3> <OutPorts = 1>
ST_2 : Operation 39 [1/1] (0.85ns)   --->   "%icmp_ln51_20 = icmp_sgt  i16 %in_data_10, i16 0" [firmware/nnet_utils/nnet_activation_stream.h:51]   --->   Operation 39 'icmp' 'icmp_ln51_20' <Predicate = true> <Delay = 0.85> <CoreInst = "Cmp">   --->   Core 9 'Cmp' <Latency = 0> <II = 1> <Delay = 0.85> <FuncUnit> <Opcode : 'icmp'> <InPorts = 2> <OutPorts = 1>
ST_2 : Operation 40 [1/1] (0.39ns)   --->   "%out_data_10 = select i1 %icmp_ln51_20, i15 %trunc_ln44_s, i15 0" [firmware/nnet_utils/nnet_activation_stream.h:51]   --->   Operation 40 'select' 'out_data_10' <Predicate = true> <Delay = 0.39> <CoreInst = "Sel">   --->   Core 73 'Sel' <Latency = 0> <II = 1> <Delay = 0.39> <FuncUnit> <Opcode : 'select'> <InPorts = 3> <OutPorts = 1>
ST_2 : Operation 41 [1/1] (0.85ns)   --->   "%icmp_ln51_21 = icmp_sgt  i16 %in_data_11, i16 0" [firmware/nnet_utils/nnet_activation_stream.h:51]   --->   Operation 41 'icmp' 'icmp_ln51_21' <Predicate = true> <Delay = 0.85> <CoreInst = "Cmp">   --->   Core 9 'Cmp' <Latency = 0> <II = 1> <Delay = 0.85> <FuncUnit> <Opcode : 'icmp'> <InPorts = 2> <OutPorts = 1>
ST_2 : Operation 42 [1/1] (0.39ns)   --->   "%out_data_12 = select i1 %icmp_ln51_21, i15 %trunc_ln44_35, i15 0" [firmware/nnet_utils/nnet_activation_stream.h:51]   --->   Operation 42 'select' 'out_data_12' <Predicate = true> <Delay = 0.39> <CoreInst = "Sel">   --->   Core 73 'Sel' <Latency = 0> <II = 1> <Delay = 0.39> <FuncUnit> <Opcode : 'select'> <InPorts = 3> <OutPorts = 1>
ST_2 : Operation 43 [1/1] (0.85ns)   --->   "%icmp_ln51_22 = icmp_sgt  i16 %in_data_12, i16 0" [firmware/nnet_utils/nnet_activation_stream.h:51]   --->   Operation 43 'icmp' 'icmp_ln51_22' <Predicate = true> <Delay = 0.85> <CoreInst = "Cmp">   --->   Core 9 'Cmp' <Latency = 0> <II = 1> <Delay = 0.85> <FuncUnit> <Opcode : 'icmp'> <InPorts = 2> <OutPorts = 1>
ST_2 : Operation 44 [1/1] (0.39ns)   --->   "%out_data_14 = select i1 %icmp_ln51_22, i15 %trunc_ln44_36, i15 0" [firmware/nnet_utils/nnet_activation_stream.h:51]   --->   Operation 44 'select' 'out_data_14' <Predicate = true> <Delay = 0.39> <CoreInst = "Sel">   --->   Core 73 'Sel' <Latency = 0> <II = 1> <Delay = 0.39> <FuncUnit> <Opcode : 'select'> <InPorts = 3> <OutPorts = 1>
ST_2 : Operation 45 [1/1] (0.85ns)   --->   "%icmp_ln51_23 = icmp_sgt  i16 %trunc_ln44_23, i16 0" [firmware/nnet_utils/nnet_activation_stream.h:51]   --->   Operation 45 'icmp' 'icmp_ln51_23' <Predicate = true> <Delay = 0.85> <CoreInst = "Cmp">   --->   Core 9 'Cmp' <Latency = 0> <II = 1> <Delay = 0.85> <FuncUnit> <Opcode : 'icmp'> <InPorts = 2> <OutPorts = 1>
ST_2 : Operation 46 [1/1] (0.39ns)   --->   "%select_ln51 = select i1 %icmp_ln51_23, i15 %trunc_ln44_37, i15 0" [firmware/nnet_utils/nnet_activation_stream.h:51]   --->   Operation 46 'select' 'select_ln51' <Predicate = true> <Delay = 0.39> <CoreInst = "Sel">   --->   Core 73 'Sel' <Latency = 0> <II = 1> <Delay = 0.39> <FuncUnit> <Opcode : 'select'> <InPorts = 3> <OutPorts = 1>
ST_2 : Operation 47 [1/1] (0.85ns)   --->   "%icmp_ln51_24 = icmp_sgt  i16 %trunc_ln44_24, i16 0" [firmware/nnet_utils/nnet_activation_stream.h:51]   --->   Operation 47 'icmp' 'icmp_ln51_24' <Predicate = true> <Delay = 0.85> <CoreInst = "Cmp">   --->   Core 9 'Cmp' <Latency = 0> <II = 1> <Delay = 0.85> <FuncUnit> <Opcode : 'icmp'> <InPorts = 2> <OutPorts = 1>
ST_2 : Operation 48 [1/1] (0.39ns)   --->   "%select_ln51_16 = select i1 %icmp_ln51_24, i15 %trunc_ln44_38, i15 0" [firmware/nnet_utils/nnet_activation_stream.h:51]   --->   Operation 48 'select' 'select_ln51_16' <Predicate = true> <Delay = 0.39> <CoreInst = "Sel">   --->   Core 73 'Sel' <Latency = 0> <II = 1> <Delay = 0.39> <FuncUnit> <Opcode : 'select'> <InPorts = 3> <OutPorts = 1>
ST_2 : Operation 49 [1/1] (0.85ns)   --->   "%icmp_ln51_25 = icmp_sgt  i16 %trunc_ln44_25, i16 0" [firmware/nnet_utils/nnet_activation_stream.h:51]   --->   Operation 49 'icmp' 'icmp_ln51_25' <Predicate = true> <Delay = 0.85> <CoreInst = "Cmp">   --->   Core 9 'Cmp' <Latency = 0> <II = 1> <Delay = 0.85> <FuncUnit> <Opcode : 'icmp'> <InPorts = 2> <OutPorts = 1>
ST_2 : Operation 50 [1/1] (0.39ns)   --->   "%select_ln51_17 = select i1 %icmp_ln51_25, i15 %trunc_ln44_39, i15 0" [firmware/nnet_utils/nnet_activation_stream.h:51]   --->   Operation 50 'select' 'select_ln51_17' <Predicate = true> <Delay = 0.39> <CoreInst = "Sel">   --->   Core 73 'Sel' <Latency = 0> <II = 1> <Delay = 0.39> <FuncUnit> <Opcode : 'select'> <InPorts = 3> <OutPorts = 1>
ST_2 : Operation 51 [1/1] (0.85ns)   --->   "%icmp_ln51_26 = icmp_sgt  i16 %trunc_ln44_26, i16 0" [firmware/nnet_utils/nnet_activation_stream.h:51]   --->   Operation 51 'icmp' 'icmp_ln51_26' <Predicate = true> <Delay = 0.85> <CoreInst = "Cmp">   --->   Core 9 'Cmp' <Latency = 0> <II = 1> <Delay = 0.85> <FuncUnit> <Opcode : 'icmp'> <InPorts = 2> <OutPorts = 1>
ST_2 : Operation 52 [1/1] (0.39ns)   --->   "%select_ln51_18 = select i1 %icmp_ln51_26, i15 %trunc_ln44_40, i15 0" [firmware/nnet_utils/nnet_activation_stream.h:51]   --->   Operation 52 'select' 'select_ln51_18' <Predicate = true> <Delay = 0.39> <CoreInst = "Sel">   --->   Core 73 'Sel' <Latency = 0> <II = 1> <Delay = 0.39> <FuncUnit> <Opcode : 'select'> <InPorts = 3> <OutPorts = 1>
ST_2 : Operation 53 [1/1] (0.85ns)   --->   "%icmp_ln51_27 = icmp_sgt  i16 %trunc_ln44_27, i16 0" [firmware/nnet_utils/nnet_activation_stream.h:51]   --->   Operation 53 'icmp' 'icmp_ln51_27' <Predicate = true> <Delay = 0.85> <CoreInst = "Cmp">   --->   Core 9 'Cmp' <Latency = 0> <II = 1> <Delay = 0.85> <FuncUnit> <Opcode : 'icmp'> <InPorts = 2> <OutPorts = 1>
ST_2 : Operation 54 [1/1] (0.39ns)   --->   "%select_ln51_19 = select i1 %icmp_ln51_27, i15 %trunc_ln44_41, i15 0" [firmware/nnet_utils/nnet_activation_stream.h:51]   --->   Operation 54 'select' 'select_ln51_19' <Predicate = true> <Delay = 0.39> <CoreInst = "Sel">   --->   Core 73 'Sel' <Latency = 0> <II = 1> <Delay = 0.39> <FuncUnit> <Opcode : 'select'> <InPorts = 3> <OutPorts = 1>
ST_2 : Operation 55 [1/1] (0.85ns)   --->   "%icmp_ln51_28 = icmp_sgt  i16 %trunc_ln44_28, i16 0" [firmware/nnet_utils/nnet_activation_stream.h:51]   --->   Operation 55 'icmp' 'icmp_ln51_28' <Predicate = true> <Delay = 0.85> <CoreInst = "Cmp">   --->   Core 9 'Cmp' <Latency = 0> <II = 1> <Delay = 0.85> <FuncUnit> <Opcode : 'icmp'> <InPorts = 2> <OutPorts = 1>
ST_2 : Operation 56 [1/1] (0.39ns)   --->   "%select_ln51_20 = select i1 %icmp_ln51_28, i15 %trunc_ln44_42, i15 0" [firmware/nnet_utils/nnet_activation_stream.h:51]   --->   Operation 56 'select' 'select_ln51_20' <Predicate = true> <Delay = 0.39> <CoreInst = "Sel">   --->   Core 73 'Sel' <Latency = 0> <II = 1> <Delay = 0.39> <FuncUnit> <Opcode : 'select'> <InPorts = 3> <OutPorts = 1>
ST_2 : Operation 73 [1/1] (0.00ns)   --->   "%ret_ln59 = ret" [firmware/nnet_utils/nnet_activation_stream.h:59]   --->   Operation 73 'ret' 'ret_ln59' <Predicate = (icmp_ln41)> <Delay = 0.00>

State 3 <SV = 2> <Delay = 1.68>
ST_3 : Operation 57 [1/1] (0.00ns)   --->   "%specpipeline_ln42 = specpipeline void @_ssdm_op_SpecPipeline, i32 4294967295, i32 0, i32 0, i32 0, void @empty_1" [firmware/nnet_utils/nnet_activation_stream.h:42]   --->   Operation 57 'specpipeline' 'specpipeline_ln42' <Predicate = true> <Delay = 0.00>
ST_3 : Operation 58 [1/1] (0.00ns)   --->   "%speclooptripcount_ln41 = speclooptripcount void @_ssdm_op_SpecLoopTripCount, i64 238, i64 238, i64 238" [firmware/nnet_utils/nnet_activation_stream.h:41]   --->   Operation 58 'speclooptripcount' 'speclooptripcount_ln41' <Predicate = true> <Delay = 0.00>
ST_3 : Operation 59 [1/1] (0.00ns)   --->   "%specloopname_ln41 = specloopname void @_ssdm_op_SpecLoopName, void @empty_5" [firmware/nnet_utils/nnet_activation_stream.h:41]   --->   Operation 59 'specloopname' 'specloopname_ln41' <Predicate = true> <Delay = 0.00>
ST_3 : Operation 60 [1/1] (0.00ns)   --->   "%zext_ln45 = zext i15 %out_data_8" [firmware/nnet_utils/nnet_activation_stream.h:45]   --->   Operation 60 'zext' 'zext_ln45' <Predicate = true> <Delay = 0.00>
ST_3 : Operation 61 [1/1] (0.00ns)   --->   "%zext_ln45_4 = zext i15 %out_data_10" [firmware/nnet_utils/nnet_activation_stream.h:45]   --->   Operation 61 'zext' 'zext_ln45_4' <Predicate = true> <Delay = 0.00>
ST_3 : Operation 62 [1/1] (0.00ns)   --->   "%zext_ln45_5 = zext i15 %out_data_12" [firmware/nnet_utils/nnet_activation_stream.h:45]   --->   Operation 62 'zext' 'zext_ln45_5' <Predicate = true> <Delay = 0.00>
ST_3 : Operation 63 [1/1] (0.00ns)   --->   "%zext_ln45_6 = zext i15 %out_data_14" [firmware/nnet_utils/nnet_activation_stream.h:45]   --->   Operation 63 'zext' 'zext_ln45_6' <Predicate = true> <Delay = 0.00>
ST_3 : Operation 64 [1/1] (0.00ns)   --->   "%zext_ln51 = zext i15 %select_ln51" [firmware/nnet_utils/nnet_activation_stream.h:51]   --->   Operation 64 'zext' 'zext_ln51' <Predicate = true> <Delay = 0.00>
ST_3 : Operation 65 [1/1] (0.00ns)   --->   "%zext_ln51_15 = zext i15 %select_ln51_16" [firmware/nnet_utils/nnet_activation_stream.h:51]   --->   Operation 65 'zext' 'zext_ln51_15' <Predicate = true> <Delay = 0.00>
ST_3 : Operation 66 [1/1] (0.00ns)   --->   "%zext_ln51_16 = zext i15 %select_ln51_17" [firmware/nnet_utils/nnet_activation_stream.h:51]   --->   Operation 66 'zext' 'zext_ln51_16' <Predicate = true> <Delay = 0.00>
ST_3 : Operation 67 [1/1] (0.00ns)   --->   "%zext_ln51_17 = zext i15 %select_ln51_18" [firmware/nnet_utils/nnet_activation_stream.h:51]   --->   Operation 67 'zext' 'zext_ln51_17' <Predicate = true> <Delay = 0.00>
ST_3 : Operation 68 [1/1] (0.00ns)   --->   "%zext_ln51_18 = zext i15 %select_ln51_19" [firmware/nnet_utils/nnet_activation_stream.h:51]   --->   Operation 68 'zext' 'zext_ln51_18' <Predicate = true> <Delay = 0.00>
ST_3 : Operation 69 [1/1] (0.00ns)   --->   "%or_ln57_s = bitconcatenate i159 @_ssdm_op_BitConcatenate.i159.i15.i16.i16.i16.i16.i16.i16.i16.i16.i16, i15 %select_ln51_20, i16 %zext_ln51_18, i16 %zext_ln51_17, i16 %zext_ln51_16, i16 %zext_ln51_15, i16 %zext_ln51, i16 %zext_ln45_6, i16 %zext_ln45_5, i16 %zext_ln45_4, i16 %zext_ln45" [firmware/nnet_utils/nnet_activation_stream.h:57]   --->   Operation 69 'bitconcatenate' 'or_ln57_s' <Predicate = true> <Delay = 0.00>
ST_3 : Operation 70 [1/1] (0.00ns)   --->   "%zext_ln57 = zext i159 %or_ln57_s" [firmware/nnet_utils/nnet_activation_stream.h:57]   --->   Operation 70 'zext' 'zext_ln57' <Predicate = true> <Delay = 0.00>
ST_3 : Operation 71 [1/1] (1.68ns)   --->   "%write_ln57 = write void @_ssdm_op_Write.ap_fifo.volatile.i160P0A, i160 %layer5_out, i160 %zext_ln57" [firmware/nnet_utils/nnet_activation_stream.h:57]   --->   Operation 71 'write' 'write_ln57' <Predicate = true> <Delay = 1.68> <CoreInst = "FIFO">   --->   Core 78 'FIFO' <Latency = 0> <II = 1> <Delay = 1.68> <Storage> <Opcode : 'read' 'write' 'nbread' 'nbwrite'> <Ports = 0> <Width = 160> <Depth = 238> <FIFO>
ST_3 : Operation 72 [1/1] (0.00ns)   --->   "%br_ln41 = br void %ReLUPackLoop" [firmware/nnet_utils/nnet_activation_stream.h:41]   --->   Operation 72 'br' 'br_ln41' <Predicate = true> <Delay = 0.00>


============================================================
+ Verbose Summary: Binding
============================================================
STG Binding: 
---------------- STG Properties BEGIN ----------------
- Is combinational: 0
- Is one-state seq: 0
- Is datapath-only: 0
- Is pipelined: 0
- Is top level: 0
Port [ Return ] is wired: 1; IO mode=ap_ctrl_hs:ce=0
Port [ layer4_out]:  wired=1; compound=1; hidden=0; nouse=0; global=0; static=0; extern=0; dir=0; type=3; pingpong=0; private_global=0; IO mode=ap_fifo:ce=0
Port [ layer5_out]:  wired=1; compound=1; hidden=0; nouse=0; global=0; static=0; extern=0; dir=1; type=3; pingpong=0; private_global=0; IO mode=ap_fifo:ce=0
---------------- STG Properties END ------------------

---------------- Datapath Model BEGIN ----------------

<LifeTime>
<method=bitvector/>
i                      (alloca           ) [ 0100]
specinterface_ln0      (specinterface    ) [ 0000]
specinterface_ln0      (specinterface    ) [ 0000]
store_ln41             (store            ) [ 0000]
br_ln41                (br               ) [ 0000]
i_3                    (load             ) [ 0000]
icmp_ln41              (icmp             ) [ 0110]
i_4                    (add              ) [ 0000]
br_ln41                (br               ) [ 0000]
store_ln41             (store            ) [ 0000]
layer4_out_read        (read             ) [ 0000]
in_data                (trunc            ) [ 0000]
trunc_ln44_45          (trunc            ) [ 0000]
in_data_10             (partselect       ) [ 0000]
trunc_ln44_s           (partselect       ) [ 0000]
in_data_11             (partselect       ) [ 0000]
trunc_ln44_35          (partselect       ) [ 0000]
in_data_12             (partselect       ) [ 0000]
trunc_ln44_36          (partselect       ) [ 0000]
trunc_ln44_23          (partselect       ) [ 0000]
trunc_ln44_37          (partselect       ) [ 0000]
trunc_ln44_24          (partselect       ) [ 0000]
trunc_ln44_38          (partselect       ) [ 0000]
trunc_ln44_25          (partselect       ) [ 0000]
trunc_ln44_39          (partselect       ) [ 0000]
trunc_ln44_26          (partselect       ) [ 0000]
trunc_ln44_40          (partselect       ) [ 0000]
trunc_ln44_27          (partselect       ) [ 0000]
trunc_ln44_41          (partselect       ) [ 0000]
trunc_ln44_28          (partselect       ) [ 0000]
trunc_ln44_42          (partselect       ) [ 0000]
icmp_ln51              (icmp             ) [ 0000]
out_data_8             (select           ) [ 0101]
icmp_ln51_20           (icmp             ) [ 0000]
out_data_10            (select           ) [ 0101]
icmp_ln51_21           (icmp             ) [ 0000]
out_data_12            (select           ) [ 0101]
icmp_ln51_22           (icmp             ) [ 0000]
out_data_14            (select           ) [ 0101]
icmp_ln51_23           (icmp             ) [ 0000]
select_ln51            (select           ) [ 0101]
icmp_ln51_24           (icmp             ) [ 0000]
select_ln51_16         (select           ) [ 0101]
icmp_ln51_25           (icmp             ) [ 0000]
select_ln51_17         (select           ) [ 0101]
icmp_ln51_26           (icmp             ) [ 0000]
select_ln51_18         (select           ) [ 0101]
icmp_ln51_27           (icmp             ) [ 0000]
select_ln51_19         (select           ) [ 0101]
icmp_ln51_28           (icmp             ) [ 0000]
select_ln51_20         (select           ) [ 0101]
specpipeline_ln42      (specpipeline     ) [ 0000]
speclooptripcount_ln41 (speclooptripcount) [ 0000]
specloopname_ln41      (specloopname     ) [ 0000]
zext_ln45              (zext             ) [ 0000]
zext_ln45_4            (zext             ) [ 0000]
zext_ln45_5            (zext             ) [ 0000]
zext_ln45_6            (zext             ) [ 0000]
zext_ln51              (zext             ) [ 0000]
zext_ln51_15           (zext             ) [ 0000]
zext_ln51_16           (zext             ) [ 0000]
zext_ln51_17           (zext             ) [ 0000]
zext_ln51_18           (zext             ) [ 0000]
or_ln57_s              (bitconcatenate   ) [ 0000]
zext_ln57              (zext             ) [ 0000]
write_ln57             (write            ) [ 0000]
br_ln41                (br               ) [ 0000]
ret_ln59               (ret              ) [ 0000]
</LifeTime>

<model>

<comp_list>
<comp id="0" class="1000" name="layer4_out">
<pin_list>
<pin id="1" dir="1" index="0" bw="1" slack="0"/>
</pin_list>
<bind>
<StgValue><ssdm name="layer4_out"/></StgValue>
</bind>
</comp>

<comp id="2" class="1000" name="layer5_out">
<pin_list>
<pin id="3" dir="1" index="0" bw="1" slack="0"/>
</pin_list>
<bind>
<StgValue><ssdm name="layer5_out"/></StgValue>
</bind>
</comp>

<comp id="4" class="1001" name="const_4">
<pin_list>
<pin id="5" dir="1" index="0" bw="1" slack="0"/>
</pin_list>
<bind>
<StgValue><ssdm name=""/></StgValue>
</bind>
</comp>

<comp id="6" class="1001" name="const_6">
<pin_list>
<pin id="7" dir="1" index="0" bw="1" slack="2147483647"/>
</pin_list>
<bind>
<StgValue><ssdm name="_ssdm_op_SpecInterface"/></StgValue>
</bind>
</comp>

<comp id="8" class="1001" name="const_8">
<pin_list>
<pin id="9" dir="1" index="0" bw="1" slack="2147483647"/>
</pin_list>
<bind>
<StgValue><ssdm name="empty"/></StgValue>
</bind>
</comp>

<comp id="10" class="1001" name="const_10">
<pin_list>
<pin id="11" dir="1" index="0" bw="1" slack="2147483647"/>
</pin_list>
<bind>
<StgValue><ssdm name=""/></StgValue>
</bind>
</comp>

<comp id="12" class="1001" name="const_12">
<pin_list>
<pin id="13" dir="1" index="0" bw="1" slack="2147483647"/>
</pin_list>
<bind>
<StgValue><ssdm name="empty_1"/></StgValue>
</bind>
</comp>

<comp id="14" class="1001" name="const_14">
<pin_list>
<pin id="15" dir="1" index="0" bw="1" slack="2147483647"/>
</pin_list>
<bind>
<StgValue><ssdm name=""/></StgValue>
</bind>
</comp>

<comp id="16" class="1001" name="const_16">
<pin_list>
<pin id="17" dir="1" index="0" bw="1" slack="0"/>
</pin_list>
<bind>
<StgValue><ssdm name=""/></StgValue>
</bind>
</comp>

<comp id="18" class="1001" name="const_18">
<pin_list>
<pin id="19" dir="1" index="0" bw="1" slack="0"/>
</pin_list>
<bind>
<StgValue><ssdm name=""/></StgValue>
</bind>
</comp>

<comp id="20" class="1001" name="const_20">
<pin_list>
<pin id="21" dir="1" index="0" bw="1" slack="0"/>
</pin_list>
<bind>
<StgValue><ssdm name=""/></StgValue>
</bind>
</comp>

<comp id="22" class="1001" name="const_22">
<pin_list>
<pin id="23" dir="1" index="0" bw="1" slack="0"/>
</pin_list>
<bind>
<StgValue><ssdm name="_ssdm_op_Read.ap_fifo.volatile.i160P0A"/></StgValue>
</bind>
</comp>

<comp id="24" class="1001" name="const_24">
<pin_list>
<pin id="25" dir="1" index="0" bw="1" slack="0"/>
</pin_list>
<bind>
<StgValue><ssdm name="_ssdm_op_PartSelect.i16.i160.i32.i32"/></StgValue>
</bind>
</comp>

<comp id="26" class="1001" name="const_26">
<pin_list>
<pin id="27" dir="1" index="0" bw="1" slack="0"/>
</pin_list>
<bind>
<StgValue><ssdm name=""/></StgValue>
</bind>
</comp>

<comp id="28" class="1001" name="const_28">
<pin_list>
<pin id="29" dir="1" index="0" bw="1" slack="0"/>
</pin_list>
<bind>
<StgValue><ssdm name=""/></StgValue>
</bind>
</comp>

<comp id="30" class="1001" name="const_30">
<pin_list>
<pin id="31" dir="1" index="0" bw="1" slack="0"/>
</pin_list>
<bind>
<StgValue><ssdm name="_ssdm_op_PartSelect.i15.i160.i32.i32"/></StgValue>
</bind>
</comp>

<comp id="32" class="1001" name="const_32">
<pin_list>
<pin id="33" dir="1" index="0" bw="1" slack="0"/>
</pin_list>
<bind>
<StgValue><ssdm name=""/></StgValue>
</bind>
</comp>

<comp id="34" class="1001" name="const_34">
<pin_list>
<pin id="35" dir="1" index="0" bw="1" slack="0"/>
</pin_list>
<bind>
<StgValue><ssdm name=""/></StgValue>
</bind>
</comp>

<comp id="36" class="1001" name="const_36">
<pin_list>
<pin id="37" dir="1" index="0" bw="1" slack="0"/>
</pin_list>
<bind>
<StgValue><ssdm name=""/></StgValue>
</bind>
</comp>

<comp id="38" class="1001" name="const_38">
<pin_list>
<pin id="39" dir="1" index="0" bw="1" slack="0"/>
</pin_list>
<bind>
<StgValue><ssdm name=""/></StgValue>
</bind>
</comp>

<comp id="40" class="1001" name="const_40">
<pin_list>
<pin id="41" dir="1" index="0" bw="1" slack="0"/>
</pin_list>
<bind>
<StgValue><ssdm name=""/></StgValue>
</bind>
</comp>

<comp id="42" class="1001" name="const_42">
<pin_list>
<pin id="43" dir="1" index="0" bw="1" slack="0"/>
</pin_list>
<bind>
<StgValue><ssdm name=""/></StgValue>
</bind>
</comp>

<comp id="44" class="1001" name="const_44">
<pin_list>
<pin id="45" dir="1" index="0" bw="1" slack="0"/>
</pin_list>
<bind>
<StgValue><ssdm name=""/></StgValue>
</bind>
</comp>

<comp id="46" class="1001" name="const_46">
<pin_list>
<pin id="47" dir="1" index="0" bw="1" slack="0"/>
</pin_list>
<bind>
<StgValue><ssdm name=""/></StgValue>
</bind>
</comp>

<comp id="48" class="1001" name="const_48">
<pin_list>
<pin id="49" dir="1" index="0" bw="1" slack="0"/>
</pin_list>
<bind>
<StgValue><ssdm name=""/></StgValue>
</bind>
</comp>

<comp id="50" class="1001" name="const_50">
<pin_list>
<pin id="51" dir="1" index="0" bw="1" slack="0"/>
</pin_list>
<bind>
<StgValue><ssdm name=""/></StgValue>
</bind>
</comp>

<comp id="52" class="1001" name="const_52">
<pin_list>
<pin id="53" dir="1" index="0" bw="1" slack="0"/>
</pin_list>
<bind>
<StgValue><ssdm name=""/></StgValue>
</bind>
</comp>

<comp id="54" class="1001" name="const_54">
<pin_list>
<pin id="55" dir="1" index="0" bw="1" slack="0"/>
</pin_list>
<bind>
<StgValue><ssdm name=""/></StgValue>
</bind>
</comp>

<comp id="56" class="1001" name="const_56">
<pin_list>
<pin id="57" dir="1" index="0" bw="1" slack="0"/>
</pin_list>
<bind>
<StgValue><ssdm name=""/></StgValue>
</bind>
</comp>

<comp id="58" class="1001" name="const_58">
<pin_list>
<pin id="59" dir="1" index="0" bw="1" slack="0"/>
</pin_list>
<bind>
<StgValue><ssdm name=""/></StgValue>
</bind>
</comp>

<comp id="60" class="1001" name="const_60">
<pin_list>
<pin id="61" dir="1" index="0" bw="1" slack="0"/>
</pin_list>
<bind>
<StgValue><ssdm name=""/></StgValue>
</bind>
</comp>

<comp id="62" class="1001" name="const_62">
<pin_list>
<pin id="63" dir="1" index="0" bw="1" slack="0"/>
</pin_list>
<bind>
<StgValue><ssdm name=""/></StgValue>
</bind>
</comp>

<comp id="64" class="1001" name="const_64">
<pin_list>
<pin id="65" dir="1" index="0" bw="1" slack="0"/>
</pin_list>
<bind>
<StgValue><ssdm name=""/></StgValue>
</bind>
</comp>

<comp id="66" class="1001" name="const_66">
<pin_list>
<pin id="67" dir="1" index="0" bw="1" slack="0"/>
</pin_list>
<bind>
<StgValue><ssdm name=""/></StgValue>
</bind>
</comp>

<comp id="68" class="1001" name="const_68">
<pin_list>
<pin id="69" dir="1" index="0" bw="1" slack="0"/>
</pin_list>
<bind>
<StgValue><ssdm name=""/></StgValue>
</bind>
</comp>

<comp id="70" class="1001" name="const_70">
<pin_list>
<pin id="71" dir="1" index="0" bw="1" slack="0"/>
</pin_list>
<bind>
<StgValue><ssdm name=""/></StgValue>
</bind>
</comp>

<comp id="72" class="1001" name="const_72">
<pin_list>
<pin id="73" dir="1" index="0" bw="1" slack="0"/>
</pin_list>
<bind>
<StgValue><ssdm name=""/></StgValue>
</bind>
</comp>

<comp id="74" class="1001" name="const_74">
<pin_list>
<pin id="75" dir="1" index="0" bw="1" slack="0"/>
</pin_list>
<bind>
<StgValue><ssdm name=""/></StgValue>
</bind>
</comp>

<comp id="76" class="1001" name="const_76">
<pin_list>
<pin id="77" dir="1" index="0" bw="1" slack="0"/>
</pin_list>
<bind>
<StgValue><ssdm name=""/></StgValue>
</bind>
</comp>

<comp id="78" class="1001" name="const_78">
<pin_list>
<pin id="79" dir="1" index="0" bw="1" slack="0"/>
</pin_list>
<bind>
<StgValue><ssdm name=""/></StgValue>
</bind>
</comp>

<comp id="80" class="1001" name="const_80">
<pin_list>
<pin id="81" dir="1" index="0" bw="1" slack="0"/>
</pin_list>
<bind>
<StgValue><ssdm name=""/></StgValue>
</bind>
</comp>

<comp id="82" class="1001" name="const_82">
<pin_list>
<pin id="83" dir="1" index="0" bw="1" slack="0"/>
</pin_list>
<bind>
<StgValue><ssdm name=""/></StgValue>
</bind>
</comp>

<comp id="84" class="1001" name="const_84">
<pin_list>
<pin id="85" dir="1" index="0" bw="1" slack="0"/>
</pin_list>
<bind>
<StgValue><ssdm name=""/></StgValue>
</bind>
</comp>

<comp id="86" class="1001" name="const_86">
<pin_list>
<pin id="87" dir="1" index="0" bw="1" slack="2147483647"/>
</pin_list>
<bind>
<StgValue><ssdm name="_ssdm_op_SpecPipeline"/></StgValue>
</bind>
</comp>

<comp id="88" class="1001" name="const_88">
<pin_list>
<pin id="89" dir="1" index="0" bw="1" slack="2147483647"/>
</pin_list>
<bind>
<StgValue><ssdm name="_ssdm_op_SpecLoopTripCount"/></StgValue>
</bind>
</comp>

<comp id="90" class="1001" name="const_90">
<pin_list>
<pin id="91" dir="1" index="0" bw="1" slack="2147483647"/>
</pin_list>
<bind>
<StgValue><ssdm name=""/></StgValue>
</bind>
</comp>

<comp id="92" class="1001" name="const_92">
<pin_list>
<pin id="93" dir="1" index="0" bw="1" slack="2147483647"/>
</pin_list>
<bind>
<StgValue><ssdm name="_ssdm_op_SpecLoopName"/></StgValue>
</bind>
</comp>

<comp id="94" class="1001" name="const_94">
<pin_list>
<pin id="95" dir="1" index="0" bw="1" slack="2147483647"/>
</pin_list>
<bind>
<StgValue><ssdm name="empty_5"/></StgValue>
</bind>
</comp>

<comp id="96" class="1001" name="const_96">
<pin_list>
<pin id="97" dir="1" index="0" bw="1" slack="0"/>
</pin_list>
<bind>
<StgValue><ssdm name="_ssdm_op_BitConcatenate.i159.i15.i16.i16.i16.i16.i16.i16.i16.i16.i16"/></StgValue>
</bind>
</comp>

<comp id="98" class="1001" name="const_98">
<pin_list>
<pin id="99" dir="1" index="0" bw="1" slack="0"/>
</pin_list>
<bind>
<StgValue><ssdm name="_ssdm_op_Write.ap_fifo.volatile.i160P0A"/></StgValue>
</bind>
</comp>

<comp id="100" class="1004" name="i_fu_100">
<pin_list>
<pin id="101" dir="0" index="0" bw="1" slack="0"/>
<pin id="102" dir="1" index="1" bw="8" slack="0"/>
</pin_list>
<bind>
<opcode="alloca(26) " fcode="alloca"/>
<opset="i/1 "/>
</bind>
</comp>

<comp id="104" class="1004" name="layer4_out_read_read_fu_104">
<pin_list>
<pin id="105" dir="0" index="0" bw="160" slack="0"/>
<pin id="106" dir="0" index="1" bw="160" slack="0"/>
<pin id="107" dir="1" index="2" bw="160" slack="0"/>
</pin_list>
<bind>
<opcode="read(1150) " fcode="read"/>
<opset="layer4_out_read/2 "/>
</bind>
</comp>

<comp id="110" class="1004" name="write_ln57_write_fu_110">
<pin_list>
<pin id="111" dir="0" index="0" bw="0" slack="0"/>
<pin id="112" dir="0" index="1" bw="160" slack="0"/>
<pin id="113" dir="0" index="2" bw="159" slack="0"/>
<pin id="114" dir="1" index="3" bw="0" slack="2147483647"/>
</pin_list>
<bind>
<opcode="write(1151) " fcode="write"/>
<opset="write_ln57/3 "/>
</bind>
</comp>

<comp id="117" class="1004" name="store_ln41_store_fu_117">
<pin_list>
<pin id="118" dir="0" index="0" bw="1" slack="0"/>
<pin id="119" dir="0" index="1" bw="8" slack="0"/>
<pin id="120" dir="1" index="2" bw="0" slack="2147483647"/>
</pin_list>
<bind>
<opcode="store(28) " fcode="store"/>
<opset="store_ln41/1 "/>
</bind>
</comp>

<comp id="122" class="1004" name="i_3_load_fu_122">
<pin_list>
<pin id="123" dir="0" index="0" bw="8" slack="0"/>
<pin id="124" dir="1" index="1" bw="8" slack="0"/>
</pin_list>
<bind>
<opcode="load(27) " fcode="load"/>
<opset="i_3/1 "/>
</bind>
</comp>

<comp id="125" class="1004" name="icmp_ln41_fu_125">
<pin_list>
<pin id="126" dir="0" index="0" bw="8" slack="0"/>
<pin id="127" dir="0" index="1" bw="8" slack="0"/>
<pin id="128" dir="1" index="2" bw="1" slack="1"/>
</pin_list>
<bind>
<opcode="icmp(45) " fcode="icmp"/>
<opset="icmp_ln41/1 "/>
</bind>
</comp>

<comp id="131" class="1004" name="i_4_fu_131">
<pin_list>
<pin id="132" dir="0" index="0" bw="8" slack="0"/>
<pin id="133" dir="0" index="1" bw="1" slack="0"/>
<pin id="134" dir="1" index="2" bw="8" slack="0"/>
</pin_list>
<bind>
<opcode="add(8) " fcode="add"/>
<opset="i_4/1 "/>
</bind>
</comp>

<comp id="137" class="1004" name="store_ln41_store_fu_137">
<pin_list>
<pin id="138" dir="0" index="0" bw="8" slack="0"/>
<pin id="139" dir="0" index="1" bw="8" slack="0"/>
<pin id="140" dir="1" index="2" bw="0" slack="2147483647"/>
</pin_list>
<bind>
<opcode="store(28) " fcode="store"/>
<opset="store_ln41/1 "/>
</bind>
</comp>

<comp id="142" class="1004" name="in_data_fu_142">
<pin_list>
<pin id="143" dir="0" index="0" bw="160" slack="0"/>
<pin id="144" dir="1" index="1" bw="16" slack="0"/>
</pin_list>
<bind>
<opcode="trunc(33) " fcode="trunc"/>
<opset="in_data/2 "/>
</bind>
</comp>

<comp id="146" class="1004" name="trunc_ln44_45_fu_146">
<pin_list>
<pin id="147" dir="0" index="0" bw="160" slack="0"/>
<pin id="148" dir="1" index="1" bw="15" slack="0"/>
</pin_list>
<bind>
<opcode="trunc(33) " fcode="trunc"/>
<opset="trunc_ln44_45/2 "/>
</bind>
</comp>

<comp id="150" class="1004" name="in_data_10_fu_150">
<pin_list>
<pin id="151" dir="0" index="0" bw="16" slack="0"/>
<pin id="152" dir="0" index="1" bw="160" slack="0"/>
<pin id="153" dir="0" index="2" bw="6" slack="0"/>
<pin id="154" dir="0" index="3" bw="6" slack="0"/>
<pin id="155" dir="1" index="4" bw="16" slack="0"/>
</pin_list>
<bind>
<opcode="partselect(1002) " fcode="partselect"/>
<opset="in_data_10/2 "/>
</bind>
</comp>

<comp id="160" class="1004" name="trunc_ln44_s_fu_160">
<pin_list>
<pin id="161" dir="0" index="0" bw="15" slack="0"/>
<pin id="162" dir="0" index="1" bw="160" slack="0"/>
<pin id="163" dir="0" index="2" bw="6" slack="0"/>
<pin id="164" dir="0" index="3" bw="6" slack="0"/>
<pin id="165" dir="1" index="4" bw="15" slack="0"/>
</pin_list>
<bind>
<opcode="partselect(1002) " fcode="partselect"/>
<opset="trunc_ln44_s/2 "/>
</bind>
</comp>

<comp id="170" class="1004" name="in_data_11_fu_170">
<pin_list>
<pin id="171" dir="0" index="0" bw="16" slack="0"/>
<pin id="172" dir="0" index="1" bw="160" slack="0"/>
<pin id="173" dir="0" index="2" bw="7" slack="0"/>
<pin id="174" dir="0" index="3" bw="7" slack="0"/>
<pin id="175" dir="1" index="4" bw="16" slack="0"/>
</pin_list>
<bind>
<opcode="partselect(1002) " fcode="partselect"/>
<opset="in_data_11/2 "/>
</bind>
</comp>

<comp id="180" class="1004" name="trunc_ln44_35_fu_180">
<pin_list>
<pin id="181" dir="0" index="0" bw="15" slack="0"/>
<pin id="182" dir="0" index="1" bw="160" slack="0"/>
<pin id="183" dir="0" index="2" bw="7" slack="0"/>
<pin id="184" dir="0" index="3" bw="7" slack="0"/>
<pin id="185" dir="1" index="4" bw="15" slack="0"/>
</pin_list>
<bind>
<opcode="partselect(1002) " fcode="partselect"/>
<opset="trunc_ln44_35/2 "/>
</bind>
</comp>

<comp id="190" class="1004" name="in_data_12_fu_190">
<pin_list>
<pin id="191" dir="0" index="0" bw="16" slack="0"/>
<pin id="192" dir="0" index="1" bw="160" slack="0"/>
<pin id="193" dir="0" index="2" bw="7" slack="0"/>
<pin id="194" dir="0" index="3" bw="7" slack="0"/>
<pin id="195" dir="1" index="4" bw="16" slack="0"/>
</pin_list>
<bind>
<opcode="partselect(1002) " fcode="partselect"/>
<opset="in_data_12/2 "/>
</bind>
</comp>

<comp id="200" class="1004" name="trunc_ln44_36_fu_200">
<pin_list>
<pin id="201" dir="0" index="0" bw="15" slack="0"/>
<pin id="202" dir="0" index="1" bw="160" slack="0"/>
<pin id="203" dir="0" index="2" bw="7" slack="0"/>
<pin id="204" dir="0" index="3" bw="7" slack="0"/>
<pin id="205" dir="1" index="4" bw="15" slack="0"/>
</pin_list>
<bind>
<opcode="partselect(1002) " fcode="partselect"/>
<opset="trunc_ln44_36/2 "/>
</bind>
</comp>

<comp id="210" class="1004" name="trunc_ln44_23_fu_210">
<pin_list>
<pin id="211" dir="0" index="0" bw="16" slack="0"/>
<pin id="212" dir="0" index="1" bw="160" slack="0"/>
<pin id="213" dir="0" index="2" bw="8" slack="0"/>
<pin id="214" dir="0" index="3" bw="8" slack="0"/>
<pin id="215" dir="1" index="4" bw="16" slack="0"/>
</pin_list>
<bind>
<opcode="partselect(1002) " fcode="partselect"/>
<opset="trunc_ln44_23/2 "/>
</bind>
</comp>

<comp id="220" class="1004" name="trunc_ln44_37_fu_220">
<pin_list>
<pin id="221" dir="0" index="0" bw="15" slack="0"/>
<pin id="222" dir="0" index="1" bw="160" slack="0"/>
<pin id="223" dir="0" index="2" bw="8" slack="0"/>
<pin id="224" dir="0" index="3" bw="8" slack="0"/>
<pin id="225" dir="1" index="4" bw="15" slack="0"/>
</pin_list>
<bind>
<opcode="partselect(1002) " fcode="partselect"/>
<opset="trunc_ln44_37/2 "/>
</bind>
</comp>

<comp id="230" class="1004" name="trunc_ln44_24_fu_230">
<pin_list>
<pin id="231" dir="0" index="0" bw="16" slack="0"/>
<pin id="232" dir="0" index="1" bw="160" slack="0"/>
<pin id="233" dir="0" index="2" bw="8" slack="0"/>
<pin id="234" dir="0" index="3" bw="8" slack="0"/>
<pin id="235" dir="1" index="4" bw="16" slack="0"/>
</pin_list>
<bind>
<opcode="partselect(1002) " fcode="partselect"/>
<opset="trunc_ln44_24/2 "/>
</bind>
</comp>

<comp id="240" class="1004" name="trunc_ln44_38_fu_240">
<pin_list>
<pin id="241" dir="0" index="0" bw="15" slack="0"/>
<pin id="242" dir="0" index="1" bw="160" slack="0"/>
<pin id="243" dir="0" index="2" bw="8" slack="0"/>
<pin id="244" dir="0" index="3" bw="8" slack="0"/>
<pin id="245" dir="1" index="4" bw="15" slack="0"/>
</pin_list>
<bind>
<opcode="partselect(1002) " fcode="partselect"/>
<opset="trunc_ln44_38/2 "/>
</bind>
</comp>

<comp id="250" class="1004" name="trunc_ln44_25_fu_250">
<pin_list>
<pin id="251" dir="0" index="0" bw="16" slack="0"/>
<pin id="252" dir="0" index="1" bw="160" slack="0"/>
<pin id="253" dir="0" index="2" bw="8" slack="0"/>
<pin id="254" dir="0" index="3" bw="8" slack="0"/>
<pin id="255" dir="1" index="4" bw="16" slack="0"/>
</pin_list>
<bind>
<opcode="partselect(1002) " fcode="partselect"/>
<opset="trunc_ln44_25/2 "/>
</bind>
</comp>

<comp id="260" class="1004" name="trunc_ln44_39_fu_260">
<pin_list>
<pin id="261" dir="0" index="0" bw="15" slack="0"/>
<pin id="262" dir="0" index="1" bw="160" slack="0"/>
<pin id="263" dir="0" index="2" bw="8" slack="0"/>
<pin id="264" dir="0" index="3" bw="8" slack="0"/>
<pin id="265" dir="1" index="4" bw="15" slack="0"/>
</pin_list>
<bind>
<opcode="partselect(1002) " fcode="partselect"/>
<opset="trunc_ln44_39/2 "/>
</bind>
</comp>

<comp id="270" class="1004" name="trunc_ln44_26_fu_270">
<pin_list>
<pin id="271" dir="0" index="0" bw="16" slack="0"/>
<pin id="272" dir="0" index="1" bw="160" slack="0"/>
<pin id="273" dir="0" index="2" bw="8" slack="0"/>
<pin id="274" dir="0" index="3" bw="8" slack="0"/>
<pin id="275" dir="1" index="4" bw="16" slack="0"/>
</pin_list>
<bind>
<opcode="partselect(1002) " fcode="partselect"/>
<opset="trunc_ln44_26/2 "/>
</bind>
</comp>

<comp id="280" class="1004" name="trunc_ln44_40_fu_280">
<pin_list>
<pin id="281" dir="0" index="0" bw="15" slack="0"/>
<pin id="282" dir="0" index="1" bw="160" slack="0"/>
<pin id="283" dir="0" index="2" bw="8" slack="0"/>
<pin id="284" dir="0" index="3" bw="8" slack="0"/>
<pin id="285" dir="1" index="4" bw="15" slack="0"/>
</pin_list>
<bind>
<opcode="partselect(1002) " fcode="partselect"/>
<opset="trunc_ln44_40/2 "/>
</bind>
</comp>

<comp id="290" class="1004" name="trunc_ln44_27_fu_290">
<pin_list>
<pin id="291" dir="0" index="0" bw="16" slack="0"/>
<pin id="292" dir="0" index="1" bw="160" slack="0"/>
<pin id="293" dir="0" index="2" bw="9" slack="0"/>
<pin id="294" dir="0" index="3" bw="9" slack="0"/>
<pin id="295" dir="1" index="4" bw="16" slack="0"/>
</pin_list>
<bind>
<opcode="partselect(1002) " fcode="partselect"/>
<opset="trunc_ln44_27/2 "/>
</bind>
</comp>

<comp id="300" class="1004" name="trunc_ln44_41_fu_300">
<pin_list>
<pin id="301" dir="0" index="0" bw="15" slack="0"/>
<pin id="302" dir="0" index="1" bw="160" slack="0"/>
<pin id="303" dir="0" index="2" bw="9" slack="0"/>
<pin id="304" dir="0" index="3" bw="9" slack="0"/>
<pin id="305" dir="1" index="4" bw="15" slack="0"/>
</pin_list>
<bind>
<opcode="partselect(1002) " fcode="partselect"/>
<opset="trunc_ln44_41/2 "/>
</bind>
</comp>

<comp id="310" class="1004" name="trunc_ln44_28_fu_310">
<pin_list>
<pin id="311" dir="0" index="0" bw="16" slack="0"/>
<pin id="312" dir="0" index="1" bw="160" slack="0"/>
<pin id="313" dir="0" index="2" bw="9" slack="0"/>
<pin id="314" dir="0" index="3" bw="9" slack="0"/>
<pin id="315" dir="1" index="4" bw="16" slack="0"/>
</pin_list>
<bind>
<opcode="partselect(1002) " fcode="partselect"/>
<opset="trunc_ln44_28/2 "/>
</bind>
</comp>

<comp id="320" class="1004" name="trunc_ln44_42_fu_320">
<pin_list>
<pin id="321" dir="0" index="0" bw="15" slack="0"/>
<pin id="322" dir="0" index="1" bw="160" slack="0"/>
<pin id="323" dir="0" index="2" bw="9" slack="0"/>
<pin id="324" dir="0" index="3" bw="9" slack="0"/>
<pin id="325" dir="1" index="4" bw="15" slack="0"/>
</pin_list>
<bind>
<opcode="partselect(1002) " fcode="partselect"/>
<opset="trunc_ln44_42/2 "/>
</bind>
</comp>

<comp id="330" class="1004" name="icmp_ln51_fu_330">
<pin_list>
<pin id="331" dir="0" index="0" bw="16" slack="0"/>
<pin id="332" dir="0" index="1" bw="16" slack="0"/>
<pin id="333" dir="1" index="2" bw="1" slack="0"/>
</pin_list>
<bind>
<opcode="icmp(45) " fcode="icmp"/>
<opset="icmp_ln51/2 "/>
</bind>
</comp>

<comp id="336" class="1004" name="out_data_8_fu_336">
<pin_list>
<pin id="337" dir="0" index="0" bw="1" slack="0"/>
<pin id="338" dir="0" index="1" bw="15" slack="0"/>
<pin id="339" dir="0" index="2" bw="15" slack="0"/>
<pin id="340" dir="1" index="3" bw="15" slack="1"/>
</pin_list>
<bind>
<opcode="select(49) " fcode="select"/>
<opset="out_data_8/2 "/>
</bind>
</comp>

<comp id="344" class="1004" name="icmp_ln51_20_fu_344">
<pin_list>
<pin id="345" dir="0" index="0" bw="16" slack="0"/>
<pin id="346" dir="0" index="1" bw="16" slack="0"/>
<pin id="347" dir="1" index="2" bw="1" slack="0"/>
</pin_list>
<bind>
<opcode="icmp(45) " fcode="icmp"/>
<opset="icmp_ln51_20/2 "/>
</bind>
</comp>

<comp id="350" class="1004" name="out_data_10_fu_350">
<pin_list>
<pin id="351" dir="0" index="0" bw="1" slack="0"/>
<pin id="352" dir="0" index="1" bw="15" slack="0"/>
<pin id="353" dir="0" index="2" bw="15" slack="0"/>
<pin id="354" dir="1" index="3" bw="15" slack="1"/>
</pin_list>
<bind>
<opcode="select(49) " fcode="select"/>
<opset="out_data_10/2 "/>
</bind>
</comp>

<comp id="358" class="1004" name="icmp_ln51_21_fu_358">
<pin_list>
<pin id="359" dir="0" index="0" bw="16" slack="0"/>
<pin id="360" dir="0" index="1" bw="16" slack="0"/>
<pin id="361" dir="1" index="2" bw="1" slack="0"/>
</pin_list>
<bind>
<opcode="icmp(45) " fcode="icmp"/>
<opset="icmp_ln51_21/2 "/>
</bind>
</comp>

<comp id="364" class="1004" name="out_data_12_fu_364">
<pin_list>
<pin id="365" dir="0" index="0" bw="1" slack="0"/>
<pin id="366" dir="0" index="1" bw="15" slack="0"/>
<pin id="367" dir="0" index="2" bw="15" slack="0"/>
<pin id="368" dir="1" index="3" bw="15" slack="1"/>
</pin_list>
<bind>
<opcode="select(49) " fcode="select"/>
<opset="out_data_12/2 "/>
</bind>
</comp>

<comp id="372" class="1004" name="icmp_ln51_22_fu_372">
<pin_list>
<pin id="373" dir="0" index="0" bw="16" slack="0"/>
<pin id="374" dir="0" index="1" bw="16" slack="0"/>
<pin id="375" dir="1" index="2" bw="1" slack="0"/>
</pin_list>
<bind>
<opcode="icmp(45) " fcode="icmp"/>
<opset="icmp_ln51_22/2 "/>
</bind>
</comp>

<comp id="378" class="1004" name="out_data_14_fu_378">
<pin_list>
<pin id="379" dir="0" index="0" bw="1" slack="0"/>
<pin id="380" dir="0" index="1" bw="15" slack="0"/>
<pin id="381" dir="0" index="2" bw="15" slack="0"/>
<pin id="382" dir="1" index="3" bw="15" slack="1"/>
</pin_list>
<bind>
<opcode="select(49) " fcode="select"/>
<opset="out_data_14/2 "/>
</bind>
</comp>

<comp id="386" class="1004" name="icmp_ln51_23_fu_386">
<pin_list>
<pin id="387" dir="0" index="0" bw="16" slack="0"/>
<pin id="388" dir="0" index="1" bw="16" slack="0"/>
<pin id="389" dir="1" index="2" bw="1" slack="0"/>
</pin_list>
<bind>
<opcode="icmp(45) " fcode="icmp"/>
<opset="icmp_ln51_23/2 "/>
</bind>
</comp>

<comp id="392" class="1004" name="select_ln51_fu_392">
<pin_list>
<pin id="393" dir="0" index="0" bw="1" slack="0"/>
<pin id="394" dir="0" index="1" bw="15" slack="0"/>
<pin id="395" dir="0" index="2" bw="15" slack="0"/>
<pin id="396" dir="1" index="3" bw="15" slack="1"/>
</pin_list>
<bind>
<opcode="select(49) " fcode="select"/>
<opset="select_ln51/2 "/>
</bind>
</comp>

<comp id="400" class="1004" name="icmp_ln51_24_fu_400">
<pin_list>
<pin id="401" dir="0" index="0" bw="16" slack="0"/>
<pin id="402" dir="0" index="1" bw="16" slack="0"/>
<pin id="403" dir="1" index="2" bw="1" slack="0"/>
</pin_list>
<bind>
<opcode="icmp(45) " fcode="icmp"/>
<opset="icmp_ln51_24/2 "/>
</bind>
</comp>

<comp id="406" class="1004" name="select_ln51_16_fu_406">
<pin_list>
<pin id="407" dir="0" index="0" bw="1" slack="0"/>
<pin id="408" dir="0" index="1" bw="15" slack="0"/>
<pin id="409" dir="0" index="2" bw="15" slack="0"/>
<pin id="410" dir="1" index="3" bw="15" slack="1"/>
</pin_list>
<bind>
<opcode="select(49) " fcode="select"/>
<opset="select_ln51_16/2 "/>
</bind>
</comp>

<comp id="414" class="1004" name="icmp_ln51_25_fu_414">
<pin_list>
<pin id="415" dir="0" index="0" bw="16" slack="0"/>
<pin id="416" dir="0" index="1" bw="16" slack="0"/>
<pin id="417" dir="1" index="2" bw="1" slack="0"/>
</pin_list>
<bind>
<opcode="icmp(45) " fcode="icmp"/>
<opset="icmp_ln51_25/2 "/>
</bind>
</comp>

<comp id="420" class="1004" name="select_ln51_17_fu_420">
<pin_list>
<pin id="421" dir="0" index="0" bw="1" slack="0"/>
<pin id="422" dir="0" index="1" bw="15" slack="0"/>
<pin id="423" dir="0" index="2" bw="15" slack="0"/>
<pin id="424" dir="1" index="3" bw="15" slack="1"/>
</pin_list>
<bind>
<opcode="select(49) " fcode="select"/>
<opset="select_ln51_17/2 "/>
</bind>
</comp>

<comp id="428" class="1004" name="icmp_ln51_26_fu_428">
<pin_list>
<pin id="429" dir="0" index="0" bw="16" slack="0"/>
<pin id="430" dir="0" index="1" bw="16" slack="0"/>
<pin id="431" dir="1" index="2" bw="1" slack="0"/>
</pin_list>
<bind>
<opcode="icmp(45) " fcode="icmp"/>
<opset="icmp_ln51_26/2 "/>
</bind>
</comp>

<comp id="434" class="1004" name="select_ln51_18_fu_434">
<pin_list>
<pin id="435" dir="0" index="0" bw="1" slack="0"/>
<pin id="436" dir="0" index="1" bw="15" slack="0"/>
<pin id="437" dir="0" index="2" bw="15" slack="0"/>
<pin id="438" dir="1" index="3" bw="15" slack="1"/>
</pin_list>
<bind>
<opcode="select(49) " fcode="select"/>
<opset="select_ln51_18/2 "/>
</bind>
</comp>

<comp id="442" class="1004" name="icmp_ln51_27_fu_442">
<pin_list>
<pin id="443" dir="0" index="0" bw="16" slack="0"/>
<pin id="444" dir="0" index="1" bw="16" slack="0"/>
<pin id="445" dir="1" index="2" bw="1" slack="0"/>
</pin_list>
<bind>
<opcode="icmp(45) " fcode="icmp"/>
<opset="icmp_ln51_27/2 "/>
</bind>
</comp>

<comp id="448" class="1004" name="select_ln51_19_fu_448">
<pin_list>
<pin id="449" dir="0" index="0" bw="1" slack="0"/>
<pin id="450" dir="0" index="1" bw="15" slack="0"/>
<pin id="451" dir="0" index="2" bw="15" slack="0"/>
<pin id="452" dir="1" index="3" bw="15" slack="1"/>
</pin_list>
<bind>
<opcode="select(49) " fcode="select"/>
<opset="select_ln51_19/2 "/>
</bind>
</comp>

<comp id="456" class="1004" name="icmp_ln51_28_fu_456">
<pin_list>
<pin id="457" dir="0" index="0" bw="16" slack="0"/>
<pin id="458" dir="0" index="1" bw="16" slack="0"/>
<pin id="459" dir="1" index="2" bw="1" slack="0"/>
</pin_list>
<bind>
<opcode="icmp(45) " fcode="icmp"/>
<opset="icmp_ln51_28/2 "/>
</bind>
</comp>

<comp id="462" class="1004" name="select_ln51_20_fu_462">
<pin_list>
<pin id="463" dir="0" index="0" bw="1" slack="0"/>
<pin id="464" dir="0" index="1" bw="15" slack="0"/>
<pin id="465" dir="0" index="2" bw="15" slack="0"/>
<pin id="466" dir="1" index="3" bw="15" slack="1"/>
</pin_list>
<bind>
<opcode="select(49) " fcode="select"/>
<opset="select_ln51_20/2 "/>
</bind>
</comp>

<comp id="470" class="1004" name="zext_ln45_fu_470">
<pin_list>
<pin id="471" dir="0" index="0" bw="15" slack="1"/>
<pin id="472" dir="1" index="1" bw="16" slack="0"/>
</pin_list>
<bind>
<opcode="zext(34) " fcode="zext"/>
<opset="zext_ln45/3 "/>
</bind>
</comp>

<comp id="473" class="1004" name="zext_ln45_4_fu_473">
<pin_list>
<pin id="474" dir="0" index="0" bw="15" slack="1"/>
<pin id="475" dir="1" index="1" bw="16" slack="0"/>
</pin_list>
<bind>
<opcode="zext(34) " fcode="zext"/>
<opset="zext_ln45_4/3 "/>
</bind>
</comp>

<comp id="476" class="1004" name="zext_ln45_5_fu_476">
<pin_list>
<pin id="477" dir="0" index="0" bw="15" slack="1"/>
<pin id="478" dir="1" index="1" bw="16" slack="0"/>
</pin_list>
<bind>
<opcode="zext(34) " fcode="zext"/>
<opset="zext_ln45_5/3 "/>
</bind>
</comp>

<comp id="479" class="1004" name="zext_ln45_6_fu_479">
<pin_list>
<pin id="480" dir="0" index="0" bw="15" slack="1"/>
<pin id="481" dir="1" index="1" bw="16" slack="0"/>
</pin_list>
<bind>
<opcode="zext(34) " fcode="zext"/>
<opset="zext_ln45_6/3 "/>
</bind>
</comp>

<comp id="482" class="1004" name="zext_ln51_fu_482">
<pin_list>
<pin id="483" dir="0" index="0" bw="15" slack="1"/>
<pin id="484" dir="1" index="1" bw="16" slack="0"/>
</pin_list>
<bind>
<opcode="zext(34) " fcode="zext"/>
<opset="zext_ln51/3 "/>
</bind>
</comp>

<comp id="485" class="1004" name="zext_ln51_15_fu_485">
<pin_list>
<pin id="486" dir="0" index="0" bw="15" slack="1"/>
<pin id="487" dir="1" index="1" bw="16" slack="0"/>
</pin_list>
<bind>
<opcode="zext(34) " fcode="zext"/>
<opset="zext_ln51_15/3 "/>
</bind>
</comp>

<comp id="488" class="1004" name="zext_ln51_16_fu_488">
<pin_list>
<pin id="489" dir="0" index="0" bw="15" slack="1"/>
<pin id="490" dir="1" index="1" bw="16" slack="0"/>
</pin_list>
<bind>
<opcode="zext(34) " fcode="zext"/>
<opset="zext_ln51_16/3 "/>
</bind>
</comp>

<comp id="491" class="1004" name="zext_ln51_17_fu_491">
<pin_list>
<pin id="492" dir="0" index="0" bw="15" slack="1"/>
<pin id="493" dir="1" index="1" bw="16" slack="0"/>
</pin_list>
<bind>
<opcode="zext(34) " fcode="zext"/>
<opset="zext_ln51_17/3 "/>
</bind>
</comp>

<comp id="494" class="1004" name="zext_ln51_18_fu_494">
<pin_list>
<pin id="495" dir="0" index="0" bw="15" slack="1"/>
<pin id="496" dir="1" index="1" bw="16" slack="0"/>
</pin_list>
<bind>
<opcode="zext(34) " fcode="zext"/>
<opset="zext_ln51_18/3 "/>
</bind>
</comp>

<comp id="497" class="1004" name="or_ln57_s_fu_497">
<pin_list>
<pin id="498" dir="0" index="0" bw="159" slack="0"/>
<pin id="499" dir="0" index="1" bw="15" slack="1"/>
<pin id="500" dir="0" index="2" bw="15" slack="0"/>
<pin id="501" dir="0" index="3" bw="15" slack="0"/>
<pin id="502" dir="0" index="4" bw="15" slack="0"/>
<pin id="503" dir="0" index="5" bw="15" slack="0"/>
<pin id="504" dir="0" index="6" bw="15" slack="0"/>
<pin id="505" dir="0" index="7" bw="15" slack="0"/>
<pin id="506" dir="0" index="8" bw="15" slack="0"/>
<pin id="507" dir="0" index="9" bw="15" slack="0"/>
<pin id="508" dir="0" index="10" bw="15" slack="0"/>
<pin id="509" dir="1" index="11" bw="159" slack="0"/>
</pin_list>
<bind>
<opcode="bitconcatenate(1004) " fcode="bitconcatenate"/>
<opset="or_ln57_s/3 "/>
</bind>
</comp>

<comp id="520" class="1004" name="zext_ln57_fu_520">
<pin_list>
<pin id="521" dir="0" index="0" bw="159" slack="0"/>
<pin id="522" dir="1" index="1" bw="160" slack="0"/>
</pin_list>
<bind>
<opcode="zext(34) " fcode="zext"/>
<opset="zext_ln57/3 "/>
</bind>
</comp>

<comp id="525" class="1005" name="i_reg_525">
<pin_list>
<pin id="526" dir="0" index="0" bw="8" slack="0"/>
<pin id="527" dir="1" index="1" bw="8" slack="0"/>
</pin_list>
<bind>
<opset="i "/>
</bind>
</comp>

<comp id="532" class="1005" name="icmp_ln41_reg_532">
<pin_list>
<pin id="533" dir="0" index="0" bw="1" slack="1"/>
<pin id="534" dir="1" index="1" bw="1" slack="2147483647"/>
</pin_list>
<bind>
<opset="icmp_ln41 "/>
</bind>
</comp>

<comp id="536" class="1005" name="out_data_8_reg_536">
<pin_list>
<pin id="537" dir="0" index="0" bw="15" slack="1"/>
<pin id="538" dir="1" index="1" bw="15" slack="1"/>
</pin_list>
<bind>
<opset="out_data_8 "/>
</bind>
</comp>

<comp id="541" class="1005" name="out_data_10_reg_541">
<pin_list>
<pin id="542" dir="0" index="0" bw="15" slack="1"/>
<pin id="543" dir="1" index="1" bw="15" slack="1"/>
</pin_list>
<bind>
<opset="out_data_10 "/>
</bind>
</comp>

<comp id="546" class="1005" name="out_data_12_reg_546">
<pin_list>
<pin id="547" dir="0" index="0" bw="15" slack="1"/>
<pin id="548" dir="1" index="1" bw="15" slack="1"/>
</pin_list>
<bind>
<opset="out_data_12 "/>
</bind>
</comp>

<comp id="551" class="1005" name="out_data_14_reg_551">
<pin_list>
<pin id="552" dir="0" index="0" bw="15" slack="1"/>
<pin id="553" dir="1" index="1" bw="15" slack="1"/>
</pin_list>
<bind>
<opset="out_data_14 "/>
</bind>
</comp>

<comp id="556" class="1005" name="select_ln51_reg_556">
<pin_list>
<pin id="557" dir="0" index="0" bw="15" slack="1"/>
<pin id="558" dir="1" index="1" bw="15" slack="1"/>
</pin_list>
<bind>
<opset="select_ln51 "/>
</bind>
</comp>

<comp id="561" class="1005" name="select_ln51_16_reg_561">
<pin_list>
<pin id="562" dir="0" index="0" bw="15" slack="1"/>
<pin id="563" dir="1" index="1" bw="15" slack="1"/>
</pin_list>
<bind>
<opset="select_ln51_16 "/>
</bind>
</comp>

<comp id="566" class="1005" name="select_ln51_17_reg_566">
<pin_list>
<pin id="567" dir="0" index="0" bw="15" slack="1"/>
<pin id="568" dir="1" index="1" bw="15" slack="1"/>
</pin_list>
<bind>
<opset="select_ln51_17 "/>
</bind>
</comp>

<comp id="571" class="1005" name="select_ln51_18_reg_571">
<pin_list>
<pin id="572" dir="0" index="0" bw="15" slack="1"/>
<pin id="573" dir="1" index="1" bw="15" slack="1"/>
</pin_list>
<bind>
<opset="select_ln51_18 "/>
</bind>
</comp>

<comp id="576" class="1005" name="select_ln51_19_reg_576">
<pin_list>
<pin id="577" dir="0" index="0" bw="15" slack="1"/>
<pin id="578" dir="1" index="1" bw="15" slack="1"/>
</pin_list>
<bind>
<opset="select_ln51_19 "/>
</bind>
</comp>

<comp id="581" class="1005" name="select_ln51_20_reg_581">
<pin_list>
<pin id="582" dir="0" index="0" bw="15" slack="1"/>
<pin id="583" dir="1" index="1" bw="15" slack="1"/>
</pin_list>
<bind>
<opset="select_ln51_20 "/>
</bind>
</comp>

</comp_list>

<net_list>
<net id="103"><net_src comp="4" pin="0"/><net_sink comp="100" pin=0"/></net>

<net id="108"><net_src comp="22" pin="0"/><net_sink comp="104" pin=0"/></net>

<net id="109"><net_src comp="0" pin="0"/><net_sink comp="104" pin=1"/></net>

<net id="115"><net_src comp="98" pin="0"/><net_sink comp="110" pin=0"/></net>

<net id="116"><net_src comp="2" pin="0"/><net_sink comp="110" pin=1"/></net>

<net id="121"><net_src comp="16" pin="0"/><net_sink comp="117" pin=0"/></net>

<net id="129"><net_src comp="122" pin="1"/><net_sink comp="125" pin=0"/></net>

<net id="130"><net_src comp="18" pin="0"/><net_sink comp="125" pin=1"/></net>

<net id="135"><net_src comp="122" pin="1"/><net_sink comp="131" pin=0"/></net>

<net id="136"><net_src comp="20" pin="0"/><net_sink comp="131" pin=1"/></net>

<net id="141"><net_src comp="131" pin="2"/><net_sink comp="137" pin=0"/></net>

<net id="145"><net_src comp="104" pin="2"/><net_sink comp="142" pin=0"/></net>

<net id="149"><net_src comp="104" pin="2"/><net_sink comp="146" pin=0"/></net>

<net id="156"><net_src comp="24" pin="0"/><net_sink comp="150" pin=0"/></net>

<net id="157"><net_src comp="104" pin="2"/><net_sink comp="150" pin=1"/></net>

<net id="158"><net_src comp="26" pin="0"/><net_sink comp="150" pin=2"/></net>

<net id="159"><net_src comp="28" pin="0"/><net_sink comp="150" pin=3"/></net>

<net id="166"><net_src comp="30" pin="0"/><net_sink comp="160" pin=0"/></net>

<net id="167"><net_src comp="104" pin="2"/><net_sink comp="160" pin=1"/></net>

<net id="168"><net_src comp="26" pin="0"/><net_sink comp="160" pin=2"/></net>

<net id="169"><net_src comp="32" pin="0"/><net_sink comp="160" pin=3"/></net>

<net id="176"><net_src comp="24" pin="0"/><net_sink comp="170" pin=0"/></net>

<net id="177"><net_src comp="104" pin="2"/><net_sink comp="170" pin=1"/></net>

<net id="178"><net_src comp="34" pin="0"/><net_sink comp="170" pin=2"/></net>

<net id="179"><net_src comp="36" pin="0"/><net_sink comp="170" pin=3"/></net>

<net id="186"><net_src comp="30" pin="0"/><net_sink comp="180" pin=0"/></net>

<net id="187"><net_src comp="104" pin="2"/><net_sink comp="180" pin=1"/></net>

<net id="188"><net_src comp="34" pin="0"/><net_sink comp="180" pin=2"/></net>

<net id="189"><net_src comp="38" pin="0"/><net_sink comp="180" pin=3"/></net>

<net id="196"><net_src comp="24" pin="0"/><net_sink comp="190" pin=0"/></net>

<net id="197"><net_src comp="104" pin="2"/><net_sink comp="190" pin=1"/></net>

<net id="198"><net_src comp="40" pin="0"/><net_sink comp="190" pin=2"/></net>

<net id="199"><net_src comp="42" pin="0"/><net_sink comp="190" pin=3"/></net>

<net id="206"><net_src comp="30" pin="0"/><net_sink comp="200" pin=0"/></net>

<net id="207"><net_src comp="104" pin="2"/><net_sink comp="200" pin=1"/></net>

<net id="208"><net_src comp="40" pin="0"/><net_sink comp="200" pin=2"/></net>

<net id="209"><net_src comp="44" pin="0"/><net_sink comp="200" pin=3"/></net>

<net id="216"><net_src comp="24" pin="0"/><net_sink comp="210" pin=0"/></net>

<net id="217"><net_src comp="104" pin="2"/><net_sink comp="210" pin=1"/></net>

<net id="218"><net_src comp="46" pin="0"/><net_sink comp="210" pin=2"/></net>

<net id="219"><net_src comp="48" pin="0"/><net_sink comp="210" pin=3"/></net>

<net id="226"><net_src comp="30" pin="0"/><net_sink comp="220" pin=0"/></net>

<net id="227"><net_src comp="104" pin="2"/><net_sink comp="220" pin=1"/></net>

<net id="228"><net_src comp="46" pin="0"/><net_sink comp="220" pin=2"/></net>

<net id="229"><net_src comp="50" pin="0"/><net_sink comp="220" pin=3"/></net>

<net id="236"><net_src comp="24" pin="0"/><net_sink comp="230" pin=0"/></net>

<net id="237"><net_src comp="104" pin="2"/><net_sink comp="230" pin=1"/></net>

<net id="238"><net_src comp="52" pin="0"/><net_sink comp="230" pin=2"/></net>

<net id="239"><net_src comp="54" pin="0"/><net_sink comp="230" pin=3"/></net>

<net id="246"><net_src comp="30" pin="0"/><net_sink comp="240" pin=0"/></net>

<net id="247"><net_src comp="104" pin="2"/><net_sink comp="240" pin=1"/></net>

<net id="248"><net_src comp="52" pin="0"/><net_sink comp="240" pin=2"/></net>

<net id="249"><net_src comp="56" pin="0"/><net_sink comp="240" pin=3"/></net>

<net id="256"><net_src comp="24" pin="0"/><net_sink comp="250" pin=0"/></net>

<net id="257"><net_src comp="104" pin="2"/><net_sink comp="250" pin=1"/></net>

<net id="258"><net_src comp="58" pin="0"/><net_sink comp="250" pin=2"/></net>

<net id="259"><net_src comp="60" pin="0"/><net_sink comp="250" pin=3"/></net>

<net id="266"><net_src comp="30" pin="0"/><net_sink comp="260" pin=0"/></net>

<net id="267"><net_src comp="104" pin="2"/><net_sink comp="260" pin=1"/></net>

<net id="268"><net_src comp="58" pin="0"/><net_sink comp="260" pin=2"/></net>

<net id="269"><net_src comp="62" pin="0"/><net_sink comp="260" pin=3"/></net>

<net id="276"><net_src comp="24" pin="0"/><net_sink comp="270" pin=0"/></net>

<net id="277"><net_src comp="104" pin="2"/><net_sink comp="270" pin=1"/></net>

<net id="278"><net_src comp="64" pin="0"/><net_sink comp="270" pin=2"/></net>

<net id="279"><net_src comp="66" pin="0"/><net_sink comp="270" pin=3"/></net>

<net id="286"><net_src comp="30" pin="0"/><net_sink comp="280" pin=0"/></net>

<net id="287"><net_src comp="104" pin="2"/><net_sink comp="280" pin=1"/></net>

<net id="288"><net_src comp="64" pin="0"/><net_sink comp="280" pin=2"/></net>

<net id="289"><net_src comp="68" pin="0"/><net_sink comp="280" pin=3"/></net>

<net id="296"><net_src comp="24" pin="0"/><net_sink comp="290" pin=0"/></net>

<net id="297"><net_src comp="104" pin="2"/><net_sink comp="290" pin=1"/></net>

<net id="298"><net_src comp="70" pin="0"/><net_sink comp="290" pin=2"/></net>

<net id="299"><net_src comp="72" pin="0"/><net_sink comp="290" pin=3"/></net>

<net id="306"><net_src comp="30" pin="0"/><net_sink comp="300" pin=0"/></net>

<net id="307"><net_src comp="104" pin="2"/><net_sink comp="300" pin=1"/></net>

<net id="308"><net_src comp="70" pin="0"/><net_sink comp="300" pin=2"/></net>

<net id="309"><net_src comp="74" pin="0"/><net_sink comp="300" pin=3"/></net>

<net id="316"><net_src comp="24" pin="0"/><net_sink comp="310" pin=0"/></net>

<net id="317"><net_src comp="104" pin="2"/><net_sink comp="310" pin=1"/></net>

<net id="318"><net_src comp="76" pin="0"/><net_sink comp="310" pin=2"/></net>

<net id="319"><net_src comp="78" pin="0"/><net_sink comp="310" pin=3"/></net>

<net id="326"><net_src comp="30" pin="0"/><net_sink comp="320" pin=0"/></net>

<net id="327"><net_src comp="104" pin="2"/><net_sink comp="320" pin=1"/></net>

<net id="328"><net_src comp="76" pin="0"/><net_sink comp="320" pin=2"/></net>

<net id="329"><net_src comp="80" pin="0"/><net_sink comp="320" pin=3"/></net>

<net id="334"><net_src comp="142" pin="1"/><net_sink comp="330" pin=0"/></net>

<net id="335"><net_src comp="82" pin="0"/><net_sink comp="330" pin=1"/></net>

<net id="341"><net_src comp="330" pin="2"/><net_sink comp="336" pin=0"/></net>

<net id="342"><net_src comp="146" pin="1"/><net_sink comp="336" pin=1"/></net>

<net id="343"><net_src comp="84" pin="0"/><net_sink comp="336" pin=2"/></net>

<net id="348"><net_src comp="150" pin="4"/><net_sink comp="344" pin=0"/></net>

<net id="349"><net_src comp="82" pin="0"/><net_sink comp="344" pin=1"/></net>

<net id="355"><net_src comp="344" pin="2"/><net_sink comp="350" pin=0"/></net>

<net id="356"><net_src comp="160" pin="4"/><net_sink comp="350" pin=1"/></net>

<net id="357"><net_src comp="84" pin="0"/><net_sink comp="350" pin=2"/></net>

<net id="362"><net_src comp="170" pin="4"/><net_sink comp="358" pin=0"/></net>

<net id="363"><net_src comp="82" pin="0"/><net_sink comp="358" pin=1"/></net>

<net id="369"><net_src comp="358" pin="2"/><net_sink comp="364" pin=0"/></net>

<net id="370"><net_src comp="180" pin="4"/><net_sink comp="364" pin=1"/></net>

<net id="371"><net_src comp="84" pin="0"/><net_sink comp="364" pin=2"/></net>

<net id="376"><net_src comp="190" pin="4"/><net_sink comp="372" pin=0"/></net>

<net id="377"><net_src comp="82" pin="0"/><net_sink comp="372" pin=1"/></net>

<net id="383"><net_src comp="372" pin="2"/><net_sink comp="378" pin=0"/></net>

<net id="384"><net_src comp="200" pin="4"/><net_sink comp="378" pin=1"/></net>

<net id="385"><net_src comp="84" pin="0"/><net_sink comp="378" pin=2"/></net>

<net id="390"><net_src comp="210" pin="4"/><net_sink comp="386" pin=0"/></net>

<net id="391"><net_src comp="82" pin="0"/><net_sink comp="386" pin=1"/></net>

<net id="397"><net_src comp="386" pin="2"/><net_sink comp="392" pin=0"/></net>

<net id="398"><net_src comp="220" pin="4"/><net_sink comp="392" pin=1"/></net>

<net id="399"><net_src comp="84" pin="0"/><net_sink comp="392" pin=2"/></net>

<net id="404"><net_src comp="230" pin="4"/><net_sink comp="400" pin=0"/></net>

<net id="405"><net_src comp="82" pin="0"/><net_sink comp="400" pin=1"/></net>

<net id="411"><net_src comp="400" pin="2"/><net_sink comp="406" pin=0"/></net>

<net id="412"><net_src comp="240" pin="4"/><net_sink comp="406" pin=1"/></net>

<net id="413"><net_src comp="84" pin="0"/><net_sink comp="406" pin=2"/></net>

<net id="418"><net_src comp="250" pin="4"/><net_sink comp="414" pin=0"/></net>

<net id="419"><net_src comp="82" pin="0"/><net_sink comp="414" pin=1"/></net>

<net id="425"><net_src comp="414" pin="2"/><net_sink comp="420" pin=0"/></net>

<net id="426"><net_src comp="260" pin="4"/><net_sink comp="420" pin=1"/></net>

<net id="427"><net_src comp="84" pin="0"/><net_sink comp="420" pin=2"/></net>

<net id="432"><net_src comp="270" pin="4"/><net_sink comp="428" pin=0"/></net>

<net id="433"><net_src comp="82" pin="0"/><net_sink comp="428" pin=1"/></net>

<net id="439"><net_src comp="428" pin="2"/><net_sink comp="434" pin=0"/></net>

<net id="440"><net_src comp="280" pin="4"/><net_sink comp="434" pin=1"/></net>

<net id="441"><net_src comp="84" pin="0"/><net_sink comp="434" pin=2"/></net>

<net id="446"><net_src comp="290" pin="4"/><net_sink comp="442" pin=0"/></net>

<net id="447"><net_src comp="82" pin="0"/><net_sink comp="442" pin=1"/></net>

<net id="453"><net_src comp="442" pin="2"/><net_sink comp="448" pin=0"/></net>

<net id="454"><net_src comp="300" pin="4"/><net_sink comp="448" pin=1"/></net>

<net id="455"><net_src comp="84" pin="0"/><net_sink comp="448" pin=2"/></net>

<net id="460"><net_src comp="310" pin="4"/><net_sink comp="456" pin=0"/></net>

<net id="461"><net_src comp="82" pin="0"/><net_sink comp="456" pin=1"/></net>

<net id="467"><net_src comp="456" pin="2"/><net_sink comp="462" pin=0"/></net>

<net id="468"><net_src comp="320" pin="4"/><net_sink comp="462" pin=1"/></net>

<net id="469"><net_src comp="84" pin="0"/><net_sink comp="462" pin=2"/></net>

<net id="510"><net_src comp="96" pin="0"/><net_sink comp="497" pin=0"/></net>

<net id="511"><net_src comp="494" pin="1"/><net_sink comp="497" pin=2"/></net>

<net id="512"><net_src comp="491" pin="1"/><net_sink comp="497" pin=3"/></net>

<net id="513"><net_src comp="488" pin="1"/><net_sink comp="497" pin=4"/></net>

<net id="514"><net_src comp="485" pin="1"/><net_sink comp="497" pin=5"/></net>

<net id="515"><net_src comp="482" pin="1"/><net_sink comp="497" pin=6"/></net>

<net id="516"><net_src comp="479" pin="1"/><net_sink comp="497" pin=7"/></net>

<net id="517"><net_src comp="476" pin="1"/><net_sink comp="497" pin=8"/></net>

<net id="518"><net_src comp="473" pin="1"/><net_sink comp="497" pin=9"/></net>

<net id="519"><net_src comp="470" pin="1"/><net_sink comp="497" pin=10"/></net>

<net id="523"><net_src comp="497" pin="11"/><net_sink comp="520" pin=0"/></net>

<net id="524"><net_src comp="520" pin="1"/><net_sink comp="110" pin=2"/></net>

<net id="528"><net_src comp="100" pin="1"/><net_sink comp="525" pin=0"/></net>

<net id="529"><net_src comp="525" pin="1"/><net_sink comp="117" pin=1"/></net>

<net id="530"><net_src comp="525" pin="1"/><net_sink comp="122" pin=0"/></net>

<net id="531"><net_src comp="525" pin="1"/><net_sink comp="137" pin=1"/></net>

<net id="535"><net_src comp="125" pin="2"/><net_sink comp="532" pin=0"/></net>

<net id="539"><net_src comp="336" pin="3"/><net_sink comp="536" pin=0"/></net>

<net id="540"><net_src comp="536" pin="1"/><net_sink comp="470" pin=0"/></net>

<net id="544"><net_src comp="350" pin="3"/><net_sink comp="541" pin=0"/></net>

<net id="545"><net_src comp="541" pin="1"/><net_sink comp="473" pin=0"/></net>

<net id="549"><net_src comp="364" pin="3"/><net_sink comp="546" pin=0"/></net>

<net id="550"><net_src comp="546" pin="1"/><net_sink comp="476" pin=0"/></net>

<net id="554"><net_src comp="378" pin="3"/><net_sink comp="551" pin=0"/></net>

<net id="555"><net_src comp="551" pin="1"/><net_sink comp="479" pin=0"/></net>

<net id="559"><net_src comp="392" pin="3"/><net_sink comp="556" pin=0"/></net>

<net id="560"><net_src comp="556" pin="1"/><net_sink comp="482" pin=0"/></net>

<net id="564"><net_src comp="406" pin="3"/><net_sink comp="561" pin=0"/></net>

<net id="565"><net_src comp="561" pin="1"/><net_sink comp="485" pin=0"/></net>

<net id="569"><net_src comp="420" pin="3"/><net_sink comp="566" pin=0"/></net>

<net id="570"><net_src comp="566" pin="1"/><net_sink comp="488" pin=0"/></net>

<net id="574"><net_src comp="434" pin="3"/><net_sink comp="571" pin=0"/></net>

<net id="575"><net_src comp="571" pin="1"/><net_sink comp="491" pin=0"/></net>

<net id="579"><net_src comp="448" pin="3"/><net_sink comp="576" pin=0"/></net>

<net id="580"><net_src comp="576" pin="1"/><net_sink comp="494" pin=0"/></net>

<net id="584"><net_src comp="462" pin="3"/><net_sink comp="581" pin=0"/></net>

<net id="585"><net_src comp="581" pin="1"/><net_sink comp="497" pin=1"/></net>

</net_list>

</model> 
---------------- Datapath Model END ------------------

* FSMD analyzer results:
  - Output states:
	Port: layer5_out | {3 }
 - Input state : 
	Port: relu<array<ap_fixed,10u>,array<ap_fixed<16,6,5,3,0>,10u>,relu_config5> : layer4_out | {2 }
  - Chain level:
	State 1
		store_ln41 : 1
		i_3 : 1
		icmp_ln41 : 2
		i_4 : 2
		br_ln41 : 3
		store_ln41 : 3
	State 2
		icmp_ln51 : 1
		out_data_8 : 2
		icmp_ln51_20 : 1
		out_data_10 : 2
		icmp_ln51_21 : 1
		out_data_12 : 2
		icmp_ln51_22 : 1
		out_data_14 : 2
		icmp_ln51_23 : 1
		select_ln51 : 2
		icmp_ln51_24 : 1
		select_ln51_16 : 2
		icmp_ln51_25 : 1
		select_ln51_17 : 2
		icmp_ln51_26 : 1
		select_ln51_18 : 2
		icmp_ln51_27 : 1
		select_ln51_19 : 2
		icmp_ln51_28 : 1
		select_ln51_20 : 2
	State 3
		or_ln57_s : 1
		zext_ln57 : 2
		write_ln57 : 3


============================================================
+ Verbose Summary: Datapath Resource usage 
============================================================

* Functional unit list:
|----------|-----------------------------|---------|---------|
| Operation|       Functional Unit       |    FF   |   LUT   |
|----------|-----------------------------|---------|---------|
|          |       icmp_ln41_fu_125      |    0    |    15   |
|          |       icmp_ln51_fu_330      |    0    |    23   |
|          |     icmp_ln51_20_fu_344     |    0    |    23   |
|          |     icmp_ln51_21_fu_358     |    0    |    23   |
|          |     icmp_ln51_22_fu_372     |    0    |    23   |
|   icmp   |     icmp_ln51_23_fu_386     |    0    |    23   |
|          |     icmp_ln51_24_fu_400     |    0    |    23   |
|          |     icmp_ln51_25_fu_414     |    0    |    23   |
|          |     icmp_ln51_26_fu_428     |    0    |    23   |
|          |     icmp_ln51_27_fu_442     |    0    |    23   |
|          |     icmp_ln51_28_fu_456     |    0    |    23   |
|----------|-----------------------------|---------|---------|
|          |      out_data_8_fu_336      |    0    |    15   |
|          |      out_data_10_fu_350     |    0    |    15   |
|          |      out_data_12_fu_364     |    0    |    15   |
|          |      out_data_14_fu_378     |    0    |    15   |
|  select  |      select_ln51_fu_392     |    0    |    15   |
|          |    select_ln51_16_fu_406    |    0    |    15   |
|          |    select_ln51_17_fu_420    |    0    |    15   |
|          |    select_ln51_18_fu_434    |    0    |    15   |
|          |    select_ln51_19_fu_448    |    0    |    15   |
|          |    select_ln51_20_fu_462    |    0    |    15   |
|----------|-----------------------------|---------|---------|
|    add   |          i_4_fu_131         |    0    |    15   |
|----------|-----------------------------|---------|---------|
|   read   | layer4_out_read_read_fu_104 |    0    |    0    |
|----------|-----------------------------|---------|---------|
|   write  |   write_ln57_write_fu_110   |    0    |    0    |
|----------|-----------------------------|---------|---------|
|   trunc  |        in_data_fu_142       |    0    |    0    |
|          |     trunc_ln44_45_fu_146    |    0    |    0    |
|----------|-----------------------------|---------|---------|
|          |      in_data_10_fu_150      |    0    |    0    |
|          |     trunc_ln44_s_fu_160     |    0    |    0    |
|          |      in_data_11_fu_170      |    0    |    0    |
|          |     trunc_ln44_35_fu_180    |    0    |    0    |
|          |      in_data_12_fu_190      |    0    |    0    |
|          |     trunc_ln44_36_fu_200    |    0    |    0    |
|          |     trunc_ln44_23_fu_210    |    0    |    0    |
|          |     trunc_ln44_37_fu_220    |    0    |    0    |
|partselect|     trunc_ln44_24_fu_230    |    0    |    0    |
|          |     trunc_ln44_38_fu_240    |    0    |    0    |
|          |     trunc_ln44_25_fu_250    |    0    |    0    |
|          |     trunc_ln44_39_fu_260    |    0    |    0    |
|          |     trunc_ln44_26_fu_270    |    0    |    0    |
|          |     trunc_ln44_40_fu_280    |    0    |    0    |
|          |     trunc_ln44_27_fu_290    |    0    |    0    |
|          |     trunc_ln44_41_fu_300    |    0    |    0    |
|          |     trunc_ln44_28_fu_310    |    0    |    0    |
|          |     trunc_ln44_42_fu_320    |    0    |    0    |
|----------|-----------------------------|---------|---------|
|          |       zext_ln45_fu_470      |    0    |    0    |
|          |      zext_ln45_4_fu_473     |    0    |    0    |
|          |      zext_ln45_5_fu_476     |    0    |    0    |
|          |      zext_ln45_6_fu_479     |    0    |    0    |
|   zext   |       zext_ln51_fu_482      |    0    |    0    |
|          |     zext_ln51_15_fu_485     |    0    |    0    |
|          |     zext_ln51_16_fu_488     |    0    |    0    |
|          |     zext_ln51_17_fu_491     |    0    |    0    |
|          |     zext_ln51_18_fu_494     |    0    |    0    |
|          |       zext_ln57_fu_520      |    0    |    0    |
|----------|-----------------------------|---------|---------|
|bitconcatenate|       or_ln57_s_fu_497      |    0    |    0    |
|----------|-----------------------------|---------|---------|
|   Total  |                             |    0    |   410   |
|----------|-----------------------------|---------|---------|

Memories:
N/A

* Register list:
+----------------------+--------+
|                      |   FF   |
+----------------------+--------+
|       i_reg_525      |    8   |
|   icmp_ln41_reg_532  |    1   |
|  out_data_10_reg_541 |   15   |
|  out_data_12_reg_546 |   15   |
|  out_data_14_reg_551 |   15   |
|  out_data_8_reg_536  |   15   |
|select_ln51_16_reg_561|   15   |
|select_ln51_17_reg_566|   15   |
|select_ln51_18_reg_571|   15   |
|select_ln51_19_reg_576|   15   |
|select_ln51_20_reg_581|   15   |
|  select_ln51_reg_556 |   15   |
+----------------------+--------+
|         Total        |   159  |
+----------------------+--------+

* Multiplexer (MUX) list: 
|--------|------|------|------|--------|
|  Comp  |  Pin | Size |  BW  | S x BW |
|--------|------|------|------|--------|
|  Total |      |      |      |    0   |
|--------|------|------|------|--------|



* Summary:
+-----------+--------+--------+
|           |   FF   |   LUT  |
+-----------+--------+--------+
|  Function |    0   |   410  |
|   Memory  |    -   |    -   |
|Multiplexer|    -   |    -   |
|  Register |   159  |    -   |
+-----------+--------+--------+
|   Total   |   159  |   410  |
+-----------+--------+--------+
