

================================================================
== Vitis HLS Report for 'relu_array_ap_fixed_10u_array_ap_fixed_16_6_5_3_0_10u_relu_config5_s'
================================================================
* Date:           Sat Oct  4 16:12:45 2025

* Version:        2023.2 (Build 4023990 on Oct 11 2023)
* Project:        myproject_prj
* Solution:       solution1 (Vivado IP Flow Target)
* Product family: kintexuplus
* Target device:  xcku5p-ffvb676-2-e


================================================================
== Performance Estimates
================================================================
+ Timing: 
    * Summary: 
    +--------+---------+----------+------------+
    |  Clock |  Target | Estimated| Uncertainty|
    +--------+---------+----------+------------+
    |ap_clk  |  5.00 ns|  2.928 ns|     0.62 ns|
    +--------+---------+----------+------------+

+ Latency: 
    * Summary: 
    +---------+---------+----------+----------+-----+-----+---------+
    |  Latency (cycles) |  Latency (absolute) |  Interval | Pipeline|
    |   min   |   max   |    min   |    max   | min | max |   Type  |
    +---------+---------+----------+----------+-----+-----+---------+
    |      241|      241|  1.205 us|  1.205 us|  241|  241|       no|
    +---------+---------+----------+----------+-----+-----+---------+

    + Detail: 
        * Instance: 
        N/A

        * Loop: 
        +---------------+---------+---------+----------+-----------+-----------+------+----------+
        |               |  Latency (cycles) | Iteration|  Initiation Interval  | Trip |          |
        |   Loop Name   |   min   |   max   |  Latency |  achieved |   target  | Count| Pipelined|
        +---------------+---------+---------+----------+-----------+-----------+------+----------+
        |- ReLUActLoop  |      239|      239|         3|          1|          1|   238|       yes|
        +---------------+---------+---------+----------+-----------+-----------+------+----------+

============================================================
+ Verbose Summary: Synthesis Manager
============================================================
InlineROM: 1
ExposeGlobal: 0
============================================================
+ Verbose Summary: CDFG Model
============================================================
IsTopModel: 0
ResetActiveHigh: 1
IsCombinational: 2
IsDatapathOnly: 0
HasWiredReturn: 1
HasMFsm: 2
HasVarLatency: 1
IsPipeline: 0
IsRtlPipelined: 0
IsInstanceOverlapped: 0
IsDontTouch: 0
HasImplIP: 0
IsGatedGlobalClock: 0

+ Individual pipeline summary: 
  * Pipeline-0: initiation interval (II) = 1, depth = 3


============================================================
+ Verbose Summary: Schedule
============================================================
* Number of FSM states : 3
* Pipeline : 1
  Pipeline-0 : II = 1, D = 3, States = { 1 2 3 }
* Dataflow Pipeline: 0

* FSM state transitions: 
1 --> 2 
2 --> 3 
3 --> 

* FSM state operations: 

State 1 <SV = 0> <Delay = 1.61>
ST_1 : Operation 6 [1/1] (0.00ns)   --->   "%i = alloca i32 1" [firmware/nnet_utils/nnet_activation_stream.h:41]   --->   Operation 6 'alloca' 'i' <Predicate = true> <Delay = 0.00>
ST_1 : Operation 7 [1/1] (0.00ns)   --->   "%specinterface_ln0 = specinterface void @_ssdm_op_SpecInterface, i160 %layer5_out, void @empty, i32 0, i32 0, void @empty_1, i32 0, i32 0, void @empty_1, void @empty_1, void @empty_1, i32 0, i32 0, i32 0, i32 0, void @empty_1, void @empty_1, i32 4294967295, i32 0"   --->   Operation 7 'specinterface' 'specinterface_ln0' <Predicate = true> <Delay = 0.00>
ST_1 : Operation 8 [1/1] (0.00ns)   --->   "%specinterface_ln0 = specinterface void @_ssdm_op_SpecInterface, i160 %layer4_out, void @empty, i32 0, i32 0, void @empty_1, i32 0, i32 0, void @empty_1, void @empty_1, void @empty_1, i32 0, i32 0, i32 0, i32 0, void @empty_1, void @empty_1, i32 4294967295, i32 0"   --->   Operation 8 'specinterface' 'specinterface_ln0' <Predicate = true> <Delay = 0.00>
ST_1 : Operation 9 [1/1] (0.42ns)   --->   "%store_ln41 = store i8 0, i8 %i" [firmware/nnet_utils/nnet_activation_stream.h:41]   --->   Operation 9 'store' 'store_ln41' <Predicate = true> <Delay = 0.42>
ST_1 : Operation 10 [1/1] (0.00ns)   --->   "%br_ln41 = br void %ReLUPackLoop" [firmware/nnet_utils/nnet_activation_stream.h:41]   --->   Operation 10 'br' 'br_ln41' <Predicate = true> <Delay = 0.00>
ST_1 : Operation 11 [1/1] (0.00ns)   --->   "%i_3 = load i8 %i" [firmware/nnet_utils/nnet_activation_stream.h:41]   --->   Operation 11 'load' 'i_3' <Predicate = true> <Delay = 0.00>
ST_1 : Operation 12 [1/1] (0.76ns)   --->   "%icmp_ln41 = icmp_eq  i8 %i_3, i8 238" [firmware/nnet_utils/nnet_activation_stream.h:41]   --->   Operation 12 'icmp' 'icmp_ln41' <Predicate = true> <Delay = 0.76> <CoreInst = "Cmp">   --->   Core 9 'Cmp' <Latency = 0> <II = 1> <Delay = 0.76> <FuncUnit> <Opcode : 'icmp'> <InPorts = 2> <OutPorts = 1>
ST_1 : Operation 13 [1/1] (0.76ns)   --->   "%i_4 = add i8 %i_3, i8 1" [firmware/nnet_utils/nnet_activation_stream.h:41]   --->   Operation 13 'add' 'i_4' <Predicate = true> <Delay = 0.76> <CoreInst = "Adder">   --->   Core 1 'Adder' <Latency = 0> <II = 1> <Delay = 0.76> <FuncUnit> <Opcode : 'add' 'sub'> <InPorts = 2> <OutPorts = 1>
ST_1 : Operation 14 [1/1] (0.00ns)   --->   "%br_ln41 = br i1 %icmp_ln41, void %ReLUPackLoop.split, void %for.end14" [firmware/nnet_utils/nnet_activation_stream.h:41]   --->   Operation 14 'br' 'br_ln41' <Predicate = true> <Delay = 0.00>
ST_1 : Operation 15 [1/1] (0.42ns)   --->   "%store_ln41 = store i8 %i_4, i8 %i" [firmware/nnet_utils/nnet_activation_stream.h:41]   --->   Operation 15 'store' 'store_ln41' <Predicate = (!icmp_ln41)> <Delay = 0.42>

State 2 <SV = 1> <Delay = 2.92>
ST_2 : Operation 16 [1/1] (1.68ns)   --->   "%layer4_out_read = read i160 @_ssdm_op_Read.ap_fifo.volatile.i160P0A, i160 %layer4_out" [firmware/nnet_utils/nnet_activation_stream.h:44]   --->   Operation 16 'read' 'layer4_out_read' <Predicate = true> <Delay = 1.68> <CoreInst = "FIFO">   --->   Core 78 'FIFO' <Latency = 0> <II = 1> <Delay = 1.68> <Storage> <Opcode : 'read' 'write' 'nbread' 'nbwrite'> <Ports = 0> <Width = 160> <Depth = 238> <FIFO>
ST_2 : Operation 17 [1/1] (0.00ns)   --->   "%in_data = trunc i160 %layer4_out_read" [firmware/nnet_utils/nnet_activation_stream.h:44]   --->   Operation 17 'trunc' 'in_data' <Predicate = true> <Delay = 0.00>
ST_2 : Operation 18 [1/1] (0.00ns)   --->   "%trunc_ln44_45 = trunc i160 %layer4_out_read" [firmware/nnet_utils/nnet_activation_stream.h:44]   --->   Operation 18 'trunc' 'trunc_ln44_45' <Predicate = true> <Delay = 0.00>
ST_2 : Operation 19 [1/1] (0.00ns)   --->   "%in_data_10 = partselect i16 @_ssdm_op_PartSelect.i16.i160.i32.i32, i160 %layer4_out_read, i32 16, i32 31" [firmware/nnet_utils/nnet_activation_stream.h:44]   --->   Operation 19 'partselect' 'in_data_10' <Predicate = true> <Delay = 0.00>
ST_2 : Operation 20 [1/1] (0.00ns)   --->   "%trunc_ln44_s = partselect i15 @_ssdm_op_PartSelect.i15.i160.i32.i32, i160 %layer4_out_read, i32 16, i32 30" [firmware/nnet_utils/nnet_activation_stream.h:44]   --->   Operation 20 'partselect' 'trunc_ln44_s' <Predicate = true> <Delay = 0.00>
ST_2 : Operation 21 [1/1] (0.00ns)   --->   "%in_data_11 = partselect i16 @_ssdm_op_PartSelect.i16.i160.i32.i32, i160 %layer4_out_read, i32 32, i32 47" [firmware/nnet_utils/nnet_activation_stream.h:44]   --->   Operation 21 'partselect' 'in_data_11' <Predicate = true> <Delay = 0.00>
ST_2 : Operation 22 [1/1] (0.00ns)   --->   "%trunc_ln44_35 = partselect i15 @_ssdm_op_PartSelect.i15.i160.i32.i32, i160 %layer4_out_read, i32 32, i32 46" [firmware/nnet_utils/nnet_activation_stream.h:44]   --->   Operation 22 'partselect' 'trunc_ln44_35' <Predicate = true> <Delay = 0.00>
ST_2 : Operation 23 [1/1] (0.00ns)   --->   "%in_data_12 = partselect i16 @_ssdm_op_PartSelect.i16.i160.i32.i32, i160 %layer4_out_read, i32 48, i32 63" [firmware/nnet_utils/nnet_activation_stream.h:44]   --->   Operation 23 'partselect' 'in_data_12' <Predicate = true> <Delay = 0.00>
ST_2 : Operation 24 [1/1] (0.00ns)   --->   "%trunc_ln44_36 = partselect i15 @_ssdm_op_PartSelect.i15.i160.i32.i32, i160 %layer4_out_read, i32 48, i32 62" [firmware/nnet_utils/nnet_activation_stream.h:44]   --->   Operation 24 'partselect' 'trunc_ln44_36' <Predicate = true> <Delay = 0.00>
ST_2 : Operation 25 [1/1] (0.00ns)   --->   "%trunc_ln44_23 = partselect i16 @_ssdm_op_PartSelect.i16.i160.i32.i32, i160 %layer4_out_read, i32 64, i32 79" [firmware/nnet_utils/nnet_activation_stream.h:44]   --->   Operation 25 'partselect' 'trunc_ln44_23' <Predicate = true> <Delay = 0.00>
ST_2 : Operation 26 [1/1] (0.00ns)   --->   "%trunc_ln44_37 = partselect i15 @_ssdm_op_PartSelect.i15.i160.i32.i32, i160 %layer4_out_read, i32 64, i32 78" [firmware/nnet_utils/nnet_activation_stream.h:44]   --->   Operation 26 'partselect' 'trunc_ln44_37' <Predicate = true> <Delay = 0.00>
ST_2 : Operation 27 [1/1] (0.00ns)   --->   "%trunc_ln44_24 = partselect i16 @_ssdm_op_PartSelect.i16.i160.i32.i32, i160 %layer4_out_read, i32 80, i32 95" [firmware/nnet_utils/nnet_activation_stream.h:44]   --->   Operation 27 'partselect' 'trunc_ln44_24' <Predicate = true> <Delay = 0.00>
ST_2 : Operation 28 [1/1] (0.00ns)   --->   "%trunc_ln44_38 = partselect i15 @_ssdm_op_PartSelect.i15.i160.i32.i32, i160 %layer4_out_read, i32 80, i32 94" [firmware/nnet_utils/nnet_activation_stream.h:44]   --->   Operation 28 'partselect' 'trunc_ln44_38' <Predicate = true> <Delay = 0.00>
ST_2 : Operation 29 [1/1] (0.00ns)   --->   "%trunc_ln44_25 = partselect i16 @_ssdm_op_PartSelect.i16.i160.i32.i32, i160 %layer4_out_read, i32 96, i32 111" [firmware/nnet_utils/nnet_activation_stream.h:44]   --->   Operation 29 'partselect' 'trunc_ln44_25' <Predicate = true> <Delay = 0.00>
ST_2 : Operation 30 [1/1] (0.00ns)   --->   "%trunc_ln44_39 = partselect i15 @_ssdm_op_PartSelect.i15.i160.i32.i32, i160 %layer4_out_read, i32 96, i32 110" [firmware/nnet_utils/nnet_activation_stream.h:44]   --->   Operation 30 'partselect' 'trunc_ln44_39' <Predicate = true> <Delay = 0.00>
ST_2 : Operation 31 [1/1] (0.00ns)   --->   "%trunc_ln44_26 = partselect i16 @_ssdm_op_PartSelect.i16.i160.i32.i32, i160 %layer4_out_read, i32 112, i32 127" [firmware/nnet_utils/nnet_activation_stream.h:44]   --->   Operation 31 'partselect' 'trunc_ln44_26' <Predicate = true> <Delay = 0.00>
ST_2 : Operation 32 [1/1] (0.00ns)   --->   "%trunc_ln44_40 = partselect i15 @_ssdm_op_PartSelect.i15.i160.i32.i32, i160 %layer4_out_read, i32 112, i32 126" [firmware/nnet_utils/nnet_activation_stream.h:44]   --->   Operation 32 'partselect' 'trunc_ln44_40' <Predicate = true> <Delay = 0.00>
ST_2 : Operation 33 [1/1] (0.00ns)   --->   "%trunc_ln44_27 = partselect i16 @_ssdm_op_PartSelect.i16.i160.i32.i32, i160 %layer4_out_read, i32 128, i32 143" [firmware/nnet_utils/nnet_activation_stream.h:44]   --->   Operation 33 'partselect' 'trunc_ln44_27' <Predicate = true> <Delay = 0.00>
ST_2 : Operation 34 [1/1] (0.00ns)   --->   "%trunc_ln44_41 = partselect i15 @_ssdm_op_PartSelect.i15.i160.i32.i32, i160 %layer4_out_read, i32 128, i32 142" [firmware/nnet_utils/nnet_activation_stream.h:44]   --->   Operation 34 'partselect' 'trunc_ln44_41' <Predicate = true> <Delay = 0.00>
ST_2 : Operation 35 [1/1] (0.00ns)   --->   "%trunc_ln44_28 = partselect i16 @_ssdm_op_PartSelect.i16.i160.i32.i32, i160 %layer4_out_read, i32 144, i32 159" [firmware/nnet_utils/nnet_activation_stream.h:44]   --->   Operation 35 'partselect' 'trunc_ln44_28' <Predicate = true> <Delay = 0.00>
ST_2 : Operation 36 [1/1] (0.00ns)   --->   "%trunc_ln44_42 = partselect i15 @_ssdm_op_PartSelect.i15.i160.i32.i32, i160 %layer4_out_read, i32 144, i32 158" [firmware/nnet_utils/nnet_activation_stream.h:44]   --->   Operation 36 'partselect' 'trunc_ln44_42' <Predicate = true> <Delay = 0.00>
ST_2 : Operation 37 [1/1] (0.85ns)   --->   "%icmp_ln51 = icmp_sgt  i16 %in_data, i16 0" [firmware/nnet_utils/nnet_activation_stream.h:51]   --->   Operation 37 'icmp' 'icmp_ln51' <Predicate = true> <Delay = 0.85> <CoreInst = "Cmp">   --->   Core 9 'Cmp' <Latency = 0> <II = 1> <Delay = 0.85> <FuncUnit> <Opcode : 'icmp'> <InPorts = 2> <OutPorts = 1>
ST_2 : Operation 38 [1/1] (0.39ns)   --->   "%out_data_8 = select i1 %icmp_ln51, i15 %trunc_ln44_45, i15 0" [firmware/nnet_utils/nnet_activation_stream.h:51]   --->   Operation 38 'select' 'out_data_8' <Predicate = true> <Delay = 0.39> <CoreInst = "Sel">   --->   Core 73 'Sel' <Latency = 0> <II = 1> <Delay = 0.39> <FuncUnit> <Opcode : 'select'> <InPorts = 3> <OutPorts = 1>
ST_2 : Operation 39 [1/1] (0.85ns)   --->   "%icmp_ln51_20 = icmp_sgt  i16 %in_data_10, i16 0" [firmware/nnet_utils/nnet_activation_stream.h:51]   --->   Operation 39 'icmp' 'icmp_ln51_20' <Predicate = true> <Delay = 0.85> <CoreInst = "Cmp">   --->   Core 9 'Cmp' <Latency = 0> <II = 1> <Delay = 0.85> <FuncUnit> <Opcode : 'icmp'> <InPorts = 2> <OutPorts = 1>
ST_2 : Operation 40 [1/1] (0.39ns)   --->   "%out_data_10 = select i1 %icmp_ln51_20, i15 %trunc_ln44_s, i15 0" [firmware/nnet_utils/nnet_activation_stream.h:51]   --->   Operation 40 'select' 'out_data_10' <Predicate = true> <Delay = 0.39> <CoreInst = "Sel">   --->   Core 73 'Sel' <Latency = 0> <II = 1> <Delay = 0.39> <FuncUnit> <Opcode : 'select'> <InPorts = 3> <OutPorts = 1>
ST_2 : Operation 41 [1/1] (0.85ns)   --->   "%icmp_ln51_21 = icmp_sgt  i16 %in_data_11, i16 0" [firmware/nnet_utils/nnet_activation_stream.h:51]   --->   Operation 41 'icmp' 'icmp_ln51_21' <Predicate = true> <Delay = 0.85> <CoreInst = "Cmp">   --->   Core 9 'Cmp' <Latency = 0> <II = 1> <Delay = 0.85> <FuncUnit> <Opcode : 'icmp'> <InPorts = 2> <OutPorts = 1>
ST_2 : Operation 42 [1/1] (0.39ns)   --->   "%out_data_12 = select i1 %icmp_ln51_21, i15 %trunc_ln44_35, i15 0" [firmware/nnet_utils/nnet_activation_stream.h:51]   --->   Operation 42 'select' 'out_data_12' <Predicate = true> <Delay = 0.39> <CoreInst = "Sel">   --->   Core 73 'Sel' <Latency = 0> <II = 1> <Delay = 0.39> <FuncUnit> <Opcode : 'select'> <InPorts = 3> <OutPorts = 1>
ST_2 : Operation 43 [1/1] (0.85ns)   --->   "%icmp_ln51_22 = icmp_sgt  i16 %in_data_12, i16 0" [firmware/nnet_utils/nnet_activation_stream.h:51]   --->   Operation 43 'icmp' 'icmp_ln51_22' <Predicate = true> <Delay = 0.85> <CoreInst = "Cmp">   --->   Core 9 'Cmp' <Latency = 0> <II = 1> <Delay = 0.85> <FuncUnit> <Opcode : 'icmp'> <InPorts = 2> <OutPorts = 1>
ST_2 : Operation 44 [1/1] (0.39ns)   --->   "%out_data_14 = select i1 %icmp_ln51_22, i15 %trunc_ln44_36, i15 0" [firmware/nnet_utils/nnet_activation_stream.h:51]   --->   Operation 44 'select' 'out_data_14' <Predicate = true> <Delay = 0.39> <CoreInst = "Sel">   --->   Core 73 'Sel' <Latency = 0> <II = 1> <Delay = 0.39> <FuncUnit> <Opcode : 'select'> <InPorts = 3> <OutPorts = 1>
ST_2 : Operation 45 [1/1] (0.85ns)   --->   "%icmp_ln51_23 = icmp_sgt  i16 %trunc_ln44_23, i16 0" [firmware/nnet_utils/nnet_activation_stream.h:51]   --->   Operation 45 'icmp' 'icmp_ln51_23' <Predicate = true> <Delay = 0.85> <CoreInst = "Cmp">   --->   Core 9 'Cmp' <Latency = 0> <II = 1> <Delay = 0.85> <FuncUnit> <Opcode : 'icmp'> <InPorts = 2> <OutPorts = 1>
ST_2 : Operation 46 [1/1] (0.39ns)   --->   "%select_ln51 = select i1 %icmp_ln51_23, i15 %trunc_ln44_37, i15 0" [firmware/nnet_utils/nnet_activation_stream.h:51]   --->   Operation 46 'select' 'select_ln51' <Predicate = true> <Delay = 0.39> <CoreInst = "Sel">   --->   Core 73 'Sel' <Latency = 0> <II = 1> <Delay = 0.39> <FuncUnit> <Opcode : 'select'> <InPorts = 3> <OutPorts = 1>
ST_2 : Operation 47 [1/1] (0.85ns)   --->   "%icmp_ln51_24 = icmp_sgt  i16 %trunc_ln44_24, i16 0" [firmware/nnet_utils/nnet_activation_stream.h:51]   --->   Operation 47 'icmp' 'icmp_ln51_24' <Predicate = true> <Delay = 0.85> <CoreInst = "Cmp">   --->   Core 9 'Cmp' <Latency = 0> <II = 1> <Delay = 0.85> <FuncUnit> <Opcode : 'icmp'> <InPorts = 2> <OutPorts = 1>
ST_2 : Operation 48 [1/1] (0.39ns)   --->   "%select_ln51_16 = select i1 %icmp_ln51_24, i15 %trunc_ln44_38, i15 0" [firmware/nnet_utils/nnet_activation_stream.h:51]   --->   Operation 48 'select' 'select_ln51_16' <Predicate = true> <Delay = 0.39> <CoreInst = "Sel">   --->   Core 73 'Sel' <Latency = 0> <II = 1> <Delay = 0.39> <FuncUnit> <Opcode : 'select'> <InPorts = 3> <OutPorts = 1>
ST_2 : Operation 49 [1/1] (0.85ns)   --->   "%icmp_ln51_25 = icmp_sgt  i16 %trunc_ln44_25, i16 0" [firmware/nnet_utils/nnet_activation_stream.h:51]   --->   Operation 49 'icmp' 'icmp_ln51_25' <Predicate = true> <Delay = 0.85> <CoreInst = "Cmp">   --->   Core 9 'Cmp' <Latency = 0> <II = 1> <Delay = 0.85> <FuncUnit> <Opcode : 'icmp'> <InPorts = 2> <OutPorts = 1>
ST_2 : Operation 50 [1/1] (0.39ns)   --->   "%select_ln51_17 = select i1 %icmp_ln51_25, i15 %trunc_ln44_39, i15 0" [firmware/nnet_utils/nnet_activation_stream.h:51]   --->   Operation 50 'select' 'select_ln51_17' <Predicate = true> <Delay = 0.39> <CoreInst = "Sel">   --->   Core 73 'Sel' <Latency = 0> <II = 1> <Delay = 0.39> <FuncUnit> <Opcode : 'select'> <InPorts = 3> <OutPorts = 1>
ST_2 : Operation 51 [1/1] (0.85ns)   --->   "%icmp_ln51_26 = icmp_sgt  i16 %trunc_ln44_26, i16 0" [firmware/nnet_utils/nnet_activation_stream.h:51]   --->   Operation 51 'icmp' 'icmp_ln51_26' <Predicate = true> <Delay = 0.85> <CoreInst = "Cmp">   --->   Core 9 'Cmp' <Latency = 0> <II = 1> <Delay = 0.85> <FuncUnit> <Opcode : 'icmp'> <InPorts = 2> <OutPorts = 1>
ST_2 : Operation 52 [1/1] (0.39ns)   --->   "%select_ln51_18 = select i1 %icmp_ln51_26, i15 %trunc_ln44_40, i15 0" [firmware/nnet_utils/nnet_activation_stream.h:51]   --->   Operation 52 'select' 'select_ln51_18' <Predicate = true> <Delay = 0.39> <CoreInst = "Sel">   --->   Core 73 'Sel' <Latency = 0> <II = 1> <Delay = 0.39> <FuncUnit> <Opcode : 'select'> <InPorts = 3> <OutPorts = 1>
ST_2 : Operation 53 [1/1] (0.85ns)   --->   "%icmp_ln51_27 = icmp_sgt  i16 %trunc_ln44_27, i16 0" [firmware/nnet_utils/nnet_activation_stream.h:51]   --->   Operation 53 'icmp' 'icmp_ln51_27' <Predicate = true> <Delay = 0.85> <CoreInst = "Cmp">   --->   Core 9 'Cmp' <Latency = 0> <II = 1> <Delay = 0.85> <FuncUnit> <Opcode : 'icmp'> <InPorts = 2> <OutPorts = 1>
ST_2 : Operation 54 [1/1] (0.39ns)   --->   "%select_ln51_19 = select i1 %icmp_ln51_27, i15 %trunc_ln44_41, i15 0" [firmware/nnet_utils/nnet_activation_stream.h:51]   --->   Operation 54 'select' 'select_ln51_19' <Predicate = true> <Delay = 0.39> <CoreInst = "Sel">   --->   Core 73 'Sel' <Latency = 0> <II = 1> <Delay = 0.39> <FuncUnit> <Opcode : 'select'> <InPorts = 3> <OutPorts = 1>
ST_2 : Operation 55 [1/1] (0.85ns)   --->   "%icmp_ln51_28 = icmp_sgt  i16 %trunc_ln44_28, i16 0" [firmware/nnet_utils/nnet_activation_stream.h:51]   --->   Operation 55 'icmp' 'icmp_ln51_28' <Predicate = true> <Delay = 0.85> <CoreInst = "Cmp">   --->   Core 9 'Cmp' <Latency = 0> <II = 1> <Delay = 0.85> <FuncUnit> <Opcode : 'icmp'> <InPorts = 2> <OutPorts = 1>
ST_2 : Operation 56 [1/1] (0.39ns)   --->   "%select_ln51_20 = select i1 %icmp_ln51_28, i15 %trunc_ln44_42, i15 0" [firmware/nnet_utils/nnet_activation_stream.h:51]   --->   Operation 56 'select' 'select_ln51_20' <Predicate = true> <Delay = 0.39> <CoreInst = "Sel">   --->   Core 73 'Sel' <Latency = 0> <II = 1> <Delay = 0.39> <FuncUnit> <Opcode : 'select'> <InPorts = 3> <OutPorts = 1>
ST_2 : Operation 73 [1/1] (0.00ns)   --->   "%ret_ln59 = ret" [firmware/nnet_utils/nnet_activation_stream.h:59]   --->   Operation 73 'ret' 'ret_ln59' <Predicate = (icmp_ln41)> <Delay = 0.00>

State 3 <SV = 2> <Delay = 1.68>
ST_3 : Operation 57 [1/1] (0.00ns)   --->   "%specpipeline_ln42 = specpipeline void @_ssdm_op_SpecPipeline, i32 4294967295, i32 0, i32 0, i32 0, void @empty_1" [firmware/nnet_utils/nnet_activation_stream.h:42]   --->   Operation 57 'specpipeline' 'specpipeline_ln42' <Predicate = true> <Delay = 0.00>
ST_3 : Operation 58 [1/1] (0.00ns)   --->   "%speclooptripcount_ln41 = speclooptripcount void @_ssdm_op_SpecLoopTripCount, i64 238, i64 238, i64 238" [firmware/nnet_utils/nnet_activation_stream.h:41]   --->   Operation 58 'speclooptripcount' 'speclooptripcount_ln41' <Predicate = true> <Delay = 0.00>
ST_3 : Operation 59 [1/1] (0.00ns)   --->   "%specloopname_ln41 = specloopname void @_ssdm_op_SpecLoopName, void @empty_5" [firmware/nnet_utils/nnet_activation_stream.h:41]   --->   Operation 59 'specloopname' 'specloopname_ln41' <Predicate = true> <Delay = 0.00>
ST_3 : Operation 60 [1/1] (0.00ns)   --->   "%zext_ln45 = zext i15 %out_data_8" [firmware/nnet_utils/nnet_activation_stream.h:45]   --->   Operation 60 'zext' 'zext_ln45' <Predicate = true> <Delay = 0.00>
ST_3 : Operation 61 [1/1] (0.00ns)   --->   "%zext_ln45_4 = zext i15 %out_data_10" [firmware/nnet_utils/nnet_activation_stream.h:45]   --->   Operation 61 'zext' 'zext_ln45_4' <Predicate = true> <Delay = 0.00>
ST_3 : Operation 62 [1/1] (0.00ns)   --->   "%zext_ln45_5 = zext i15 %out_data_12" [firmware/nnet_utils/nnet_activation_stream.h:45]   --->   Operation 62 'zext' 'zext_ln45_5' <Predicate = true> <Delay = 0.00>
ST_3 : Operation 63 [1/1] (0.00ns)   --->   "%zext_ln45_6 = zext i15 %out_data_14" [firmware/nnet_utils/nnet_activation_stream.h:45]   --->   Operation 63 'zext' 'zext_ln45_6' <Predicate = true> <Delay = 0.00>
ST_3 : Operation 64 [1/1] (0.00ns)   --->   "%zext_ln51 = zext i15 %select_ln51" [firmware/nnet_utils/nnet_activation_stream.h:51]   --->   Operation 64 'zext' 'zext_ln51' <Predicate = true> <Delay = 0.00>
ST_3 : Operation 65 [1/1] (0.00ns)   --->   "%zext_ln51_15 = zext i15 %select_ln51_16" [firmware/nnet_utils/nnet_activation_stream.h:51]   --->   Operation 65 'zext' 'zext_ln51_15' <Predicate = true> <Delay = 0.00>
ST_3 : Operation 66 [1/1] (0.00ns)   --->   "%zext_ln51_16 = zext i15 %select_ln51_17" [firmware/nnet_utils/nnet_activation_stream.h:51]   --->   Operation 66 'zext' 'zext_ln51_16' <Predicate = true> <Delay = 0.00>
ST_3 : Operation 67 [1/1] (0.00ns)   --->   "%zext_ln51_17 = zext i15 %select_ln51_18" [firmware/nnet_utils/nnet_activation_stream.h:51]   --->   Operation 67 'zext' 'zext_ln51_17' <Predicate = true> <Delay = 0.00>
ST_3 : Operation 68 [1/1] (0.00ns)   --->   "%zext_ln51_18 = zext i15 %select_ln51_19" [firmware/nnet_utils/nnet_activation_stream.h:51]   --->   Operation 68 'zext' 'zext_ln51_18' <Predicate = true> <Delay = 0.00>
ST_3 : Operation 69 [1/1] (0.00ns)   --->   "%or_ln57_s = bitconcatenate i159 @_ssdm_op_BitConcatenate.i159.i15.i16.i16.i16.i16.i16.i16.i16.i16.i16, i15 %select_ln51_20, i16 %zext_ln51_18, i16 %zext_ln51_17, i16 %zext_ln51_16, i16 %zext_ln51_15, i16 %zext_ln51, i16 %zext_ln45_6, i16 %zext_ln45_5, i16 %zext_ln45_4, i16 %zext_ln45" [firmware/nnet_utils/nnet_activation_stream.h:57]   --->   Operation 69 'bitconcatenate' 'or_ln57_s' <Predicate = true> <Delay = 0.00>
ST_3 : Operation 70 [1/1] (0.00ns)   --->   "%zext_ln57 = zext i159 %or_ln57_s" [firmware/nnet_utils/nnet_activation_stream.h:57]   --->   Operation 70 'zext' 'zext_ln57' <Predicate = true> <Delay = 0.00>
ST_3 : Operation 71 [1/1] (1.68ns)   --->   "%write_ln57 = write void @_ssdm_op_Write.ap_fifo.volatile.i160P0A, i160 %layer5_out, i160 %zext_ln57" [firmware/nnet_utils/nnet_activation_stream.h:57]   --->   Operation 71 'write' 'write_ln57' <Predicate = true> <Delay = 1.68> <CoreInst = "FIFO">   --->   Core 78 'FIFO' <Latency = 0> <II = 1> <Delay = 1.68> <Storage> <Opcode : 'read' 'write' 'nbread' 'nbwrite'> <Ports = 0> <Width = 160> <Depth = 238> <FIFO>
ST_3 : Operation 72 [1/1] (0.00ns)   --->   "%br_ln41 = br void %ReLUPackLoop" [firmware/nnet_utils/nnet_activation_stream.h:41]   --->   Operation 72 'br' 'br_ln41' <Predicate = true> <Delay = 0.00>


============================================================
+ Verbose Summary: Timing violations
============================================================
Target clock period: 5.000ns, clock uncertainty: 0.625ns.

 <State 1>: 1.619ns
The critical path consists of the following:
	'store' operation 0 bit ('store_ln41', firmware/nnet_utils/nnet_activation_stream.h:41) of constant 0 on local variable 'i', firmware/nnet_utils/nnet_activation_stream.h:41 [6]  (0.427 ns)
	'load' operation 8 bit ('i', firmware/nnet_utils/nnet_activation_stream.h:41) on local variable 'i', firmware/nnet_utils/nnet_activation_stream.h:41 [9]  (0.000 ns)
	'icmp' operation 1 bit ('icmp_ln41', firmware/nnet_utils/nnet_activation_stream.h:41) [10]  (0.765 ns)
	'store' operation 0 bit ('store_ln41', firmware/nnet_utils/nnet_activation_stream.h:41) of variable 'i', firmware/nnet_utils/nnet_activation_stream.h:41 on local variable 'i', firmware/nnet_utils/nnet_activation_stream.h:41 [70]  (0.427 ns)

 <State 2>: 2.928ns
The critical path consists of the following:
	fifo read operation ('layer4_out_read', firmware/nnet_utils/nnet_activation_stream.h:44) on port 'layer4_out' (firmware/nnet_utils/nnet_activation_stream.h:44) [17]  (1.680 ns)
	'icmp' operation 1 bit ('icmp_ln51', firmware/nnet_utils/nnet_activation_stream.h:51) [38]  (0.853 ns)
	'select' operation 15 bit ('out_data', firmware/nnet_utils/nnet_activation_stream.h:51) [39]  (0.395 ns)

 <State 3>: 1.680ns
The critical path consists of the following:
	fifo write operation ('write_ln57', firmware/nnet_utils/nnet_activation_stream.h:57) on port 'layer5_out' (firmware/nnet_utils/nnet_activation_stream.h:57) [69]  (1.680 ns)


============================================================
+ Verbose Summary: Binding
============================================================
N/A
* FSMD analyzer results:
  - Output states:
 - Input state : 
  - Chain level:
	State 1
	State 2
	State 3


============================================================
+ Verbose Summary: Datapath Resource usage 
============================================================
N/A
