

================================================================
== Vitis HLS Report for 'sigmoid_array_array_ap_fixed_16_6_5_3_0_1u_sigmoid_config8_s'
================================================================
* Date:           Sat Oct  4 16:26:18 2025

* Version:        2023.2 (Build 4023990 on Oct 11 2023)
* Project:        myproject_prj
* Solution:       solution1 (Vivado IP Flow Target)
* Product family: kintexuplus
* Target device:  xcku5p-ffvb676-2-e


================================================================
== Performance Estimates
================================================================
+ Timing: 
    * Summary: 
    +--------+---------+----------+------------+
    |  Clock |  Target | Estimated| Uncertainty|
    +--------+---------+----------+------------+
    |ap_clk  |  5.00 ns|  3.922 ns|     0.62 ns|
    +--------+---------+----------+------------+

+ Latency: 
    * Summary: 
    +---------+---------+-----------+-----------+-----+-----+---------+
    |  Latency (cycles) |   Latency (absolute)  |  Interval | Pipeline|
    |   min   |   max   |    min    |    max    | min | max |   Type  |
    +---------+---------+-----------+-----------+-----+-----+---------+
    |        3|        3|  15.000 ns|  15.000 ns|    3|    3|       no|
    +---------+---------+-----------+-----------+-----+-----+---------+

    + Detail: 
        * Instance: 
        N/A

        * Loop: 
        N/A



================================================================
== Utilization Estimates
================================================================
* Summary: 
+-----------------+---------+------+--------+--------+-----+
|       Name      | BRAM_18K|  DSP |   FF   |   LUT  | URAM|
+-----------------+---------+------+--------+--------+-----+
|DSP              |        -|     -|       -|       -|    -|
|Expression       |        -|     -|       0|     146|    -|
|FIFO             |        -|     -|       -|       -|    -|
|Instance         |        -|     -|       -|       -|    -|
|Memory           |        1|     -|       0|       0|    -|
|Multiplexer      |        -|     -|       -|      53|    -|
|Register         |        -|     -|      19|       -|    -|
+-----------------+---------+------+--------+--------+-----+
|Total            |        1|     0|      19|     199|    0|
+-----------------+---------+------+--------+--------+-----+
|Available        |      960|  1824|  433920|  216960|   64|
+-----------------+---------+------+--------+--------+-----+
|Utilization (%)  |       ~0|     0|      ~0|      ~0|    0|
+-----------------+---------+------+--------+--------+-----+

+ Detail: 
    * Instance: 
    N/A

    * DSP: 
    N/A

    * Memory: 
    +-----------------+----------------------------------------------------------------------------------+---------+---+----+-----+------+-----+------+-------------+
    |      Memory     |                                      Module                                      | BRAM_18K| FF| LUT| URAM| Words| Bits| Banks| W*Bits*Banks|
    +-----------------+----------------------------------------------------------------------------------+---------+---+----+-----+------+-----+------+-------------+
    |sigmoid_table_U  |sigmoid_array_array_ap_fixed_16_6_5_3_0_1u_sigmoid_config8_s_sigmoid_table_ROeOg  |        1|  0|   0|    0|  1024|   10|     1|        10240|
    +-----------------+----------------------------------------------------------------------------------+---------+---+----+-----+------+-----+------+-------------+
    |Total            |                                                                                  |        1|  0|   0|    0|  1024|   10|     1|        10240|
    +-----------------+----------------------------------------------------------------------------------+---------+---+----+-----+------+-----+------+-------------+

    * FIFO: 
    N/A

    * Expression: 
    +-----------------------+----------+----+---+----+------------+------------+
    |     Variable Name     | Operation| DSP| FF| LUT| Bitwidth P0| Bitwidth P1|
    +-----------------------+----------+----+---+----+------------+------------+
    |add_ln90_fu_133_p2     |         +|   0|  0|  20|          13|           1|
    |index_fu_153_p2        |         +|   0|  0|  20|          13|          10|
    |icmp_ln90_1_fu_124_p2  |      icmp|   0|  0|  17|          10|           1|
    |icmp_ln90_fu_106_p2    |      icmp|   0|  0|  33|          26|           5|
    |icmp_ln94_fu_181_p2    |      icmp|   0|  0|  10|           3|           1|
    |ap_block_state1        |        or|   0|  0|   2|           1|           1|
    |ap_block_state4        |        or|   0|  0|   2|           1|           1|
    |or_ln92_fu_201_p2      |        or|   0|  0|   2|           1|           1|
    |data_round_fu_146_p3   |    select|   0|  0|  13|           1|          13|
    |index_1_fu_207_p3      |    select|   0|  0|  10|           1|          10|
    |select_ln90_fu_139_p3  |    select|   0|  0|  13|           1|          13|
    |select_ln92_fu_193_p3  |    select|   0|  0|   2|           1|           2|
    |xor_ln92_fu_187_p2     |       xor|   0|  0|   2|           1|           2|
    +-----------------------+----------+----+---+----+------------+------------+
    |Total                  |          |   0|  0| 146|          73|          61|
    +-----------------------+----------+----+---+----+------------+------------+

    * Multiplexer: 
    +------------------------+----+-----------+-----+-----------+
    |          Name          | LUT| Input Size| Bits| Total Bits|
    +------------------------+----+-----------+-----+-----------+
    |ap_NS_fsm               |  26|          5|    1|          5|
    |ap_done                 |   9|          2|    1|          2|
    |layer7_out_blk_n        |   9|          2|    1|          2|
    |layer8_out_TDATA_blk_n  |   9|          2|    1|          2|
    +------------------------+----+-----------+-----+-----------+
    |Total                   |  53|         11|    4|         11|
    +------------------------+----+-----------+-----+-----------+

    * Register: 
    +---------------------+----+----+-----+-----------+
    |         Name        | FF | LUT| Bits| Const Bits|
    +---------------------+----+----+-----+-----------+
    |ap_CS_fsm            |   4|   0|    4|          0|
    |ap_done_reg          |   1|   0|    1|          0|
    |icmp_ln90_1_reg_235  |   1|   0|    1|          0|
    |icmp_ln90_reg_230    |   1|   0|    1|          0|
    |tmp_2_reg_225        |  12|   0|   12|          0|
    +---------------------+----+----+-----+-----------+
    |Total                |  19|   0|   19|          0|
    +---------------------+----+----+-----+-----------+



================================================================
== Interface
================================================================
* Summary: 
+---------------------------+-----+-----+------------+---------------------------------------------------------------+--------------+
|         RTL Ports         | Dir | Bits|  Protocol  |                         Source Object                         |    C Type    |
+---------------------------+-----+-----+------------+---------------------------------------------------------------+--------------+
|ap_clk                     |   in|    1|  ap_ctrl_hs|  sigmoid<array,array<ap_fixed<16,6,5,3,0>,1u>,sigmoid_config8>|  return value|
|ap_rst                     |   in|    1|  ap_ctrl_hs|  sigmoid<array,array<ap_fixed<16,6,5,3,0>,1u>,sigmoid_config8>|  return value|
|ap_start                   |   in|    1|  ap_ctrl_hs|  sigmoid<array,array<ap_fixed<16,6,5,3,0>,1u>,sigmoid_config8>|  return value|
|ap_done                    |  out|    1|  ap_ctrl_hs|  sigmoid<array,array<ap_fixed<16,6,5,3,0>,1u>,sigmoid_config8>|  return value|
|ap_continue                |   in|    1|  ap_ctrl_hs|  sigmoid<array,array<ap_fixed<16,6,5,3,0>,1u>,sigmoid_config8>|  return value|
|ap_idle                    |  out|    1|  ap_ctrl_hs|  sigmoid<array,array<ap_fixed<16,6,5,3,0>,1u>,sigmoid_config8>|  return value|
|ap_ready                   |  out|    1|  ap_ctrl_hs|  sigmoid<array,array<ap_fixed<16,6,5,3,0>,1u>,sigmoid_config8>|  return value|
|layer7_out_dout            |   in|   16|     ap_fifo|                                                     layer7_out|       pointer|
|layer7_out_num_data_valid  |   in|    2|     ap_fifo|                                                     layer7_out|       pointer|
|layer7_out_fifo_cap        |   in|    2|     ap_fifo|                                                     layer7_out|       pointer|
|layer7_out_empty_n         |   in|    1|     ap_fifo|                                                     layer7_out|       pointer|
|layer7_out_read            |  out|    1|     ap_fifo|                                                     layer7_out|       pointer|
|layer8_out_TDATA           |  out|   16|        axis|                                                     layer8_out|       pointer|
|layer8_out_TVALID          |  out|    1|        axis|                                                     layer8_out|       pointer|
|layer8_out_TREADY          |   in|    1|        axis|                                                     layer8_out|       pointer|
+---------------------------+-----+-----+------------+---------------------------------------------------------------+--------------+

============================================================
+ Verbose Summary: Synthesis Manager
============================================================
InlineROM: 1
ExposeGlobal: 0
============================================================
+ Verbose Summary: CDFG Model
============================================================
IsTopModel: 0
ResetActiveHigh: 1
IsCombinational: 2
IsDatapathOnly: 0
HasWiredReturn: 1
HasMFsm: 0
HasVarLatency: 1
IsPipeline: 0
IsRtlPipelined: 0
IsInstanceOverlapped: 0
IsDontTouch: 0
HasImplIP: 0
IsGatedGlobalClock: 0


============================================================
+ Verbose Summary: Schedule
============================================================
* Number of FSM states : 4
* Pipeline : 0
* Dataflow Pipeline: 0

* FSM state transitions: 
1 --> 2 
2 --> 3 
3 --> 4 
4 --> 

* FSM state operations: 

State 1 <SV = 0> <Delay = 2.79>
ST_1 : Operation 5 [1/1] (1.83ns)   --->   "%in_data = read i16 @_ssdm_op_Read.ap_fifo.volatile.i16P0A, i16 %layer7_out" [firmware/nnet_utils/nnet_activation_stream.h:83]   --->   Operation 5 'read' 'in_data' <Predicate = true> <Delay = 1.83> <CoreInst = "FIFO_SRL">   --->   Core 81 'FIFO_SRL' <Latency = 0> <II = 1> <Delay = 1.83> <Storage> <Opcode : 'read' 'write' 'nbread' 'nbwrite'> <Ports = 0> <Width = 16> <Depth = 1> <FIFO>
ST_1 : Operation 6 [1/1] (0.00ns)   --->   "%shl_ln = bitconcatenate i26 @_ssdm_op_BitConcatenate.i26.i16.i10, i16 %in_data, i10 0" [firmware/nnet_utils/nnet_activation_stream.h:90]   --->   Operation 6 'bitconcatenate' 'shl_ln' <Predicate = true> <Delay = 0.00>
ST_1 : Operation 7 [1/1] (0.00ns)   --->   "%tmp_2 = partselect i12 @_ssdm_op_PartSelect.i12.i16.i32.i32, i16 %in_data, i32 4, i32 15" [firmware/nnet_utils/nnet_activation_stream.h:90]   --->   Operation 7 'partselect' 'tmp_2' <Predicate = true> <Delay = 0.00>
ST_1 : Operation 8 [1/1] (0.95ns)   --->   "%icmp_ln90 = icmp_slt  i26 %shl_ln, i26 67108849" [firmware/nnet_utils/nnet_activation_stream.h:90]   --->   Operation 8 'icmp' 'icmp_ln90' <Predicate = true> <Delay = 0.95> <CoreInst = "Cmp">   --->   Core 9 'Cmp' <Latency = 0> <II = 1> <Delay = 0.95> <FuncUnit> <Opcode : 'icmp'> <InPorts = 2> <OutPorts = 1>
ST_1 : Operation 9 [1/1] (0.00ns)   --->   "%trunc_ln90 = trunc i16 %in_data" [firmware/nnet_utils/nnet_activation_stream.h:90]   --->   Operation 9 'trunc' 'trunc_ln90' <Predicate = true> <Delay = 0.00>
ST_1 : Operation 10 [1/1] (0.00ns)   --->   "%tmp_1 = bitconcatenate i10 @_ssdm_op_BitConcatenate.i10.i4.i6, i4 %trunc_ln90, i6 0" [firmware/nnet_utils/nnet_activation_stream.h:90]   --->   Operation 10 'bitconcatenate' 'tmp_1' <Predicate = true> <Delay = 0.00>
ST_1 : Operation 11 [1/1] (0.78ns)   --->   "%icmp_ln90_1 = icmp_eq  i10 %tmp_1, i10 0" [firmware/nnet_utils/nnet_activation_stream.h:90]   --->   Operation 11 'icmp' 'icmp_ln90_1' <Predicate = true> <Delay = 0.78> <CoreInst = "Cmp">   --->   Core 9 'Cmp' <Latency = 0> <II = 1> <Delay = 0.78> <FuncUnit> <Opcode : 'icmp'> <InPorts = 2> <OutPorts = 1>

State 2 <SV = 1> <Delay = 3.92>
ST_2 : Operation 12 [1/1] (0.00ns)   --->   "%sext_ln90 = sext i12 %tmp_2" [firmware/nnet_utils/nnet_activation_stream.h:90]   --->   Operation 12 'sext' 'sext_ln90' <Predicate = true> <Delay = 0.00>
ST_2 : Operation 13 [1/1] (0.80ns)   --->   "%add_ln90 = add i13 %sext_ln90, i13 1" [firmware/nnet_utils/nnet_activation_stream.h:90]   --->   Operation 13 'add' 'add_ln90' <Predicate = (!icmp_ln90_1 & icmp_ln90)> <Delay = 0.80> <CoreInst = "Adder">   --->   Core 1 'Adder' <Latency = 0> <II = 1> <Delay = 0.82> <FuncUnit> <Opcode : 'add' 'sub'> <InPorts = 2> <OutPorts = 1>
ST_2 : Operation 14 [1/1] (0.00ns) (grouped into LUT with out node index)   --->   "%select_ln90 = select i1 %icmp_ln90_1, i13 %sext_ln90, i13 %add_ln90" [firmware/nnet_utils/nnet_activation_stream.h:90]   --->   Operation 14 'select' 'select_ln90' <Predicate = (icmp_ln90)> <Delay = 0.00> <CoreInst = "Sel">   --->   Core 73 'Sel' <Latency = 0> <II = 1> <Delay = 0.37> <FuncUnit> <Opcode : 'select'> <InPorts = 3> <OutPorts = 1>
ST_2 : Operation 15 [1/1] (0.00ns) (grouped into LUT with out node index)   --->   "%data_round = select i1 %icmp_ln90, i13 %select_ln90, i13 %sext_ln90" [firmware/nnet_utils/nnet_activation_stream.h:90]   --->   Operation 15 'select' 'data_round' <Predicate = true> <Delay = 0.00> <CoreInst = "Sel">   --->   Core 73 'Sel' <Latency = 0> <II = 1> <Delay = 0.37> <FuncUnit> <Opcode : 'select'> <InPorts = 3> <OutPorts = 1>
ST_2 : Operation 16 [1/1] (0.82ns) (out node of the LUT)   --->   "%index = add i13 %data_round, i13 512" [firmware/nnet_utils/nnet_activation_stream.h:91]   --->   Operation 16 'add' 'index' <Predicate = true> <Delay = 0.82> <CoreInst = "Adder">   --->   Core 1 'Adder' <Latency = 0> <II = 1> <Delay = 0.82> <FuncUnit> <Opcode : 'add' 'sub'> <InPorts = 2> <OutPorts = 1>
ST_2 : Operation 17 [1/1] (0.00ns) (grouped into LUT with out node index_1)   --->   "%trunc_ln91 = trunc i13 %index" [firmware/nnet_utils/nnet_activation_stream.h:91]   --->   Operation 17 'trunc' 'trunc_ln91' <Predicate = true> <Delay = 0.00>
ST_2 : Operation 18 [1/1] (0.00ns)   --->   "%tmp = bitselect i1 @_ssdm_op_BitSelect.i1.i13.i32, i13 %index, i32 12" [firmware/nnet_utils/nnet_activation_stream.h:92]   --->   Operation 18 'bitselect' 'tmp' <Predicate = true> <Delay = 0.00>
ST_2 : Operation 19 [1/1] (0.00ns)   --->   "%tmp_3 = partselect i3 @_ssdm_op_PartSelect.i3.i13.i32.i32, i13 %index, i32 10, i32 12" [firmware/nnet_utils/nnet_activation_stream.h:94]   --->   Operation 19 'partselect' 'tmp_3' <Predicate = true> <Delay = 0.00>
ST_2 : Operation 20 [1/1] (0.67ns)   --->   "%icmp_ln94 = icmp_ne  i3 %tmp_3, i3 0" [firmware/nnet_utils/nnet_activation_stream.h:94]   --->   Operation 20 'icmp' 'icmp_ln94' <Predicate = true> <Delay = 0.67> <CoreInst = "Cmp">   --->   Core 9 'Cmp' <Latency = 0> <II = 1> <Delay = 0.67> <FuncUnit> <Opcode : 'icmp'> <InPorts = 2> <OutPorts = 1>
ST_2 : Operation 21 [1/1] (0.00ns) (grouped into LUT with out node index_1)   --->   "%xor_ln92 = xor i1 %tmp, i1 1" [firmware/nnet_utils/nnet_activation_stream.h:92]   --->   Operation 21 'xor' 'xor_ln92' <Predicate = true> <Delay = 0.00> <CoreInst = "LogicGate">   --->   Core 74 'LogicGate' <Latency = 0> <II = 1> <Delay = 0.28> <FuncUnit> <Opcode : 'and' 'or' 'xor'> <InPorts = 2> <OutPorts = 1>
ST_2 : Operation 22 [1/1] (0.00ns) (grouped into LUT with out node index_1)   --->   "%select_ln92 = select i1 %xor_ln92, i10 1023, i10 0" [firmware/nnet_utils/nnet_activation_stream.h:92]   --->   Operation 22 'select' 'select_ln92' <Predicate = true> <Delay = 0.00> <CoreInst = "Sel">   --->   Core 73 'Sel' <Latency = 0> <II = 1> <Delay = 0.33> <FuncUnit> <Opcode : 'select'> <InPorts = 3> <OutPorts = 1>
ST_2 : Operation 23 [1/1] (0.00ns) (grouped into LUT with out node index_1)   --->   "%or_ln92 = or i1 %tmp, i1 %icmp_ln94" [firmware/nnet_utils/nnet_activation_stream.h:92]   --->   Operation 23 'or' 'or_ln92' <Predicate = true> <Delay = 0.00> <CoreInst = "LogicGate">   --->   Core 74 'LogicGate' <Latency = 0> <II = 1> <Delay = 0.28> <FuncUnit> <Opcode : 'and' 'or' 'xor'> <InPorts = 2> <OutPorts = 1>
ST_2 : Operation 24 [1/1] (0.38ns) (out node of the LUT)   --->   "%index_1 = select i1 %or_ln92, i10 %select_ln92, i10 %trunc_ln91" [firmware/nnet_utils/nnet_activation_stream.h:92]   --->   Operation 24 'select' 'index_1' <Predicate = true> <Delay = 0.38> <CoreInst = "Sel">   --->   Core 73 'Sel' <Latency = 0> <II = 1> <Delay = 0.38> <FuncUnit> <Opcode : 'select'> <InPorts = 3> <OutPorts = 1>
ST_2 : Operation 25 [1/1] (0.00ns)   --->   "%zext_ln96 = zext i10 %index_1" [firmware/nnet_utils/nnet_activation_stream.h:96]   --->   Operation 25 'zext' 'zext_ln96' <Predicate = true> <Delay = 0.00>
ST_2 : Operation 26 [1/1] (0.00ns)   --->   "%sigmoid_table_addr = getelementptr i10 %sigmoid_table, i64 0, i64 %zext_ln96" [firmware/nnet_utils/nnet_activation_stream.h:96]   --->   Operation 26 'getelementptr' 'sigmoid_table_addr' <Predicate = true> <Delay = 0.00>
ST_2 : Operation 27 [2/2] (1.23ns)   --->   "%sigmoid_table_load = load i10 %sigmoid_table_addr" [firmware/nnet_utils/nnet_activation_stream.h:96]   --->   Operation 27 'load' 'sigmoid_table_load' <Predicate = true> <Delay = 1.23> <CoreInst = "ROM">   --->   Core 101 'ROM' <Latency = 1> <II = 1> <Delay = 1.23> <Storage> <Opcode : 'load'> <Ports = 0> <Width = 10> <Depth = 1024> <ROM>

State 3 <SV = 2> <Delay = 2.23>
ST_3 : Operation 28 [1/2] (1.23ns)   --->   "%sigmoid_table_load = load i10 %sigmoid_table_addr" [firmware/nnet_utils/nnet_activation_stream.h:96]   --->   Operation 28 'load' 'sigmoid_table_load' <Predicate = true> <Delay = 1.23> <CoreInst = "ROM">   --->   Core 101 'ROM' <Latency = 1> <II = 1> <Delay = 1.23> <Storage> <Opcode : 'load'> <Ports = 0> <Width = 10> <Depth = 1024> <ROM>
ST_3 : Operation 29 [1/1] (0.00ns)   --->   "%zext_ln96_1 = zext i10 %sigmoid_table_load" [firmware/nnet_utils/nnet_activation_stream.h:96]   --->   Operation 29 'zext' 'zext_ln96_1' <Predicate = true> <Delay = 0.00>
ST_3 : Operation 30 [2/2] (1.00ns)   --->   "%write_ln99 = write void @_ssdm_op_Write.axis.volatile.i16P128A, i16 %layer8_out, i16 %zext_ln96_1" [firmware/nnet_utils/nnet_activation_stream.h:99]   --->   Operation 30 'write' 'write_ln99' <Predicate = true> <Delay = 1.00> <CoreInst = "axis">   --->   Core 123 'axis' <Latency = 0> <II = 1> <Delay = 1.00> <Adapter> <Opcode : >

State 4 <SV = 3> <Delay = 1.00>
ST_4 : Operation 31 [1/1] (0.00ns)   --->   "%specinterface_ln0 = specinterface void @_ssdm_op_SpecInterface, i16 %layer7_out, void @empty, i32 0, i32 0, void @empty_1, i32 0, i32 0, void @empty_1, void @empty_1, void @empty_1, i32 0, i32 0, i32 0, i32 0, void @empty_1, void @empty_1, i32 4294967295, i32 0"   --->   Operation 31 'specinterface' 'specinterface_ln0' <Predicate = true> <Delay = 0.00>
ST_4 : Operation 32 [1/1] (0.00ns)   --->   "%specinterface_ln0 = specinterface void @_ssdm_op_SpecInterface, i16 %layer8_out, void @empty_9, i32 1, i32 1, void @empty_0, i32 0, i32 0, void @empty_1, void @empty_1, void @empty_1, i32 0, i32 0, i32 0, i32 0, void @empty_1, void @empty_1, i32 4294967295, i32 0"   --->   Operation 32 'specinterface' 'specinterface_ln0' <Predicate = true> <Delay = 0.00>
ST_4 : Operation 33 [1/2] (1.00ns)   --->   "%write_ln99 = write void @_ssdm_op_Write.axis.volatile.i16P128A, i16 %layer8_out, i16 %zext_ln96_1" [firmware/nnet_utils/nnet_activation_stream.h:99]   --->   Operation 33 'write' 'write_ln99' <Predicate = true> <Delay = 1.00> <CoreInst = "axis">   --->   Core 123 'axis' <Latency = 0> <II = 1> <Delay = 1.00> <Adapter> <Opcode : >
ST_4 : Operation 34 [1/1] (0.00ns)   --->   "%ret_ln101 = ret" [firmware/nnet_utils/nnet_activation_stream.h:101]   --->   Operation 34 'ret' 'ret_ln101' <Predicate = true> <Delay = 0.00>


============================================================
+ Verbose Summary: Binding
============================================================
STG Binding: 
---------------- STG Properties BEGIN ----------------
- Is combinational: 0
- Is one-state seq: 0
- Is datapath-only: 0
- Is pipelined: 0
- Is top level: 0
Port [ Return ] is wired: 1; IO mode=ap_ctrl_hs:ce=0
Port [ layer7_out]:  wired=1; compound=1; hidden=0; nouse=0; global=0; static=0; extern=0; dir=0; type=3; pingpong=0; private_global=0; IO mode=ap_fifo:ce=0
Port [ layer8_out]:  wired=1; compound=1; hidden=0; nouse=0; global=0; static=0; extern=0; dir=1; type=0; pingpong=0; private_global=0; IO mode=axis:ce=0
Port [ sigmoid_table]:  wired=0; compound=1; hidden=1; nouse=0; global=1; static=1; extern=0; dir=0; type=1; pingpong=0; private_global=1; MemPort=[1]; IO mode=ap_memory:ce=0
---------------- STG Properties END ------------------

---------------- Datapath Model BEGIN ----------------

<LifeTime>
<method=bitvector/>
in_data            (read          ) [ 00000]
shl_ln             (bitconcatenate) [ 00000]
tmp_2              (partselect    ) [ 00100]
icmp_ln90          (icmp          ) [ 00100]
trunc_ln90         (trunc         ) [ 00000]
tmp_1              (bitconcatenate) [ 00000]
icmp_ln90_1        (icmp          ) [ 00100]
sext_ln90          (sext          ) [ 00000]
add_ln90           (add           ) [ 00000]
select_ln90        (select        ) [ 00000]
data_round         (select        ) [ 00000]
index              (add           ) [ 00000]
trunc_ln91         (trunc         ) [ 00000]
tmp                (bitselect     ) [ 00000]
tmp_3              (partselect    ) [ 00000]
icmp_ln94          (icmp          ) [ 00000]
xor_ln92           (xor           ) [ 00000]
select_ln92        (select        ) [ 00000]
or_ln92            (or            ) [ 00000]
index_1            (select        ) [ 00000]
zext_ln96          (zext          ) [ 00000]
sigmoid_table_addr (getelementptr ) [ 00010]
sigmoid_table_load (load          ) [ 00000]
zext_ln96_1        (zext          ) [ 00001]
specinterface_ln0  (specinterface ) [ 00000]
specinterface_ln0  (specinterface ) [ 00000]
write_ln99         (write         ) [ 00000]
ret_ln101          (ret           ) [ 00000]
</LifeTime>

<model>

<comp_list>
<comp id="0" class="1000" name="layer7_out">
<pin_list>
<pin id="1" dir="1" index="0" bw="1" slack="0"/>
</pin_list>
<bind>
<StgValue><ssdm name="layer7_out"/></StgValue>
</bind>
</comp>

<comp id="2" class="1000" name="layer8_out">
<pin_list>
<pin id="3" dir="1" index="0" bw="1" slack="0"/>
</pin_list>
<bind>
<StgValue><ssdm name="layer8_out"/></StgValue>
</bind>
</comp>

<comp id="4" class="1000" name="sigmoid_table">
<pin_list>
<pin id="5" dir="1" index="0" bw="1" slack="0"/>
</pin_list>
<bind>
<StgValue><ssdm name="sigmoid_table"/><MemPortTyVec>1 </MemPortTyVec>
</StgValue>
</bind>
</comp>

<comp id="6" class="1001" name="const_6">
<pin_list>
<pin id="7" dir="1" index="0" bw="1" slack="0"/>
</pin_list>
<bind>
<StgValue><ssdm name="_ssdm_op_Read.ap_fifo.volatile.i16P0A"/></StgValue>
</bind>
</comp>

<comp id="8" class="1001" name="const_8">
<pin_list>
<pin id="9" dir="1" index="0" bw="1" slack="0"/>
</pin_list>
<bind>
<StgValue><ssdm name="_ssdm_op_BitConcatenate.i26.i16.i10"/></StgValue>
</bind>
</comp>

<comp id="10" class="1001" name="const_10">
<pin_list>
<pin id="11" dir="1" index="0" bw="1" slack="0"/>
</pin_list>
<bind>
<StgValue><ssdm name=""/></StgValue>
</bind>
</comp>

<comp id="12" class="1001" name="const_12">
<pin_list>
<pin id="13" dir="1" index="0" bw="1" slack="0"/>
</pin_list>
<bind>
<StgValue><ssdm name="_ssdm_op_PartSelect.i12.i16.i32.i32"/></StgValue>
</bind>
</comp>

<comp id="14" class="1001" name="const_14">
<pin_list>
<pin id="15" dir="1" index="0" bw="1" slack="0"/>
</pin_list>
<bind>
<StgValue><ssdm name=""/></StgValue>
</bind>
</comp>

<comp id="16" class="1001" name="const_16">
<pin_list>
<pin id="17" dir="1" index="0" bw="1" slack="0"/>
</pin_list>
<bind>
<StgValue><ssdm name=""/></StgValue>
</bind>
</comp>

<comp id="18" class="1001" name="const_18">
<pin_list>
<pin id="19" dir="1" index="0" bw="1" slack="0"/>
</pin_list>
<bind>
<StgValue><ssdm name=""/></StgValue>
</bind>
</comp>

<comp id="20" class="1001" name="const_20">
<pin_list>
<pin id="21" dir="1" index="0" bw="1" slack="0"/>
</pin_list>
<bind>
<StgValue><ssdm name="_ssdm_op_BitConcatenate.i10.i4.i6"/></StgValue>
</bind>
</comp>

<comp id="22" class="1001" name="const_22">
<pin_list>
<pin id="23" dir="1" index="0" bw="1" slack="0"/>
</pin_list>
<bind>
<StgValue><ssdm name=""/></StgValue>
</bind>
</comp>

<comp id="24" class="1001" name="const_24">
<pin_list>
<pin id="25" dir="1" index="0" bw="1" slack="0"/>
</pin_list>
<bind>
<StgValue><ssdm name=""/></StgValue>
</bind>
</comp>

<comp id="26" class="1001" name="const_26">
<pin_list>
<pin id="27" dir="1" index="0" bw="1" slack="0"/>
</pin_list>
<bind>
<StgValue><ssdm name=""/></StgValue>
</bind>
</comp>

<comp id="28" class="1001" name="const_28">
<pin_list>
<pin id="29" dir="1" index="0" bw="1" slack="0"/>
</pin_list>
<bind>
<StgValue><ssdm name="_ssdm_op_BitSelect.i1.i13.i32"/></StgValue>
</bind>
</comp>

<comp id="30" class="1001" name="const_30">
<pin_list>
<pin id="31" dir="1" index="0" bw="1" slack="0"/>
</pin_list>
<bind>
<StgValue><ssdm name=""/></StgValue>
</bind>
</comp>

<comp id="32" class="1001" name="const_32">
<pin_list>
<pin id="33" dir="1" index="0" bw="1" slack="0"/>
</pin_list>
<bind>
<StgValue><ssdm name="_ssdm_op_PartSelect.i3.i13.i32.i32"/></StgValue>
</bind>
</comp>

<comp id="34" class="1001" name="const_34">
<pin_list>
<pin id="35" dir="1" index="0" bw="1" slack="0"/>
</pin_list>
<bind>
<StgValue><ssdm name=""/></StgValue>
</bind>
</comp>

<comp id="36" class="1001" name="const_36">
<pin_list>
<pin id="37" dir="1" index="0" bw="1" slack="0"/>
</pin_list>
<bind>
<StgValue><ssdm name=""/></StgValue>
</bind>
</comp>

<comp id="38" class="1001" name="const_38">
<pin_list>
<pin id="39" dir="1" index="0" bw="1" slack="0"/>
</pin_list>
<bind>
<StgValue><ssdm name=""/></StgValue>
</bind>
</comp>

<comp id="40" class="1001" name="const_40">
<pin_list>
<pin id="41" dir="1" index="0" bw="1" slack="0"/>
</pin_list>
<bind>
<StgValue><ssdm name=""/></StgValue>
</bind>
</comp>

<comp id="42" class="1001" name="const_42">
<pin_list>
<pin id="43" dir="1" index="0" bw="1" slack="0"/>
</pin_list>
<bind>
<StgValue><ssdm name=""/></StgValue>
</bind>
</comp>

<comp id="44" class="1001" name="const_44">
<pin_list>
<pin id="45" dir="1" index="0" bw="1" slack="0"/>
</pin_list>
<bind>
<StgValue><ssdm name="_ssdm_op_Write.axis.volatile.i16P128A"/></StgValue>
</bind>
</comp>

<comp id="46" class="1001" name="const_46">
<pin_list>
<pin id="47" dir="1" index="0" bw="1" slack="2147483647"/>
</pin_list>
<bind>
<StgValue><ssdm name="_ssdm_op_SpecInterface"/></StgValue>
</bind>
</comp>

<comp id="48" class="1001" name="const_48">
<pin_list>
<pin id="49" dir="1" index="0" bw="1" slack="2147483647"/>
</pin_list>
<bind>
<StgValue><ssdm name="empty"/></StgValue>
</bind>
</comp>

<comp id="50" class="1001" name="const_50">
<pin_list>
<pin id="51" dir="1" index="0" bw="1" slack="2147483647"/>
</pin_list>
<bind>
<StgValue><ssdm name=""/></StgValue>
</bind>
</comp>

<comp id="52" class="1001" name="const_52">
<pin_list>
<pin id="53" dir="1" index="0" bw="1" slack="2147483647"/>
</pin_list>
<bind>
<StgValue><ssdm name="empty_1"/></StgValue>
</bind>
</comp>

<comp id="54" class="1001" name="const_54">
<pin_list>
<pin id="55" dir="1" index="0" bw="1" slack="2147483647"/>
</pin_list>
<bind>
<StgValue><ssdm name=""/></StgValue>
</bind>
</comp>

<comp id="56" class="1001" name="const_56">
<pin_list>
<pin id="57" dir="1" index="0" bw="1" slack="2147483647"/>
</pin_list>
<bind>
<StgValue><ssdm name="empty_9"/></StgValue>
</bind>
</comp>

<comp id="58" class="1001" name="const_58">
<pin_list>
<pin id="59" dir="1" index="0" bw="1" slack="2147483647"/>
</pin_list>
<bind>
<StgValue><ssdm name=""/></StgValue>
</bind>
</comp>

<comp id="60" class="1001" name="const_60">
<pin_list>
<pin id="61" dir="1" index="0" bw="1" slack="2147483647"/>
</pin_list>
<bind>
<StgValue><ssdm name="empty_0"/></StgValue>
</bind>
</comp>

<comp id="62" class="1004" name="in_data_read_fu_62">
<pin_list>
<pin id="63" dir="0" index="0" bw="16" slack="0"/>
<pin id="64" dir="0" index="1" bw="16" slack="0"/>
<pin id="65" dir="1" index="2" bw="16" slack="0"/>
</pin_list>
<bind>
<opcode="read(1150) " fcode="read"/>
<opset="in_data/1 "/>
</bind>
</comp>

<comp id="68" class="1004" name="grp_write_fu_68">
<pin_list>
<pin id="69" dir="0" index="0" bw="0" slack="0"/>
<pin id="70" dir="0" index="1" bw="16" slack="0"/>
<pin id="71" dir="0" index="2" bw="10" slack="0"/>
<pin id="72" dir="1" index="3" bw="0" slack="2147483647"/>
</pin_list>
<bind>
<opcode="write(1151) " fcode="write"/>
<opset="write_ln99/3 "/>
</bind>
</comp>

<comp id="75" class="1004" name="sigmoid_table_addr_gep_fu_75">
<pin_list>
<pin id="76" dir="0" index="0" bw="10" slack="0"/>
<pin id="77" dir="0" index="1" bw="1" slack="0"/>
<pin id="78" dir="0" index="2" bw="10" slack="0"/>
<pin id="79" dir="1" index="3" bw="10" slack="0"/>
</pin_list>
<bind>
<opcode="getelementptr(29) " fcode="getelementptr"/>
<opset="sigmoid_table_addr/2 "/>
</bind>
</comp>

<comp id="82" class="1004" name="grp_access_fu_82">
<pin_list>
<pin id="83" dir="0" index="0" bw="10" slack="0"/>
<pin id="84" dir="0" index="1" bw="10" slack="2147483647"/>
<pin id="85" dir="0" index="2" bw="0" slack="2147483647"/>
<pin id="86" dir="1" index="3" bw="10" slack="0"/>
</pin_list>
<bind>
<opcode="load(27) " fcode="load"/>
<opset="sigmoid_table_load/2 "/>
</bind>
</comp>

<comp id="88" class="1004" name="shl_ln_fu_88">
<pin_list>
<pin id="89" dir="0" index="0" bw="26" slack="0"/>
<pin id="90" dir="0" index="1" bw="16" slack="0"/>
<pin id="91" dir="0" index="2" bw="1" slack="0"/>
<pin id="92" dir="1" index="3" bw="26" slack="0"/>
</pin_list>
<bind>
<opcode="bitconcatenate(1004) " fcode="bitconcatenate"/>
<opset="shl_ln/1 "/>
</bind>
</comp>

<comp id="96" class="1004" name="tmp_2_fu_96">
<pin_list>
<pin id="97" dir="0" index="0" bw="12" slack="0"/>
<pin id="98" dir="0" index="1" bw="16" slack="0"/>
<pin id="99" dir="0" index="2" bw="4" slack="0"/>
<pin id="100" dir="0" index="3" bw="5" slack="0"/>
<pin id="101" dir="1" index="4" bw="12" slack="1"/>
</pin_list>
<bind>
<opcode="partselect(1002) " fcode="partselect"/>
<opset="tmp_2/1 "/>
</bind>
</comp>

<comp id="106" class="1004" name="icmp_ln90_fu_106">
<pin_list>
<pin id="107" dir="0" index="0" bw="26" slack="0"/>
<pin id="108" dir="0" index="1" bw="26" slack="0"/>
<pin id="109" dir="1" index="2" bw="1" slack="1"/>
</pin_list>
<bind>
<opcode="icmp(45) " fcode="icmp"/>
<opset="icmp_ln90/1 "/>
</bind>
</comp>

<comp id="112" class="1004" name="trunc_ln90_fu_112">
<pin_list>
<pin id="113" dir="0" index="0" bw="16" slack="0"/>
<pin id="114" dir="1" index="1" bw="4" slack="0"/>
</pin_list>
<bind>
<opcode="trunc(33) " fcode="trunc"/>
<opset="trunc_ln90/1 "/>
</bind>
</comp>

<comp id="116" class="1004" name="tmp_1_fu_116">
<pin_list>
<pin id="117" dir="0" index="0" bw="10" slack="0"/>
<pin id="118" dir="0" index="1" bw="4" slack="0"/>
<pin id="119" dir="0" index="2" bw="1" slack="0"/>
<pin id="120" dir="1" index="3" bw="10" slack="0"/>
</pin_list>
<bind>
<opcode="bitconcatenate(1004) " fcode="bitconcatenate"/>
<opset="tmp_1/1 "/>
</bind>
</comp>

<comp id="124" class="1004" name="icmp_ln90_1_fu_124">
<pin_list>
<pin id="125" dir="0" index="0" bw="10" slack="0"/>
<pin id="126" dir="0" index="1" bw="10" slack="0"/>
<pin id="127" dir="1" index="2" bw="1" slack="1"/>
</pin_list>
<bind>
<opcode="icmp(45) " fcode="icmp"/>
<opset="icmp_ln90_1/1 "/>
</bind>
</comp>

<comp id="130" class="1004" name="sext_ln90_fu_130">
<pin_list>
<pin id="131" dir="0" index="0" bw="12" slack="1"/>
<pin id="132" dir="1" index="1" bw="13" slack="0"/>
</pin_list>
<bind>
<opcode="sext(35) " fcode="sext"/>
<opset="sext_ln90/2 "/>
</bind>
</comp>

<comp id="133" class="1004" name="add_ln90_fu_133">
<pin_list>
<pin id="134" dir="0" index="0" bw="12" slack="0"/>
<pin id="135" dir="0" index="1" bw="1" slack="0"/>
<pin id="136" dir="1" index="2" bw="13" slack="0"/>
</pin_list>
<bind>
<opcode="add(8) " fcode="add"/>
<opset="add_ln90/2 "/>
</bind>
</comp>

<comp id="139" class="1004" name="select_ln90_fu_139">
<pin_list>
<pin id="140" dir="0" index="0" bw="1" slack="1"/>
<pin id="141" dir="0" index="1" bw="13" slack="0"/>
<pin id="142" dir="0" index="2" bw="13" slack="0"/>
<pin id="143" dir="1" index="3" bw="13" slack="0"/>
</pin_list>
<bind>
<opcode="select(49) " fcode="select"/>
<opset="select_ln90/2 "/>
</bind>
</comp>

<comp id="146" class="1004" name="data_round_fu_146">
<pin_list>
<pin id="147" dir="0" index="0" bw="1" slack="1"/>
<pin id="148" dir="0" index="1" bw="13" slack="0"/>
<pin id="149" dir="0" index="2" bw="13" slack="0"/>
<pin id="150" dir="1" index="3" bw="13" slack="0"/>
</pin_list>
<bind>
<opcode="select(49) " fcode="select"/>
<opset="data_round/2 "/>
</bind>
</comp>

<comp id="153" class="1004" name="index_fu_153">
<pin_list>
<pin id="154" dir="0" index="0" bw="13" slack="0"/>
<pin id="155" dir="0" index="1" bw="11" slack="0"/>
<pin id="156" dir="1" index="2" bw="13" slack="0"/>
</pin_list>
<bind>
<opcode="add(8) " fcode="add"/>
<opset="index/2 "/>
</bind>
</comp>

<comp id="159" class="1004" name="trunc_ln91_fu_159">
<pin_list>
<pin id="160" dir="0" index="0" bw="13" slack="0"/>
<pin id="161" dir="1" index="1" bw="10" slack="0"/>
</pin_list>
<bind>
<opcode="trunc(33) " fcode="trunc"/>
<opset="trunc_ln91/2 "/>
</bind>
</comp>

<comp id="163" class="1004" name="tmp_fu_163">
<pin_list>
<pin id="164" dir="0" index="0" bw="1" slack="0"/>
<pin id="165" dir="0" index="1" bw="13" slack="0"/>
<pin id="166" dir="0" index="2" bw="5" slack="0"/>
<pin id="167" dir="1" index="3" bw="1" slack="0"/>
</pin_list>
<bind>
<opcode="bitselect(1000) " fcode="bitselect"/>
<opset="tmp/2 "/>
</bind>
</comp>

<comp id="171" class="1004" name="tmp_3_fu_171">
<pin_list>
<pin id="172" dir="0" index="0" bw="3" slack="0"/>
<pin id="173" dir="0" index="1" bw="13" slack="0"/>
<pin id="174" dir="0" index="2" bw="5" slack="0"/>
<pin id="175" dir="0" index="3" bw="5" slack="0"/>
<pin id="176" dir="1" index="4" bw="3" slack="0"/>
</pin_list>
<bind>
<opcode="partselect(1002) " fcode="partselect"/>
<opset="tmp_3/2 "/>
</bind>
</comp>

<comp id="181" class="1004" name="icmp_ln94_fu_181">
<pin_list>
<pin id="182" dir="0" index="0" bw="3" slack="0"/>
<pin id="183" dir="0" index="1" bw="3" slack="0"/>
<pin id="184" dir="1" index="2" bw="1" slack="0"/>
</pin_list>
<bind>
<opcode="icmp(45) " fcode="icmp"/>
<opset="icmp_ln94/2 "/>
</bind>
</comp>

<comp id="187" class="1004" name="xor_ln92_fu_187">
<pin_list>
<pin id="188" dir="0" index="0" bw="1" slack="0"/>
<pin id="189" dir="0" index="1" bw="1" slack="0"/>
<pin id="190" dir="1" index="2" bw="1" slack="0"/>
</pin_list>
<bind>
<opcode="xor(25) " fcode="xor"/>
<opset="xor_ln92/2 "/>
</bind>
</comp>

<comp id="193" class="1004" name="select_ln92_fu_193">
<pin_list>
<pin id="194" dir="0" index="0" bw="1" slack="0"/>
<pin id="195" dir="0" index="1" bw="10" slack="0"/>
<pin id="196" dir="0" index="2" bw="10" slack="0"/>
<pin id="197" dir="1" index="3" bw="10" slack="0"/>
</pin_list>
<bind>
<opcode="select(49) " fcode="select"/>
<opset="select_ln92/2 "/>
</bind>
</comp>

<comp id="201" class="1004" name="or_ln92_fu_201">
<pin_list>
<pin id="202" dir="0" index="0" bw="1" slack="0"/>
<pin id="203" dir="0" index="1" bw="1" slack="0"/>
<pin id="204" dir="1" index="2" bw="1" slack="0"/>
</pin_list>
<bind>
<opcode="or(24) " fcode="or"/>
<opset="or_ln92/2 "/>
</bind>
</comp>

<comp id="207" class="1004" name="index_1_fu_207">
<pin_list>
<pin id="208" dir="0" index="0" bw="1" slack="0"/>
<pin id="209" dir="0" index="1" bw="10" slack="0"/>
<pin id="210" dir="0" index="2" bw="10" slack="0"/>
<pin id="211" dir="1" index="3" bw="10" slack="0"/>
</pin_list>
<bind>
<opcode="select(49) " fcode="select"/>
<opset="index_1/2 "/>
</bind>
</comp>

<comp id="215" class="1004" name="zext_ln96_fu_215">
<pin_list>
<pin id="216" dir="0" index="0" bw="10" slack="0"/>
<pin id="217" dir="1" index="1" bw="64" slack="0"/>
</pin_list>
<bind>
<opcode="zext(34) " fcode="zext"/>
<opset="zext_ln96/2 "/>
</bind>
</comp>

<comp id="220" class="1004" name="zext_ln96_1_fu_220">
<pin_list>
<pin id="221" dir="0" index="0" bw="10" slack="0"/>
<pin id="222" dir="1" index="1" bw="16" slack="0"/>
</pin_list>
<bind>
<opcode="zext(34) " fcode="zext"/>
<opset="zext_ln96_1/3 "/>
</bind>
</comp>

<comp id="225" class="1005" name="tmp_2_reg_225">
<pin_list>
<pin id="226" dir="0" index="0" bw="12" slack="1"/>
<pin id="227" dir="1" index="1" bw="12" slack="1"/>
</pin_list>
<bind>
<opset="tmp_2 "/>
</bind>
</comp>

<comp id="230" class="1005" name="icmp_ln90_reg_230">
<pin_list>
<pin id="231" dir="0" index="0" bw="1" slack="1"/>
<pin id="232" dir="1" index="1" bw="1" slack="1"/>
</pin_list>
<bind>
<opset="icmp_ln90 "/>
</bind>
</comp>

<comp id="235" class="1005" name="icmp_ln90_1_reg_235">
<pin_list>
<pin id="236" dir="0" index="0" bw="1" slack="1"/>
<pin id="237" dir="1" index="1" bw="1" slack="1"/>
</pin_list>
<bind>
<opset="icmp_ln90_1 "/>
</bind>
</comp>

<comp id="240" class="1005" name="sigmoid_table_addr_reg_240">
<pin_list>
<pin id="241" dir="0" index="0" bw="10" slack="1"/>
<pin id="242" dir="1" index="1" bw="10" slack="1"/>
</pin_list>
<bind>
<opset="sigmoid_table_addr "/>
</bind>
</comp>

<comp id="245" class="1005" name="zext_ln96_1_reg_245">
<pin_list>
<pin id="246" dir="0" index="0" bw="16" slack="1"/>
<pin id="247" dir="1" index="1" bw="16" slack="1"/>
</pin_list>
<bind>
<opset="zext_ln96_1 "/>
</bind>
</comp>

</comp_list>

<net_list>
<net id="66"><net_src comp="6" pin="0"/><net_sink comp="62" pin=0"/></net>

<net id="67"><net_src comp="0" pin="0"/><net_sink comp="62" pin=1"/></net>

<net id="73"><net_src comp="44" pin="0"/><net_sink comp="68" pin=0"/></net>

<net id="74"><net_src comp="2" pin="0"/><net_sink comp="68" pin=1"/></net>

<net id="80"><net_src comp="4" pin="0"/><net_sink comp="75" pin=0"/></net>

<net id="81"><net_src comp="42" pin="0"/><net_sink comp="75" pin=1"/></net>

<net id="87"><net_src comp="75" pin="3"/><net_sink comp="82" pin=0"/></net>

<net id="93"><net_src comp="8" pin="0"/><net_sink comp="88" pin=0"/></net>

<net id="94"><net_src comp="62" pin="2"/><net_sink comp="88" pin=1"/></net>

<net id="95"><net_src comp="10" pin="0"/><net_sink comp="88" pin=2"/></net>

<net id="102"><net_src comp="12" pin="0"/><net_sink comp="96" pin=0"/></net>

<net id="103"><net_src comp="62" pin="2"/><net_sink comp="96" pin=1"/></net>

<net id="104"><net_src comp="14" pin="0"/><net_sink comp="96" pin=2"/></net>

<net id="105"><net_src comp="16" pin="0"/><net_sink comp="96" pin=3"/></net>

<net id="110"><net_src comp="88" pin="3"/><net_sink comp="106" pin=0"/></net>

<net id="111"><net_src comp="18" pin="0"/><net_sink comp="106" pin=1"/></net>

<net id="115"><net_src comp="62" pin="2"/><net_sink comp="112" pin=0"/></net>

<net id="121"><net_src comp="20" pin="0"/><net_sink comp="116" pin=0"/></net>

<net id="122"><net_src comp="112" pin="1"/><net_sink comp="116" pin=1"/></net>

<net id="123"><net_src comp="22" pin="0"/><net_sink comp="116" pin=2"/></net>

<net id="128"><net_src comp="116" pin="3"/><net_sink comp="124" pin=0"/></net>

<net id="129"><net_src comp="10" pin="0"/><net_sink comp="124" pin=1"/></net>

<net id="137"><net_src comp="130" pin="1"/><net_sink comp="133" pin=0"/></net>

<net id="138"><net_src comp="24" pin="0"/><net_sink comp="133" pin=1"/></net>

<net id="144"><net_src comp="130" pin="1"/><net_sink comp="139" pin=1"/></net>

<net id="145"><net_src comp="133" pin="2"/><net_sink comp="139" pin=2"/></net>

<net id="151"><net_src comp="139" pin="3"/><net_sink comp="146" pin=1"/></net>

<net id="152"><net_src comp="130" pin="1"/><net_sink comp="146" pin=2"/></net>

<net id="157"><net_src comp="146" pin="3"/><net_sink comp="153" pin=0"/></net>

<net id="158"><net_src comp="26" pin="0"/><net_sink comp="153" pin=1"/></net>

<net id="162"><net_src comp="153" pin="2"/><net_sink comp="159" pin=0"/></net>

<net id="168"><net_src comp="28" pin="0"/><net_sink comp="163" pin=0"/></net>

<net id="169"><net_src comp="153" pin="2"/><net_sink comp="163" pin=1"/></net>

<net id="170"><net_src comp="30" pin="0"/><net_sink comp="163" pin=2"/></net>

<net id="177"><net_src comp="32" pin="0"/><net_sink comp="171" pin=0"/></net>

<net id="178"><net_src comp="153" pin="2"/><net_sink comp="171" pin=1"/></net>

<net id="179"><net_src comp="34" pin="0"/><net_sink comp="171" pin=2"/></net>

<net id="180"><net_src comp="30" pin="0"/><net_sink comp="171" pin=3"/></net>

<net id="185"><net_src comp="171" pin="4"/><net_sink comp="181" pin=0"/></net>

<net id="186"><net_src comp="36" pin="0"/><net_sink comp="181" pin=1"/></net>

<net id="191"><net_src comp="163" pin="3"/><net_sink comp="187" pin=0"/></net>

<net id="192"><net_src comp="38" pin="0"/><net_sink comp="187" pin=1"/></net>

<net id="198"><net_src comp="187" pin="2"/><net_sink comp="193" pin=0"/></net>

<net id="199"><net_src comp="40" pin="0"/><net_sink comp="193" pin=1"/></net>

<net id="200"><net_src comp="10" pin="0"/><net_sink comp="193" pin=2"/></net>

<net id="205"><net_src comp="163" pin="3"/><net_sink comp="201" pin=0"/></net>

<net id="206"><net_src comp="181" pin="2"/><net_sink comp="201" pin=1"/></net>

<net id="212"><net_src comp="201" pin="2"/><net_sink comp="207" pin=0"/></net>

<net id="213"><net_src comp="193" pin="3"/><net_sink comp="207" pin=1"/></net>

<net id="214"><net_src comp="159" pin="1"/><net_sink comp="207" pin=2"/></net>

<net id="218"><net_src comp="207" pin="3"/><net_sink comp="215" pin=0"/></net>

<net id="219"><net_src comp="215" pin="1"/><net_sink comp="75" pin=2"/></net>

<net id="223"><net_src comp="82" pin="3"/><net_sink comp="220" pin=0"/></net>

<net id="224"><net_src comp="220" pin="1"/><net_sink comp="68" pin=2"/></net>

<net id="228"><net_src comp="96" pin="4"/><net_sink comp="225" pin=0"/></net>

<net id="229"><net_src comp="225" pin="1"/><net_sink comp="130" pin=0"/></net>

<net id="233"><net_src comp="106" pin="2"/><net_sink comp="230" pin=0"/></net>

<net id="234"><net_src comp="230" pin="1"/><net_sink comp="146" pin=0"/></net>

<net id="238"><net_src comp="124" pin="2"/><net_sink comp="235" pin=0"/></net>

<net id="239"><net_src comp="235" pin="1"/><net_sink comp="139" pin=0"/></net>

<net id="243"><net_src comp="75" pin="3"/><net_sink comp="240" pin=0"/></net>

<net id="244"><net_src comp="240" pin="1"/><net_sink comp="82" pin=0"/></net>

<net id="248"><net_src comp="220" pin="1"/><net_sink comp="245" pin=0"/></net>

<net id="249"><net_src comp="245" pin="1"/><net_sink comp="68" pin=2"/></net>

</net_list>

</model> 
---------------- Datapath Model END ------------------

* FSMD analyzer results:
  - Output states:
	Port: layer8_out | {4 }
	Port: sigmoid_table | {}
 - Input state : 
	Port: sigmoid<array,array<ap_fixed<16,6,5,3,0>,1u>,sigmoid_config8> : layer7_out | {1 }
	Port: sigmoid<array,array<ap_fixed<16,6,5,3,0>,1u>,sigmoid_config8> : layer8_out | {}
	Port: sigmoid<array,array<ap_fixed<16,6,5,3,0>,1u>,sigmoid_config8> : sigmoid_table | {2 3 }
  - Chain level:
	State 1
		icmp_ln90 : 1
		tmp_1 : 1
		icmp_ln90_1 : 2
	State 2
		add_ln90 : 1
		select_ln90 : 2
		data_round : 3
		index : 4
		trunc_ln91 : 5
		tmp : 5
		tmp_3 : 5
		icmp_ln94 : 6
		xor_ln92 : 6
		select_ln92 : 6
		or_ln92 : 7
		index_1 : 7
		zext_ln96 : 8
		sigmoid_table_addr : 9
		sigmoid_table_load : 10
	State 3
		zext_ln96_1 : 1
		write_ln99 : 2
	State 4


============================================================
+ Verbose Summary: Datapath Resource usage 
============================================================

* Functional unit list:
|----------|--------------------|---------|---------|
| Operation|   Functional Unit  |    FF   |   LUT   |
|----------|--------------------|---------|---------|
|          |  icmp_ln90_fu_106  |    0    |    33   |
|   icmp   | icmp_ln90_1_fu_124 |    0    |    17   |
|          |  icmp_ln94_fu_181  |    0    |    10   |
|----------|--------------------|---------|---------|
|          | select_ln90_fu_139 |    0    |    13   |
|  select  |  data_round_fu_146 |    0    |    13   |
|          | select_ln92_fu_193 |    0    |    10   |
|          |   index_1_fu_207   |    0    |    10   |
|----------|--------------------|---------|---------|
|    add   |   add_ln90_fu_133  |    0    |    19   |
|          |    index_fu_153    |    0    |    20   |
|----------|--------------------|---------|---------|
|    xor   |   xor_ln92_fu_187  |    0    |    2    |
|----------|--------------------|---------|---------|
|    or    |   or_ln92_fu_201   |    0    |    2    |
|----------|--------------------|---------|---------|
|   read   | in_data_read_fu_62 |    0    |    0    |
|----------|--------------------|---------|---------|
|   write  |   grp_write_fu_68  |    0    |    0    |
|----------|--------------------|---------|---------|
|bitconcatenate|    shl_ln_fu_88    |    0    |    0    |
|          |    tmp_1_fu_116    |    0    |    0    |
|----------|--------------------|---------|---------|
|partselect|     tmp_2_fu_96    |    0    |    0    |
|          |    tmp_3_fu_171    |    0    |    0    |
|----------|--------------------|---------|---------|
|   trunc  |  trunc_ln90_fu_112 |    0    |    0    |
|          |  trunc_ln91_fu_159 |    0    |    0    |
|----------|--------------------|---------|---------|
|   sext   |  sext_ln90_fu_130  |    0    |    0    |
|----------|--------------------|---------|---------|
| bitselect|     tmp_fu_163     |    0    |    0    |
|----------|--------------------|---------|---------|
|   zext   |  zext_ln96_fu_215  |    0    |    0    |
|          | zext_ln96_1_fu_220 |    0    |    0    |
|----------|--------------------|---------|---------|
|   Total  |                    |    0    |   149   |
|----------|--------------------|---------|---------|

Memories:
N/A

* Register list:
+--------------------------+--------+
|                          |   FF   |
+--------------------------+--------+
|    icmp_ln90_1_reg_235   |    1   |
|     icmp_ln90_reg_230    |    1   |
|sigmoid_table_addr_reg_240|   10   |
|       tmp_2_reg_225      |   12   |
|    zext_ln96_1_reg_245   |   16   |
+--------------------------+--------+
|           Total          |   40   |
+--------------------------+--------+

* Multiplexer (MUX) list: 
|------------------|------|------|------|--------||---------||---------|
|       Comp       |  Pin | Size |  BW  | S x BW ||  Delay  ||   LUT   |
|------------------|------|------|------|--------||---------||---------|
|  grp_write_fu_68 |  p2  |   2  |  10  |   20   ||    9    |
| grp_access_fu_82 |  p0  |   2  |  10  |   20   ||    9    |
|------------------|------|------|------|--------||---------||---------|
|       Total      |      |      |      |   40   ||  0.854  ||    18   |
|------------------|------|------|------|--------||---------||---------|



* Summary:
+-----------+--------+--------+--------+
|           |  Delay |   FF   |   LUT  |
+-----------+--------+--------+--------+
|  Function |    -   |    0   |   149  |
|   Memory  |    -   |    -   |    -   |
|Multiplexer|    0   |    -   |   18   |
|  Register |    -   |   40   |    -   |
+-----------+--------+--------+--------+
|   Total   |    0   |   40   |   167  |
+-----------+--------+--------+--------+
